Log file open, 11/25/20 12:07:08
LogWindows: Failed to load 'aqProf.dll' (GetLastError=126)
LogWindows: File 'aqProf.dll' does not exist
LogWindows: Failed to load 'VSPerf140.dll' (GetLastError=126)
LogWindows: File 'VSPerf140.dll' does not exist
LogWindows: Failed to load 'VtuneApi.dll' (GetLastError=126)
LogWindows: File 'VtuneApi.dll' does not exist
LogWindows: Failed to load 'VtuneApi32e.dll' (GetLastError=126)
LogWindows: File 'VtuneApi32e.dll' does not exist
LogInit: Display: Running engine for game: MazeGame_WG
LogPlatformFile: Not using cached read wrapper
LogTaskGraph: Started task graph with 5 named threads and 35 total threads with 3 sets of task threads.
LogStats: Stats thread started at 0.428423
LogD3D11RHI: Loaded GFSDK_Aftermath_Lib.x64.dll
LogICUInternationalization: Display: ICU TimeZone Detection - Raw Offset: +1:00, Platform Override: ''
LogPluginManager: Mounting plugin Paper2D
LogPluginManager: Mounting plugin AISupport
LogPluginManager: Mounting plugin LightPropagationVolume
LogPluginManager: Mounting plugin CLionSourceCodeAccess
LogPluginManager: Mounting plugin CodeLiteSourceCodeAccess
LogPluginManager: Mounting plugin GitSourceControl
LogPluginManager: Mounting plugin KDevelopSourceCodeAccess
LogPluginManager: Mounting plugin NullSourceCodeAccess
LogPluginManager: Mounting plugin PerforceSourceControl
LogPluginManager: Mounting plugin SubversionSourceControl
LogPluginManager: Mounting plugin UObjectPlugin
LogPluginManager: Mounting plugin VisualStudioCodeSourceCodeAccess
LogPluginManager: Mounting plugin VisualStudioSourceCodeAccess
LogPluginManager: Mounting plugin XCodeSourceCodeAccess
LogPluginManager: Mounting plugin AssetManagerEditor
LogPluginManager: Mounting plugin CryptoKeys
LogPluginManager: Mounting plugin DataValidation
LogPluginManager: Mounting plugin FacialAnimation
LogPluginManager: Mounting plugin GameplayTagsEditor
LogPluginManager: Mounting plugin MacGraphicsSwitching
LogPluginManager: Mounting plugin MeshEditor
LogPluginManager: Mounting plugin MobileLauncherProfileWizard
LogPluginManager: Mounting plugin PluginBrowser
LogPluginManager: Mounting plugin SpeedTreeImporter
LogPluginManager: Mounting plugin DatasmithContent
LogPluginManager: Mounting plugin AlembicImporter
LogPluginManager: Mounting plugin AppleImageUtils
LogPluginManager: Mounting plugin AppleVision
LogPluginManager: Mounting plugin BackChannel
LogPluginManager: Mounting plugin CharacterAI
LogPluginManager: Mounting plugin GeometryCache
LogPluginManager: Mounting plugin HTML5Networking
LogPluginManager: Mounting plugin ProxyLODPlugin
LogPluginManager: Mounting plugin MagicLeap
LogPluginManager: Mounting plugin MagicLeapEmulator
LogPluginManager: Mounting plugin MagicLeapMedia
LogPluginManager: Mounting plugin AndroidMedia
LogPluginManager: Mounting plugin AvfMedia
LogPluginManager: Mounting plugin ImgMedia
LogPluginManager: Mounting plugin LinearTimecode
LogPluginManager: Mounting plugin MediaCompositing
LogPluginManager: Mounting plugin MediaPlayerEditor
LogPluginManager: Mounting plugin WmfMedia
LogPluginManager: Mounting plugin TcpMessaging
LogPluginManager: Mounting plugin UdpMessaging
LogPluginManager: Mounting plugin ActorSequence
LogPluginManager: Mounting plugin LevelSequenceEditor
LogPluginManager: Mounting plugin MatineeToLevelSequence
LogPluginManager: Mounting plugin NetcodeUnitTest
LogPluginManager: Mounting plugin NUTUnrealEngine4
LogPluginManager: Mounting plugin OnlineSubsystemGooglePlay
LogPluginManager: Mounting plugin OnlineSubsystemIOS
LogPluginManager: Mounting plugin OnlineSubsystem
LogPluginManager: Mounting plugin OnlineSubsystemNull
LogPluginManager: Mounting plugin OnlineSubsystemUtils
LogPluginManager: Mounting plugin LauncherChunkInstaller
LogPluginManager: Mounting plugin AndroidDeviceProfileSelector
LogPluginManager: Mounting plugin AndroidMoviePlayer
LogPluginManager: Mounting plugin AndroidPermission
LogPluginManager: Mounting plugin AppleMoviePlayer
LogPluginManager: Mounting plugin ArchVisCharacter
LogPluginManager: Mounting plugin AudioCapture
LogPluginManager: Mounting plugin CableComponent
LogPluginManager: Mounting plugin CustomMeshComponent
LogPluginManager: Mounting plugin EditableMesh
LogPluginManager: Mounting plugin ExampleDeviceProfileSelector
LogPluginManager: Mounting plugin GoogleCloudMessaging
LogPluginManager: Mounting plugin ImmediatePhysics
LogPluginManager: Mounting plugin IOSDeviceProfileSelector
LogPluginManager: Mounting plugin LinuxDeviceProfileSelector
LogPluginManager: Mounting plugin LocationServicesBPLibrary
LogPluginManager: Mounting plugin MobilePatchingUtils
LogPluginManager: Mounting plugin OculusVR
LogPluginManager: Plugin shader directory ../../../Engine/Plugins/Runtime/Oculus/OculusVR/Shaders found
LogPluginManager: Mapping shader source directory ../../../Engine/Plugins/Runtime/Oculus/OculusVR/Shaders to virtual directory /Plugin/OculusVR
LogPluginManager: Mounting plugin PhysXVehicles
LogPluginManager: Mounting plugin ProceduralMeshComponent
LogPluginManager: Mounting plugin RuntimePhysXCooking
LogPluginManager: Mounting plugin SteamVR
LogPluginManager: Mounting plugin WindowsMoviePlayer
LogStreaming: Display: Took  0.156s to configure plugins.
LogInit: Using libcurl 7.55.1-DEV
LogInit:  - built for x86_64-pc-win32
LogInit:  - supports SSL with OpenSSL/1.0.2h
LogInit:  - supports HTTP deflate (compression) using libz 1.2.8
LogInit:  - other features:
LogInit:      CURL_VERSION_SSL
LogInit:      CURL_VERSION_LIBZ
LogInit:      CURL_VERSION_IPV6
LogInit:      CURL_VERSION_ASYNCHDNS
LogInit:      CURL_VERSION_LARGEFILE
LogInit:      CURL_VERSION_IDN
LogInit:  CurlRequestOptions (configurable via config and command line):
LogInit:  - bVerifyPeer = false  - Libcurl will NOT verify peer certificate
LogInit:  - bUseHttpProxy = false  - Libcurl will NOT use HTTP proxy
LogInit:  - bDontReuseConnections = false  - Libcurl will reuse connections
LogInit:  - CertBundlePath = nullptr  - Libcurl will use whatever was configured at build time.
LogInit:  - MaxHostConnections = 16  - Libcurl will limit the number of connections to a host
LogInit:  - LocalHostAddr = Default
LogInit:  - BufferSize = 65536
LogInit: WinSock: version 1.1 (2.2), MaxSocks=32767, MaxUdp=65467
LogInit: Build: ++UE4+Release-4.20-CL-4369336
LogInit: Engine Version: 4.20.3-4369336+++UE4+Release-4.20
LogInit: Compatible Engine Version: 4.20.0-4212847+++UE4+Release-4.20
LogInit: Net CL: 4212847
LogInit: OS: Windows 10 (), CPU: Intel(R) Core(TM) i7-9750H CPU @ 2.60GHz, GPU: Intel(R) UHD Graphics 630
LogInit: Compiled (64-bit): Sep 17 2018 12:26:19
LogInit: Compiled with Visual C++: 19.13.26129.00
LogInit: Build Configuration: Development
LogInit: Branch Name: ++UE4+Release-4.20
LogInit: Command Line: -EpicPortal  -epicusername="LottieChar" -epicuserid=323b72e8b67847799dafc345eb1072de -epiclocale=pl
LogInit: Base Directory: P:/Unreal/UE_4.20/Engine/Binaries/Win64/
LogInit: Installed Engine Build: 1
LogDevObjectVersion: Number of dev versions registered: 20
LogDevObjectVersion:   Dev-Blueprints (B0D832E4-1F89-4F0D-ACCF-7EB736FD4AA2): 10
LogDevObjectVersion:   Dev-Build (E1C64328-A22C-4D53-A36C-8E866417BD8C): 0
LogDevObjectVersion:   Dev-Core (375EC13C-06E4-48FB-B500-84F0262A717E): 2
LogDevObjectVersion:   Dev-Editor (E4B068ED-F494-42E9-A231-DA0B2E46BB41): 24
LogDevObjectVersion:   Dev-Framework (CFFC743F-43B0-4480-9391-14DF171D2073): 34
LogDevObjectVersion:   Dev-Mobile (B02B49B5-BB20-44E9-A304-32B752E40360): 2
LogDevObjectVersion:   Dev-Networking (A4E4105C-59A1-49B5-A7C5-40C4547EDFEE): 0
LogDevObjectVersion:   Dev-Online (39C831C9-5AE6-47DC-9A44-9C173E1C8E7C): 0
LogDevObjectVersion:   Dev-Physics (78F01B33-EBEA-4F98-B9B4-84EACCB95AA2): 0
LogDevObjectVersion:   Dev-Platform (6631380F-2D4D-43E0-8009-CF276956A95A): 0
LogDevObjectVersion:   Dev-Rendering (12F88B9F-8875-4AFC-A67C-D90C383ABD29): 26
LogDevObjectVersion:   Dev-Sequencer (7B5AE74C-D270-4C10-A958-57980B212A5A): 9
LogDevObjectVersion:   Dev-VR (D7296918-1DD6-4BDD-9DE2-64A83CC13884): 2
LogDevObjectVersion:   Dev-LoadTimes (C2A15278-BFE7-4AFE-6C17-90FF531DF755): 1
LogDevObjectVersion:   Private-Geometry (6EACA3D4-40EC-4CC1-B786-8BED09428FC5): 3
LogDevObjectVersion:   Dev-AnimPhys (29E575DD-E0A3-4627-9D10-D276232CDCEA): 17
LogDevObjectVersion:   Dev-ReflectionCapture (6B266CEC-1EC7-4B8F-A30B-E4D90942FC07): 1
LogDevObjectVersion:   Dev-Automation (0DF73D61-A23F-47EA-B727-89E90C41499A): 1
LogDevObjectVersion:   FortniteMain (601D1886-AC64-4F84-AA16-D3DE0DEAC7D6): 12
LogDevObjectVersion:   Dev-Enterprise (9DFFBCD6-494F-0158-E221-12823C92A888): 1
LogStreaming: Display: Took  0.000s to delete old logs.
LogInit: Presizing for max 8388607 objects, including 0 objects not considered by GC, pre-allocating 0 bytes for permanent pool.
LogInit: Object subsystem initialized
[2020.11.25-11.07.09:084][  0]LogInit: Selected Device Profile: [Windows]
[2020.11.25-11.07.09:084][  0]LogInit: Applying CVar settings loaded from the selected device profile: [Windows]
[2020.11.25-11.07.09:096][  0]LogHAL: Display: Platform has ~ 16 GB [17023324160 / 17179869184 / 16], which maps to Larger [LargestMinGB=32, LargerMinGB=12, DefaultMinGB=8, SmallerMinGB=6, SmallestMinGB=0)
[2020.11.25-11.07.09:096][  0]LogInit: Setting Device Profile CVar: [[r.Vulkan.UseRealUBs:1]]
[2020.11.25-11.07.09:096][  0]LogInit: Going up to parent DeviceProfile []
[2020.11.25-11.07.09:096][  0]LogInit: Computer: LAPTOP-G3O3VCMT
[2020.11.25-11.07.09:096][  0]LogInit: User: Lotka
[2020.11.25-11.07.09:096][  0]LogInit: CPU Page size=4096, Cores=6
[2020.11.25-11.07.09:096][  0]LogInit: High frequency timer resolution =10.000000 MHz
[2020.11.25-11.07.09:097][  0]LogMemory: Memory total: Physical=15.9GB (16GB approx)
[2020.11.25-11.07.09:097][  0]LogMemory: Platform Memory Stats for Windows
[2020.11.25-11.07.09:097][  0]LogMemory: Process Physical Memory: 101.88 MB used, 101.88 MB peak
[2020.11.25-11.07.09:097][  0]LogMemory: Process Virtual Memory: 85.94 MB used, 85.94 MB peak
[2020.11.25-11.07.09:097][  0]LogMemory: Physical Memory: 9549.13 MB used,  6685.58 MB free, 16234.71 MB total
[2020.11.25-11.07.09:097][  0]LogMemory: Virtual Memory: 4626.50 MB used,  6685.58 MB free, 134217728.00 MB total
[2020.11.25-11.07.09:188][  0]LogInit: Using OS detected language (pl-PL).
[2020.11.25-11.07.09:188][  0]LogInit: Using OS detected locale (pl-PL).
[2020.11.25-11.07.09:189][  0]LogTextLocalizationManager: No specific localization for 'pl-PL' exists, so the 'pl' localization will be used.
[2020.11.25-11.07.09:193][  0]LogStreaming: Display: Took  0.006s to InitEngineTextLocalization.
[2020.11.25-11.07.09:193][  0]LogInit: Setting process to per monitor DPI aware
[2020.11.25-11.07.09:250][  0]LogSlate: New Slate User Created.  User Index 0, Is Virtual User: 0
[2020.11.25-11.07.09:250][  0]LogSlate: Slate User Registered.  User Index 0, Is Virtual User: 0
[2020.11.25-11.07.09:623][  0]LogHMD: Failed to initialize OpenVR with code 110
[2020.11.25-11.07.09:624][  0]LogD3D11RHI: D3D11 adapters:
[2020.11.25-11.07.09:737][  0]LogD3D11RHI:    0. 'NVIDIA GeForce RTX 2070' (Feature Level 11_0)
[2020.11.25-11.07.09:737][  0]LogD3D11RHI:       8031/0/8117 MB DedicatedVideo/DedicatedSystem/SharedSystem, Outputs:2, VendorId:0x10de
[2020.11.25-11.07.09:766][  0]LogD3D11RHI:    1. 'Intel(R) UHD Graphics 630' (Feature Level 11_0)
[2020.11.25-11.07.09:766][  0]LogD3D11RHI:       128/0/8117 MB DedicatedVideo/DedicatedSystem/SharedSystem, Outputs:0, VendorId:0x8086
[2020.11.25-11.07.09:770][  0]LogD3D11RHI:    2. 'Microsoft Basic Render Driver' (Feature Level 11_0)
[2020.11.25-11.07.09:770][  0]LogD3D11RHI:       0/0/8117 MB DedicatedVideo/DedicatedSystem/SharedSystem, Outputs:0, VendorId:0x1414
[2020.11.25-11.07.09:770][  0]LogD3D11RHI: Chosen D3D11 Adapter: 0
[2020.11.25-11.07.09:799][  0]LogD3D11RHI: Creating new Direct3DDevice
[2020.11.25-11.07.09:799][  0]LogD3D11RHI:     GPU DeviceId: 0x1f10 (for the marketing name, search the web for "GPU Device Id")
[2020.11.25-11.07.09:799][  0]LogWindows: EnumDisplayDevices:
[2020.11.25-11.07.09:799][  0]LogWindows:    0. 'Intel(R) UHD Graphics 630' (P:1 D:1)
[2020.11.25-11.07.09:800][  0]LogWindows:    1. 'Intel(R) UHD Graphics 630' (P:0 D:0)
[2020.11.25-11.07.09:800][  0]LogWindows:    2. 'Intel(R) UHD Graphics 630' (P:0 D:0)
[2020.11.25-11.07.09:801][  0]LogWindows:    3. 'NVIDIA GeForce RTX 2070' (P:0 D:1)
[2020.11.25-11.07.09:801][  0]LogWindows:    4. 'NVIDIA GeForce RTX 2070' (P:0 D:0)
[2020.11.25-11.07.09:802][  0]LogWindows:    5. 'NVIDIA GeForce RTX 2070' (P:0 D:0)
[2020.11.25-11.07.09:802][  0]LogWindows:    6. 'NVIDIA GeForce RTX 2070' (P:0 D:0)
[2020.11.25-11.07.09:802][  0]LogWindows: DebugString: PrimaryIsNotTheChoosenAdapter PrimaryIsNotTheChoosenAdapter PrimaryIsNotTheChoosenAdapter FoundDriverCount:4 
[2020.11.25-11.07.09:802][  0]LogD3D11RHI:     Adapter Name: NVIDIA GeForce RTX 2070
[2020.11.25-11.07.09:802][  0]LogD3D11RHI:   Driver Version: 441.12 (internal:26.21.14.4112, unified:441.12)
[2020.11.25-11.07.09:802][  0]LogD3D11RHI:      Driver Date: 10-24-2019
[2020.11.25-11.07.09:802][  0]LogRHI: Texture pool is 5621 MB (70% of 8031 MB)
[2020.11.25-11.07.09:880][  0]LogD3D11RHI: Async texture creation enabled
[2020.11.25-11.07.09:898][  0]LogD3D11RHI: GPU Timing Frequency: 1000.000000 (Debug: 2 2)
[2020.11.25-11.07.09:904][  0]LogD3D11RHI: HDR output is supported on display 1 (NvId: 0x80061081).
[2020.11.25-11.07.09:905][  0]LogShaderCompilers: Guid format shader working directory is -7 characters bigger than the processId version (../../../../Projekty/MazeGame/MazeGame_WiktoriaGawlik/Intermediate/Shaders/WorkingDirectory/6756/).
[2020.11.25-11.07.09:905][  0]LogShaderCompilers: Cleaned the shader compiler working directory 'C:/Users/Lotka/AppData/Local/Temp/UnrealShaderWorkingDir/A7B9CAB54ED34F617EA1678801F2F23F/'.
[2020.11.25-11.07.10:312][  0]LogTemp: Display: Loaded TP AllDesktopTargetPlatform
[2020.11.25-11.07.10:330][  0]LogTemp: Display: Loaded TP MacClientTargetPlatform
[2020.11.25-11.07.10:347][  0]LogTemp: Display: Loaded TP MacNoEditorTargetPlatform
[2020.11.25-11.07.10:365][  0]LogTemp: Display: Loaded TP MacServerTargetPlatform
[2020.11.25-11.07.10:383][  0]LogTemp: Display: Loaded TP MacTargetPlatform
[2020.11.25-11.07.10:400][  0]LogTemp: Display: Loaded TP WindowsClientTargetPlatform
[2020.11.25-11.07.10:417][  0]LogTemp: Display: Loaded TP WindowsNoEditorTargetPlatform
[2020.11.25-11.07.10:435][  0]LogTemp: Display: Loaded TP WindowsServerTargetPlatform
[2020.11.25-11.07.10:443][  0]LogTemp: Display: Loaded TP WindowsTargetPlatform
[2020.11.25-11.07.10:550][  0]LogTemp: Display: Loaded TP AndroidTargetPlatform
[2020.11.25-11.07.10:550][  0]LogTemp: Display: Loaded TP AndroidTargetPlatform
[2020.11.25-11.07.10:550][  0]LogTemp: Display: Loaded TP AndroidTargetPlatform
[2020.11.25-11.07.10:550][  0]LogTemp: Display: Loaded TP AndroidTargetPlatform
[2020.11.25-11.07.10:550][  0]LogTemp: Display: Loaded TP AndroidTargetPlatform
[2020.11.25-11.07.10:550][  0]LogTemp: Display: Loaded TP AndroidTargetPlatform
[2020.11.25-11.07.10:550][  0]LogTemp: Display: Loaded TP AndroidTargetPlatform
[2020.11.25-11.07.10:550][  0]LogTemp: Display: Loaded TP AndroidTargetPlatform
[2020.11.25-11.07.10:550][  0]LogTemp: Display: Loaded TP AndroidTargetPlatform
[2020.11.25-11.07.10:551][  0]LogTemp: Display: Loaded TP AndroidTargetPlatform
[2020.11.25-11.07.10:551][  0]LogTemp: Display: Loaded TP AndroidTargetPlatform
[2020.11.25-11.07.10:551][  0]LogTemp: Display: Loaded TP AndroidTargetPlatform
[2020.11.25-11.07.10:551][  0]LogTemp: Display: Loaded TP AndroidTargetPlatform
[2020.11.25-11.07.10:551][  0]LogTemp: Display: Loaded TP AndroidTargetPlatform
[2020.11.25-11.07.10:551][  0]LogTemp: Display: Loaded TP AndroidTargetPlatform
[2020.11.25-11.07.10:551][  0]LogTemp: Display: Loaded TP AndroidTargetPlatform
[2020.11.25-11.07.10:551][  0]LogTemp: Display: Loaded TP AndroidTargetPlatform
[2020.11.25-11.07.10:551][  0]LogTemp: Display: Loaded TP AndroidTargetPlatform
[2020.11.25-11.07.10:553][  0]LogTemp: Display: Loaded TP HTML5TargetPlatform
[2020.11.25-11.07.10:621][  0]LogTemp: Display: Loaded TP IOSTargetPlatform
[2020.11.25-11.07.10:621][  0]LogTemp: Display: Loaded TP IOSTargetPlatform
[2020.11.25-11.07.10:653][  0]LogTemp: Display: Loaded TP TVOSTargetPlatform
[2020.11.25-11.07.10:654][  0]LogTemp: Display: Loaded TP TVOSTargetPlatform
[2020.11.25-11.07.10:670][  0]LogTemp: Display: Loaded TP LinuxClientTargetPlatform
[2020.11.25-11.07.10:687][  0]LogTemp: Display: Loaded TP LinuxNoEditorTargetPlatform
[2020.11.25-11.07.10:704][  0]LogTemp: Display: Loaded TP LinuxServerTargetPlatform
[2020.11.25-11.07.10:721][  0]LogTemp: Display: Loaded TP LinuxTargetPlatform
[2020.11.25-11.07.10:733][  0]LogTemp: Display: Loaded TP LuminTargetPlatform
[2020.11.25-11.07.10:733][  0]LogTargetPlatformManager: Display: Building Assets For Windows
[2020.11.25-11.07.10:797][  0]LogXGEController: Cannot use XGE Controller as Incredibuild is not installed on this machine.
[2020.11.25-11.07.10:798][  0]LogShaderCompilers: Cannot use XGE Shader Compiler as Incredibuild is not installed on this machine.
[2020.11.25-11.07.10:798][  0]LogShaderCompilers: Display: Using Local Shader Compiler.
[2020.11.25-11.07.11:856][  0]LogDerivedDataCache: Display: Max Cache Size: 512 MB
[2020.11.25-11.07.11:928][  0]LogDerivedDataCache: Loaded boot cache 0.07s 71MB C:/Users/Lotka/AppData/Local/UnrealEngine/4.20/DerivedDataCache/Boot.ddc.
[2020.11.25-11.07.11:928][  0]LogDerivedDataCache: Display: Loaded Boot cache: C:/Users/Lotka/AppData/Local/UnrealEngine/4.20/DerivedDataCache/Boot.ddc
[2020.11.25-11.07.11:928][  0]LogDerivedDataCache: FDerivedDataBackendGraph:  Pak pak cache file ../../../../Projekty/MazeGame/MazeGame_WiktoriaGawlik/DerivedDataCache/DDC.ddp not found, will not use a pak cache.
[2020.11.25-11.07.11:928][  0]LogDerivedDataCache: Unable to find inner node Pak for hierarchical cache Hierarchy.
[2020.11.25-11.07.11:929][  0]LogDerivedDataCache: FDerivedDataBackendGraph:  CompressedPak pak cache file ../../../../Projekty/MazeGame/MazeGame_WiktoriaGawlik/DerivedDataCache/Compressed.ddp not found, will not use a pak cache.
[2020.11.25-11.07.11:929][  0]LogDerivedDataCache: Unable to find inner node CompressedPak for hierarchical cache Hierarchy.
[2020.11.25-11.07.11:950][  0]LogDerivedDataCache: Display: Pak cache opened for reading ../../../Engine/DerivedDataCache/Compressed.ddp.
[2020.11.25-11.07.11:963][  0]LogDerivedDataCache: Using Local data cache path C:/Users/Lotka/AppData/Local/UnrealEngine/Common/DerivedDataCache: Writable
[2020.11.25-11.07.11:963][  0]LogDerivedDataCache: Shared data cache path not found in *engine.ini, will not use an Shared cache.
[2020.11.25-11.07.11:963][  0]LogDerivedDataCache: Unable to find inner node Shared for hierarchical cache Hierarchy.
[2020.11.25-11.07.11:987][  0]LogMaterial: Verifying Global Shaders for PCD3D_SM5
[2020.11.25-11.07.11:989][  0]LogSlate: Using FreeType 2.6.0
[2020.11.25-11.07.11:990][  0]LogSlate: SlateFontServices - WITH_FREETYPE: 1, WITH_HARFBUZZ: 1
[2020.11.25-11.07.12:092][  0]LogAssetRegistry: FAssetRegistry took 0.0280 seconds to start up
[2020.11.25-11.07.12:504][  0]LogInit: Selected Device Profile: [Windows]
[2020.11.25-11.07.12:675][  0]LogSimplygon: Simplygon DLL not present - disabling.
[2020.11.25-11.07.12:678][  0]LogMeshReduction: Using SimplygonSwarm for distributed automatic mesh merging
[2020.11.25-11.07.12:678][  0]LogMeshReduction: Using ProxyLODMeshReduction for automatic mesh merging
[2020.11.25-11.07.12:678][  0]LogMeshReduction: Using QuadricMeshReduction for automatic static mesh reduction
[2020.11.25-11.07.12:678][  0]LogMeshReduction: No automatic skeletal mesh reduction module available
[2020.11.25-11.07.12:705][  0]LogNetVersion: MazeGame_WG 1.0.0, NetCL: 4212847, EngineNetVer: 5, GameNetVer: 0 (Checksum: 2275694692)
[2020.11.25-11.07.13:349][  0]LogPackageLocalizationCache: Processed 11 localized package path(s) for 2 prioritized culture(s) in 0.122733 seconds
[2020.11.25-11.07.13:356][  0]LogUObjectArray: 38425 objects as part of root set at end of initial load.
[2020.11.25-11.07.13:356][  0]LogUObjectAllocator: 6690872 out of 0 bytes used by permanent object pool.
[2020.11.25-11.07.13:356][  0]LogUObjectArray: CloseDisregardForGC: 0/0 objects in disregard for GC pool
[2020.11.25-11.07.14:573][  0]LogTcpMessaging: Initializing TcpMessaging bridge
[2020.11.25-11.07.14:587][  0]LogUdpMessaging: Initializing bridge on interface 0.0.0.0:0 to multicast group 230.0.0.1:6666.
[2020.11.25-11.07.14:760][  0]SourceControl: Source control is disabled
[2020.11.25-11.07.14:760][  0]SourceControl: Source control is disabled
[2020.11.25-11.07.14:762][  0]SourceControl: Source control is disabled
[2020.11.25-11.07.14:764][  0]SourceControl: Source control is disabled
[2020.11.25-11.07.14:959][  0]LogAndroidPermission: UAndroidPermissionCallbackProxy::GetInstance
[2020.11.25-11.07.15:881][  0]LogOcInput: OculusInput pre-init called
[2020.11.25-11.07.15:964][  0]LogEngine: Initializing Engine...
[2020.11.25-11.07.15:966][  0]LogHMD: Failed to initialize OpenVR with code 110
[2020.11.25-11.07.15:968][  0]LogStats: UGameplayTagsManager::ConstructGameplayTagTree: ImportINI prefixes -  0.000 s
[2020.11.25-11.07.15:968][  0]LogStats: UGameplayTagsManager::ConstructGameplayTagTree: Construct from data asset -  0.000 s
[2020.11.25-11.07.15:968][  0]LogStats: UGameplayTagsManager::ConstructGameplayTagTree: ImportINI -  0.000 s
[2020.11.25-11.07.15:968][  0]LogStats: UGameplayTagsManager::ConstructGameplayTagTree: GameplayTagTreeChangedEvent.Broadcast -  0.000 s
[2020.11.25-11.07.16:265][  0]LogInit: Initializing FReadOnlyCVARCache
[2020.11.25-11.07.16:278][  0]LogAIModule: Creating AISystem for world Untitled
[2020.11.25-11.07.16:319][  0]LogInit: XAudio2 using 'Głośniki (2 — USB Audio Device)' : 2 channels at 48 kHz using 16 bits per sample (channel mask 0x3)
[2020.11.25-11.07.16:372][  0]LogInit: FAudioDevice initialized.
[2020.11.25-11.07.16:373][  0]LogNetVersion: Set ProjectVersion to 1.0.0.0. Version Checksum will be recalculated on next use.
[2020.11.25-11.07.16:441][  0]LogDerivedDataCache: Saved boot cache 0.07s 71MB C:/Users/Lotka/AppData/Local/UnrealEngine/4.20/DerivedDataCache/Boot.ddc.
[2020.11.25-11.07.16:449][  0]LogInit: Texture streaming: Enabled
[2020.11.25-11.07.16:470][  0]LogEngineSessionManager: EngineSessionManager initialized
[2020.11.25-11.07.16:487][  0]LogInit: Transaction tracking system initialized
[2020.11.25-11.07.16:508][  0]BlueprintLog: New page: Editor Load
[2020.11.25-11.07.16:585][  0]LocalizationService: Localization service is disabled
[2020.11.25-11.07.16:896][  0]LogCook: Display: Max memory allowance for cook 16384mb min free memory 0mb
[2020.11.25-11.07.16:896][  0]LogCook: Display: Mobile HDR setting 1
[2020.11.25-11.07.16:896][  0]LogGameplayTags: Display: UGameplayTagsManager::DoneAddingNativeTags. DelegateIsBound: 0
[2020.11.25-11.07.16:896][  0]LogStats: UGameplayTagsManager::ConstructGameplayTagTree: ImportINI prefixes -  0.000 s
[2020.11.25-11.07.16:896][  0]LogStats: UGameplayTagsManager::ConstructGameplayTagTree: Construct from data asset -  0.000 s
[2020.11.25-11.07.16:896][  0]LogStats: UGameplayTagsManager::ConstructGameplayTagTree: ImportINI -  0.000 s
[2020.11.25-11.07.16:897][  0]LogStats: UGameplayTagsManager::ConstructGameplayTagTree: GameplayTagTreeChangedEvent.Broadcast -  0.000 s
[2020.11.25-11.07.16:904][  0]LogFileCache: Scanning file cache for directory 'P:/Unreal/Projekty/MazeGame/MazeGame_WiktoriaGawlik/Content/' took 0.01s
[2020.11.25-11.07.17:034][  0]SourceControl: Source control is disabled
[2020.11.25-11.07.17:035][  0]Cmd: MAP LOAD FILE="../../../../Projekty/MazeGame/MazeGame_WiktoriaGawlik/Content/StarterContent/Maps/Minimal_Default.umap" TEMPLATE=0 SHOWPROGRESS=1 FEATURELEVEL=3
[2020.11.25-11.07.17:035][  0]LightingResults: New page: Lighting Build
[2020.11.25-11.07.17:037][  0]MapCheck: New page: Map Check
[2020.11.25-11.07.17:038][  0]LightingResults: New page: Lighting Build
[2020.11.25-11.07.17:502][  0]LogAIModule: Creating AISystem for world Minimal_Default
[2020.11.25-11.07.17:512][  0]LogEditorServer: Finished looking for orphan Actors (0.000 secs)
[2020.11.25-11.07.17:553][  0]Cmd: MAP CHECKDEP NOCLEARLOG
[2020.11.25-11.07.17:636][  0]MapCheck: Map check complete: 0 Error(s), 0 Warning(s), took 83,811ms to complete.
[2020.11.25-11.07.17:637][  0]LogFileHelpers: Loading map 'Minimal_Default' took 0.602
[2020.11.25-11.07.17:813][  0]LogSlate: Updating window title bar state: overlay mode, drag disabled, window buttons hidden, title bar hidden
[2020.11.25-11.07.17:824][  0]LogSlate: Updating window title bar state: overlay mode, drag disabled, window buttons hidden, title bar hidden
[2020.11.25-11.07.17:835][  0]LogSlate: Updating window title bar state: overlay mode, drag disabled, window buttons hidden, title bar hidden
[2020.11.25-11.07.17:845][  0]LogSlate: Updating window title bar state: overlay mode, drag disabled, window buttons hidden, title bar hidden
[2020.11.25-11.07.17:852][  0]LogCollectionManager: Loaded 0 collections in 0.001222 seconds
[2020.11.25-11.07.17:897][  0]LogFileCache: Scanning file cache for directory 'P:/Unreal/Projekty/MazeGame/MazeGame_WiktoriaGawlik/Saved/Collections/' took 0.01s
[2020.11.25-11.07.17:897][  0]LogFileCache: Scanning file cache for directory 'P:/Unreal/Projekty/MazeGame/MazeGame_WiktoriaGawlik/Content/Developers/Lotka/Collections/' took 0.01s
[2020.11.25-11.07.17:897][  0]LogFileCache: Scanning file cache for directory 'P:/Unreal/Projekty/MazeGame/MazeGame_WiktoriaGawlik/Content/Collections/' took 0.01s
[2020.11.25-11.07.17:897][  0]LogCollectionManager: Rebuilt the GUID cache for 0 collections in 0.000000 seconds
[2020.11.25-11.07.17:910][  0]LogContentBrowser: Native class hierarchy populated in 0.0122 seconds. Added 2572 classes and 603 folders.
[2020.11.25-11.07.17:915][  0]LogContentBrowser: Native class hierarchy updated for 'WidgetCarousel' in 0.0003 seconds. Added 0 classes and 0 folders.
[2020.11.25-11.07.17:983][  0]LogContentBrowser: Native class hierarchy updated for 'AddContentDialog' in 0.0003 seconds. Added 0 classes and 0 folders.
[2020.11.25-11.07.17:988][  0]LogContentBrowser: Native class hierarchy updated for 'SceneOutliner' in 0.0003 seconds. Added 1 classes and 2 folders.
[2020.11.25-11.07.18:076][  0]LogSlate: Took 0.000506 seconds to synchronously load lazily loaded font '../../../Engine/Content/Slate/Fonts/Roboto-Regular.ttf' (155K)
[2020.11.25-11.07.18:079][  0]LogSlate: Took 0.000366 seconds to synchronously load lazily loaded font '../../../Engine/Content/Slate/Fonts/Roboto-Bold.ttf' (160K)
[2020.11.25-11.07.18:087][  0]LogSlate: Took 0.000364 seconds to synchronously load lazily loaded font '../../../Engine/Content/Editor/Slate/Fonts/FontAwesome.ttf' (139K)
[2020.11.25-11.07.18:217][  0]LogRenderer: Reallocating scene render targets to support 1140x648 Format 10 NumSamples 1 (Frame:1).
[2020.11.25-11.07.18:428][  0]LogContentBrowser: Native class hierarchy updated for 'HierarchicalLODOutliner' in 0.0004 seconds. Added 0 classes and 0 folders.
[2020.11.25-11.07.18:428][  0]LogLoad: (Engine Initialization) Total time: 11.51 seconds
[2020.11.25-11.07.18:428][  0]LogLoad: (Engine Initialization) Total Blueprint compile time: 0.00 seconds
[2020.11.25-11.07.18:470][  0]LogContentStreaming: Texture pool size now 1000 MB
[2020.11.25-11.07.18:494][  0]LogSlate: Took 0.000304 seconds to synchronously load lazily loaded font '../../../Engine/Content/Slate/Fonts/Roboto-Light.ttf' (167K)
[2020.11.25-11.07.18:521][  1]LogAssetRegistry: Asset discovery search completed in 6.4523 seconds
[2020.11.25-11.07.18:523][  1]LogCollectionManager: Rebuilt the object cache for 0 collections in 0.000000 seconds (found 0 objects)
[2020.11.25-11.07.18:523][  1]LogCollectionManager: Fixed up redirectors for 0 collections in 0.000089 seconds (updated 0 objects)
[2020.11.25-11.07.21:598][175]LogSlate: FSceneViewport::OnFocusLost() reason 0
[2020.11.25-11.07.25:121][385]LogSlate: Took 0.000439 seconds to synchronously load lazily loaded font '../../../Engine/Content/Slate/Fonts/Roboto-Light.ttf' (167K)
[2020.11.25-11.07.25:244][385]LogAIModule: Creating AISystem for world Level1
[2020.11.25-11.07.25:252][385]LogAssetEditorManager: Opening Asset editor for World /Game/StarterContent/Maps/Level1.Level1
[2020.11.25-11.07.25:289][385]Cmd: MAP LOAD FILE="../../../../Projekty/MazeGame/MazeGame_WiktoriaGawlik/Content/StarterContent/Maps/Level1.umap" TEMPLATE=0 SHOWPROGRESS=1 FEATURELEVEL=3
[2020.11.25-11.07.25:289][385]LightingResults: New page: Lighting Build
[2020.11.25-11.07.25:290][385]LoadErrors: New page: Loading map: Level1.umap
[2020.11.25-11.07.25:291][385]MapCheck: New page: Map Check
[2020.11.25-11.07.25:291][385]LightingResults: New page: Lighting Build
[2020.11.25-11.07.25:411][385]LogEditorServer: Finished looking for orphan Actors (0.000 secs)
[2020.11.25-11.07.25:468][385]Cmd: MAP CHECKDEP NOCLEARLOG
[2020.11.25-11.07.25:555][385]MapCheck: Map check complete: 0 Error(s), 0 Warning(s), took 87,069ms to complete.
[2020.11.25-11.07.25:555][385]LogFileHelpers: Loading map 'Level1' took 0.268
[2020.11.25-11.07.32:910][823]LogEditorViewport: Clicking on Actor (LMB): PlayerStart (Player Start)
[2020.11.25-11.07.34:897][940]LogNavigationPoint: PostEditMove Clear paths rebuilt
[2020.11.25-11.07.38:019][126]LogNavigationPoint: PostEditMove Clear paths rebuilt
[2020.11.25-11.07.38:700][166]LogSlate: FSceneViewport::OnFocusLost() reason 0
[2020.11.25-11.07.38:799][172]LogTemp: Repeating last play command: Selected Viewport
[2020.11.25-11.07.38:812][172]LogBlueprintUserMessages: Early PlayInEditor Detection: Level '/Game/StarterContent/Maps/Level1.Level1:PersistentLevel' has LevelScriptBlueprint '/Game/StarterContent/Maps/Level1.Level1:PersistentLevel.Level1' with GeneratedClass '/Game/StarterContent/Maps/Level1.Level1_C' with ClassGeneratedBy '/Game/StarterContent/Maps/Level1.Level1:PersistentLevel.Level1'
[2020.11.25-11.07.38:812][172]LogPlayLevel: PlayLevel: No blueprints needed recompiling
[2020.11.25-11.07.38:824][172]PIE: New page: PIE session: Level1 (25 lis 2020, 13:07:38)
[2020.11.25-11.07.38:825][172]LogPlayLevel: Creating play world package: /Game/StarterContent/Maps/UEDPIE_0_Level1
[2020.11.25-11.07.38:830][172]LogPlayLevel: PIE: StaticDuplicateObject took: (0.005830s)
[2020.11.25-11.07.38:831][172]LogAIModule: Creating AISystem for world Level1
[2020.11.25-11.07.38:832][172]LogPlayLevel: PIE: World Init took: (0.001169s)
[2020.11.25-11.07.38:832][172]LogPlayLevel: PIE: Created PIE world by copying editor world from /Game/StarterContent/Maps/Level1.Level1 to /Game/StarterContent/Maps/UEDPIE_0_Level1.Level1 (0.007476s)
[2020.11.25-11.07.38:897][172]LogInit: XAudio2 using 'Głośniki (2 — USB Audio Device)' : 2 channels at 48 kHz using 16 bits per sample (channel mask 0x3)
[2020.11.25-11.07.38:915][172]LogInit: FAudioDevice initialized.
[2020.11.25-11.07.38:961][172]LogLoad: Game class is 'GameModeBase'
[2020.11.25-11.07.38:963][172]LogWorld: Bringing World /Game/StarterContent/Maps/UEDPIE_0_Level1.Level1 up for play (max tick rate 60) at 2020.11.25-12.07.38
[2020.11.25-11.07.38:964][172]LogWorld: Bringing up level for play took: 0.000884
[2020.11.25-11.07.38:980][172]LogContentBrowser: Native class hierarchy updated for 'MovieSceneCapture' in 0.0004 seconds. Added 10 classes and 0 folders.
[2020.11.25-11.07.38:981][172]PIE: Play in editor start time for /Game/StarterContent/Maps/UEDPIE_0_Level1 0,466
[2020.11.25-11.07.38:982][172]LogBlueprintUserMessages: Late PlayInEditor Detection: Level '/Game/StarterContent/Maps/Level1.Level1:PersistentLevel' has LevelScriptBlueprint '/Game/StarterContent/Maps/Level1.Level1:PersistentLevel.Level1' with GeneratedClass '/Game/StarterContent/Maps/Level1.Level1_C' with ClassGeneratedBy '/Game/StarterContent/Maps/Level1.Level1:PersistentLevel.Level1'
[2020.11.25-11.07.41:932][346]LogBlueprintUserMessages: [Level1_C_15] PRZÓD!
[2020.11.25-11.07.42:397][374]LogBlueprintUserMessages: [Level1_C_15] Lewo!
[2020.11.25-11.07.42:813][399]LogBlueprintUserMessages: [Level1_C_15] Prawo!
[2020.11.25-11.07.43:163][420]LogBlueprintUserMessages: [Level1_C_15] PRZÓD!
[2020.11.25-11.07.43:464][438]LogBlueprintUserMessages: [Level1_C_15] Prawo!
[2020.11.25-11.07.43:664][450]LogBlueprintUserMessages: [Level1_C_15] TYŁ
[2020.11.25-11.07.43:914][465]LogBlueprintUserMessages: [Level1_C_15] TYŁ
[2020.11.25-11.07.44:164][480]LogBlueprintUserMessages: [Level1_C_15] TYŁ
[2020.11.25-11.07.44:681][511]LogBlueprintUserMessages: [Level1_C_15] TYŁ
[2020.11.25-11.07.45:065][534]LogBlueprintUserMessages: [Level1_C_15] Lewo!
[2020.11.25-11.07.45:380][553]LogBlueprintUserMessages: [Level1_C_15] Lewo!
[2020.11.25-11.07.45:681][571]LogBlueprintUserMessages: [Level1_C_15] PRZÓD!
[2020.11.25-11.07.46:065][594]LogBlueprintUserMessages: [Level1_C_15] Lewo!
[2020.11.25-11.07.46:348][611]LogBlueprintUserMessages: [Level1_C_15] Lewo!
[2020.11.25-11.07.46:547][623]LogBlueprintUserMessages: [Level1_C_15] Prawo!
[2020.11.25-11.07.46:814][639]LogBlueprintUserMessages: [Level1_C_15] Prawo!
[2020.11.25-11.07.47:031][652]LogBlueprintUserMessages: [Level1_C_15] Prawo!
[2020.11.25-11.07.47:197][662]LogBlueprintUserMessages: [Level1_C_15] Prawo!
[2020.11.25-11.07.47:414][675]LogBlueprintUserMessages: [Level1_C_15] Prawo!
[2020.11.25-11.07.47:631][688]LogBlueprintUserMessages: [Level1_C_15] Prawo!
[2020.11.25-11.07.47:781][697]LogBlueprintUserMessages: [Level1_C_15] PRZÓD!
[2020.11.25-11.07.48:014][711]LogBlueprintUserMessages: [Level1_C_15] Lewo!
[2020.11.25-11.07.48:031][712]LogBlueprintUserMessages: [Level1_C_15] PRZÓD!
[2020.11.25-11.07.48:331][730]LogBlueprintUserMessages: [Level1_C_15] PRZÓD!
[2020.11.25-11.07.48:464][738]LogBlueprintUserMessages: [Level1_C_15] PRZÓD!
[2020.11.25-11.07.48:663][750]LogBlueprintUserMessages: [Level1_C_15] Lewo!
[2020.11.25-11.07.48:980][769]LogBlueprintUserMessages: [Level1_C_15] Lewo!
[2020.11.25-11.07.49:231][784]LogBlueprintUserMessages: [Level1_C_15] Lewo!
[2020.11.25-11.07.50:766][876]LogBlueprintUserMessages: [Level1_C_15] Lewo!
[2020.11.25-11.07.50:948][887]LogBlueprintUserMessages: [Level1_C_15] TYŁ
[2020.11.25-11.07.51:715][933]LogBlueprintUserMessages: Early EndPlayMap Detection: Level '/Game/StarterContent/Maps/Level1.Level1:PersistentLevel' has LevelScriptBlueprint '/Game/StarterContent/Maps/Level1.Level1:PersistentLevel.Level1' with GeneratedClass '/Game/StarterContent/Maps/Level1.Level1_C' with ClassGeneratedBy '/Game/StarterContent/Maps/Level1.Level1:PersistentLevel.Level1'
[2020.11.25-11.07.51:715][933]LogSlate: Updating window title bar state: overlay mode, drag disabled, window buttons hidden, title bar hidden
[2020.11.25-11.07.51:752][933]LogPlayLevel: Display: Shutting down PIE online subsystems
[2020.11.25-11.07.51:752][933]LogBlueprintUserMessages: Late EndPlayMap Detection: Level '/Game/StarterContent/Maps/Level1.Level1:PersistentLevel' has LevelScriptBlueprint '/Game/StarterContent/Maps/Level1.Level1:PersistentLevel.Level1' with GeneratedClass '/Game/StarterContent/Maps/Level1.Level1_C' with ClassGeneratedBy '/Game/StarterContent/Maps/Level1.Level1:PersistentLevel.Level1'
[2020.11.25-11.07.51:791][933]LogSlate: Updating window title bar state: overlay mode, drag disabled, window buttons hidden, title bar hidden
[2020.11.25-11.07.51:818][934]LogPlayLevel: Display: Destroying online subsystem :Context_2
[2020.11.25-11.07.54:514][ 94]LogSlate: FSceneViewport::OnFocusLost() reason 2
[2020.11.25-11.07.56:505][206]LogSlate: FSceneViewport::OnFocusLost() reason 2
[2020.11.25-11.07.56:516][206]LogAssetEditorManager: Opening Asset editor for LevelScriptBlueprint /Game/StarterContent/Maps/Level1.Level1:PersistentLevel.Level1
[2020.11.25-11.07.57:226][206]LogContentBrowser: Native class hierarchy updated for 'BlueprintGraph' in 0.0008 seconds. Added 116 classes and 0 folders.
[2020.11.25-11.07.58:190][206]LogSlate: Took 0.000277 seconds to synchronously load lazily loaded font '../../../Engine/Content/Slate/Fonts/Roboto-BoldCondensed.ttf' (158K)
[2020.11.25-11.07.58:324][207]LogSlate: Took 0.000310 seconds to synchronously load lazily loaded font '../../../Engine/Content/Slate/Fonts/Roboto-Italic.ttf' (157K)
[2020.11.25-11.11.00:112][183]BlueprintLog: New page: Compile Level1
[2020.11.25-11.11.03:126][341]LogSlate: FSceneViewport::OnFocusLost() reason 0
[2020.11.25-11.11.03:208][346]LogTemp: Repeating last play command: Selected Viewport
[2020.11.25-11.11.03:222][346]LogBlueprintUserMessages: Early PlayInEditor Detection: Level '/Game/StarterContent/Maps/Level1.Level1:PersistentLevel' has LevelScriptBlueprint '/Game/StarterContent/Maps/Level1.Level1:PersistentLevel.Level1' with GeneratedClass '/Game/StarterContent/Maps/Level1.Level1_C' with ClassGeneratedBy '/Game/StarterContent/Maps/Level1.Level1:PersistentLevel.Level1'
[2020.11.25-11.11.03:222][346]LogPlayLevel: PlayLevel: No blueprints needed recompiling
[2020.11.25-11.11.03:222][346]PIE: New page: PIE session: Level1 (25 lis 2020, 13:11:03)
[2020.11.25-11.11.03:222][346]LogPlayLevel: Creating play world package: /Game/StarterContent/Maps/UEDPIE_0_Level1
[2020.11.25-11.11.03:227][346]LogPlayLevel: PIE: StaticDuplicateObject took: (0.004900s)
[2020.11.25-11.11.03:228][346]LogAIModule: Creating AISystem for world Level1
[2020.11.25-11.11.03:228][346]LogPlayLevel: PIE: World Init took: (0.000915s)
[2020.11.25-11.11.03:228][346]LogPlayLevel: PIE: Created PIE world by copying editor world from /Game/StarterContent/Maps/Level1.Level1 to /Game/StarterContent/Maps/UEDPIE_0_Level1.Level1 (0.006072s)
[2020.11.25-11.11.03:298][346]LogInit: XAudio2 using 'Głośniki (2 — USB Audio Device)' : 2 channels at 48 kHz using 16 bits per sample (channel mask 0x3)
[2020.11.25-11.11.03:318][346]LogInit: FAudioDevice initialized.
[2020.11.25-11.11.03:354][346]LogLoad: Game class is 'GameModeBase'
[2020.11.25-11.11.03:356][346]LogWorld: Bringing World /Game/StarterContent/Maps/UEDPIE_0_Level1.Level1 up for play (max tick rate 60) at 2020.11.25-12.11.03
[2020.11.25-11.11.03:357][346]LogWorld: Bringing up level for play took: 0.000837
[2020.11.25-11.11.03:370][346]PIE: Play in editor start time for /Game/StarterContent/Maps/UEDPIE_0_Level1 0,854
[2020.11.25-11.11.03:371][346]LogBlueprintUserMessages: Late PlayInEditor Detection: Level '/Game/StarterContent/Maps/Level1.Level1:PersistentLevel' has LevelScriptBlueprint '/Game/StarterContent/Maps/Level1.Level1:PersistentLevel.Level1' with GeneratedClass '/Game/StarterContent/Maps/Level1.Level1_C' with ClassGeneratedBy '/Game/StarterContent/Maps/Level1.Level1:PersistentLevel.Level1'
[2020.11.25-11.11.19:274][298]LogBlueprintUserMessages: Early EndPlayMap Detection: Level '/Game/StarterContent/Maps/Level1.Level1:PersistentLevel' has LevelScriptBlueprint '/Game/StarterContent/Maps/Level1.Level1:PersistentLevel.Level1' with GeneratedClass '/Game/StarterContent/Maps/Level1.Level1_C' with ClassGeneratedBy '/Game/StarterContent/Maps/Level1.Level1:PersistentLevel.Level1'
[2020.11.25-11.11.19:274][298]LogSlate: Updating window title bar state: overlay mode, drag disabled, window buttons hidden, title bar hidden
[2020.11.25-11.11.19:322][298]LogPlayLevel: Display: Shutting down PIE online subsystems
[2020.11.25-11.11.19:322][298]LogBlueprintUserMessages: Late EndPlayMap Detection: Level '/Game/StarterContent/Maps/Level1.Level1:PersistentLevel' has LevelScriptBlueprint '/Game/StarterContent/Maps/Level1.Level1:PersistentLevel.Level1' with GeneratedClass '/Game/StarterContent/Maps/Level1.Level1_C' with ClassGeneratedBy '/Game/StarterContent/Maps/Level1.Level1:PersistentLevel.Level1'
[2020.11.25-11.11.19:365][298]LogSlate: Updating window title bar state: overlay mode, drag disabled, window buttons hidden, title bar hidden
[2020.11.25-11.11.19:395][299]LogPlayLevel: Display: Destroying online subsystem :Context_4
[2020.11.25-11.11.21:191][406]LogSlate: FSceneViewport::OnFocusLost() reason 0
[2020.11.25-11.11.21:582][411]LogSavePackage: Moving '../../../../Projekty/MazeGame/MazeGame_WiktoriaGawlik/Saved/Level1D884FDF24DE9C1A38BBC31819A2F55F6.tmp' to '../../../../Projekty/MazeGame/MazeGame_WiktoriaGawlik/Content/StarterContent/Maps/Level1.umap'
[2020.11.25-11.11.21:608][411]Cmd: OBJ SAVEPACKAGE PACKAGE="/Game/StarterContent/Maps/Level1_BuiltData" FILE="../../../../Projekty/MazeGame/MazeGame_WiktoriaGawlik/Content/StarterContent/Maps/Level1_BuiltData.uasset" SILENT=true
[2020.11.25-11.11.21:682][411]LogSavePackage: Moving '../../../../Projekty/MazeGame/MazeGame_WiktoriaGawlik/Saved/Level1_BuiltData1FD0570F46BE030AD981A2A68BE432B8.tmp' to '../../../../Projekty/MazeGame/MazeGame_WiktoriaGawlik/Content/StarterContent/Maps/Level1_BuiltData.uasset'
[2020.11.25-11.11.37:901][563]LogSlate: FSceneViewport::OnFocusLost() reason 0
[2020.11.25-11.12.23:111][965]BlueprintLog: New page: Compile Level1
[2020.11.25-11.12.37:350][200]BlueprintLog: New page: Compile Level1
[2020.11.25-11.12.38:975][257]LogSavePackage: Moving '../../../../Projekty/MazeGame/MazeGame_WiktoriaGawlik/Saved/Level15313FE7943781305E7172BAD2BBFFE2E.tmp' to '../../../../Projekty/MazeGame/MazeGame_WiktoriaGawlik/Content/StarterContent/Maps/Level1.umap'
[2020.11.25-11.12.38:997][257]LogFileHelpers: Saving map 'Level1' took 0.374
[2020.11.25-11.13.07:537][653]LogSlate: Window 'Level1 - Level Blueprint Editor' being destroyed
[2020.11.25-11.13.07:549][653]LogSlate: Window 'Level1 - Level Blueprint Editor' being destroyed
[2020.11.25-11.13.08:677][700]LogSavePackage: Moving '../../../../Projekty/MazeGame/MazeGame_WiktoriaGawlik/Saved/Level1F71240574100164B6158869FCB5D69A3.tmp' to '../../../../Projekty/MazeGame/MazeGame_WiktoriaGawlik/Content/StarterContent/Maps/Level1.umap'
[2020.11.25-11.13.08:701][700]Cmd: OBJ SAVEPACKAGE PACKAGE="/Game/StarterContent/Maps/Level1_BuiltData" FILE="../../../../Projekty/MazeGame/MazeGame_WiktoriaGawlik/Content/StarterContent/Maps/Level1_BuiltData.uasset" SILENT=true
[2020.11.25-11.13.08:747][700]LogSavePackage: Moving '../../../../Projekty/MazeGame/MazeGame_WiktoriaGawlik/Saved/Level1_BuiltDataDDA62BD347A524D27DF626863C4BADE0.tmp' to '../../../../Projekty/MazeGame/MazeGame_WiktoriaGawlik/Content/StarterContent/Maps/Level1_BuiltData.uasset'
[2020.11.25-11.13.16:116][849]LogSlate: Window 'MazeGame_WG - Unreal Editor' being destroyed
[2020.11.25-11.13.16:118][849]LogWindowsTextInputMethodSystem: Display: IME system now deactivated.
[2020.11.25-11.13.16:328][850]Cmd: QUIT_EDITOR
[2020.11.25-11.13.16:703][850]LogExit: Preparing to exit.
[2020.11.25-11.13.17:838][850]LogExit: Editor shut down
[2020.11.25-11.13.17:839][850]LogExit: Transaction tracking system shut down
[2020.11.25-11.13.18:199][850]LogExit: Object subsystem successfully closed.
[2020.11.25-11.13.18:225][850]LogShaderCompilers: Display: Shaders left to compile 0
[2020.11.25-11.13.18:229][850]LogD3D11RHI: Shutdown
[2020.11.25-11.13.18:229][850]LogD3D11RHI: CleanupD3DDevice
[2020.11.25-11.13.18:231][850]LogD3D11RHI: ~FD3D11DynamicRHI
[2020.11.25-11.13.18:242][850]LogModuleManager: Shutting down and abandoning module BlueprintGraph (616)
[2020.11.25-11.13.18:242][850]LogModuleManager: Shutting down and abandoning module MovieSceneCapture (614)
[2020.11.25-11.13.18:242][850]LogModuleManager: Shutting down and abandoning module Voice (612)
[2020.11.25-11.13.18:242][850]LogModuleManager: Shutting down and abandoning module HierarchicalLODOutliner (610)
[2020.11.25-11.13.18:242][850]LogModuleManager: Shutting down and abandoning module SceneOutliner (608)
[2020.11.25-11.13.18:242][850]LogModuleManager: Shutting down and abandoning module AddContentDialog (606)
[2020.11.25-11.13.18:243][850]LogModuleManager: Shutting down and abandoning module WidgetCarousel (605)
[2020.11.25-11.13.18:243][850]LogModuleManager: Shutting down and abandoning module EditorWidgets (602)
[2020.11.25-11.13.18:243][850]LogModuleManager: Shutting down and abandoning module CollectionManager (600)
[2020.11.25-11.13.18:243][850]LogModuleManager: Shutting down and abandoning module StatsViewer (598)
[2020.11.25-11.13.18:243][850]LogModuleManager: Shutting down and abandoning module FoliageEdit (596)
[2020.11.25-11.13.18:243][850]LogModuleManager: Shutting down and abandoning module LandscapeEditor (594)
[2020.11.25-11.13.18:243][850]LogModuleManager: Shutting down and abandoning module MeshPaintMode (592)
[2020.11.25-11.13.18:243][850]LogModuleManager: Shutting down and abandoning module SceneDepthPickerMode (590)
[2020.11.25-11.13.18:243][850]LogModuleManager: Shutting down and abandoning module ActorPickerMode (588)
[2020.11.25-11.13.18:244][850]LogModuleManager: Shutting down and abandoning module GeometryMode (586)
[2020.11.25-11.13.18:244][850]LogModuleManager: Shutting down and abandoning module TextureAlignMode (584)
[2020.11.25-11.13.18:244][850]LogModuleManager: Shutting down and abandoning module BspMode (582)
[2020.11.25-11.13.18:244][850]LogModuleManager: Shutting down and abandoning module PIEPreviewDeviceProfileSelector (580)
[2020.11.25-11.13.18:244][850]LogModuleManager: Shutting down and abandoning module SequenceRecorderSections (578)
[2020.11.25-11.13.18:244][850]LogModuleManager: Shutting down and abandoning module AutomationWorker (576)
[2020.11.25-11.13.18:244][850]LogModuleManager: Shutting down and abandoning module AudioCaptureEditor (574)
[2020.11.25-11.13.18:244][850]LogModuleManager: Shutting down and abandoning module SequenceRecorder (573)
[2020.11.25-11.13.18:244][850]LogModuleManager: Shutting down and abandoning module MatineeToLevelSequence (570)
[2020.11.25-11.13.18:244][850]LogModuleManager: Shutting down and abandoning module LevelSequenceEditor (568)
[2020.11.25-11.13.18:244][850]LogModuleManager: Shutting down and abandoning module PlacementMode (567)
[2020.11.25-11.13.18:244][850]LogModuleManager: Shutting down and abandoning module MaterialEditor (566)
[2020.11.25-11.13.18:244][850]LogModuleManager: Shutting down and abandoning module WmfMediaFactory (562)
[2020.11.25-11.13.18:244][850]LogModuleManager: Shutting down and abandoning module WmfMediaEditor (560)
[2020.11.25-11.13.18:244][850]LogModuleManager: Shutting down and abandoning module MediaPlayerEditor (558)
[2020.11.25-11.13.18:244][850]LogModuleManager: Shutting down and abandoning module OpenExrWrapper (556)
[2020.11.25-11.13.18:244][850]LogModuleManager: Shutting down and abandoning module ImgMediaFactory (554)
[2020.11.25-11.13.18:244][850]LogModuleManager: Shutting down and abandoning module ImgMediaEditor (552)
[2020.11.25-11.13.18:245][850]LogModuleManager: Shutting down and abandoning module AvfMediaFactory (550)
[2020.11.25-11.13.18:245][850]LogModuleManager: Shutting down and abandoning module AvfMediaEditor (548)
[2020.11.25-11.13.18:245][850]LogModuleManager: Shutting down and abandoning module AndroidMediaFactory (546)
[2020.11.25-11.13.18:245][850]LogModuleManager: Shutting down and abandoning module AndroidMediaEditor (544)
[2020.11.25-11.13.18:245][850]LogModuleManager: Shutting down and abandoning module MagicLeapCameraPreviewFactory (542)
[2020.11.25-11.13.18:245][850]LogModuleManager: Shutting down and abandoning module MagicLeapMediaFactory (540)
[2020.11.25-11.13.18:245][850]LogModuleManager: Shutting down and abandoning module MagicLeapMediaEditor (538)
[2020.11.25-11.13.18:245][850]LogModuleManager: Shutting down and abandoning module CharacterAI (536)
[2020.11.25-11.13.18:245][850]LogModuleManager: Shutting down and abandoning module SmartSnapping (534)
[2020.11.25-11.13.18:245][850]LogModuleManager: Shutting down and abandoning module SessionServices (532)
[2020.11.25-11.13.18:245][850]LogModuleManager: Shutting down and abandoning module ViewportSnapping (530)
[2020.11.25-11.13.18:245][850]LogModuleManager: Shutting down and abandoning module ViewportInteraction (528)
[2020.11.25-11.13.18:245][850]LogModuleManager: Shutting down and abandoning module ClothPainter (526)
[2020.11.25-11.13.18:245][850]LogModuleManager: Shutting down and abandoning module SkeletalMeshEditor (525)
[2020.11.25-11.13.18:245][850]LogModuleManager: Shutting down and abandoning module LogVisualizer (522)
[2020.11.25-11.13.18:245][850]LogModuleManager: Shutting down and abandoning module IntroTutorials (520)
[2020.11.25-11.13.18:245][850]LogModuleManager: Shutting down and abandoning module GameProjectGeneration (519)
[2020.11.25-11.13.18:245][850]LogModuleManager: Shutting down and abandoning module LuminPlatformEditor (516)
[2020.11.25-11.13.18:245][850]LogModuleManager: Shutting down and abandoning module IOSPlatformEditor (514)
[2020.11.25-11.13.18:245][850]LogModuleManager: Shutting down and abandoning module HTML5PlatformEditor (512)
[2020.11.25-11.13.18:245][850]LogModuleManager: Shutting down and abandoning module AndroidPlatformEditor (510)
[2020.11.25-11.13.18:246][850]LogModuleManager: Shutting down and abandoning module AndroidDeviceDetection (509)
[2020.11.25-11.13.18:825][850]LogModuleManager: Shutting down and abandoning module WindowsPlatformEditor (506)
[2020.11.25-11.13.18:825][850]LogModuleManager: Shutting down and abandoning module LuminRuntimeSettings (504)
[2020.11.25-11.13.18:825][850]LogModuleManager: Shutting down and abandoning module IOSRuntimeSettings (502)
[2020.11.25-11.13.18:826][850]LogModuleManager: Shutting down and abandoning module AndroidRuntimeSettings (500)
[2020.11.25-11.13.18:826][850]LogModuleManager: Shutting down and abandoning module InputBindingEditor (498)
[2020.11.25-11.13.18:826][850]LogModuleManager: Shutting down and abandoning module MergeActors (496)
[2020.11.25-11.13.18:826][850]LogModuleManager: Shutting down and abandoning module LocalizationDashboard (494)
[2020.11.25-11.13.18:826][850]LogModuleManager: Shutting down and abandoning module LocalizationService (493)
[2020.11.25-11.13.18:826][850]LogModuleManager: Shutting down and abandoning module HardwareTargeting (490)
[2020.11.25-11.13.18:826][850]LogModuleManager: Shutting down and abandoning module DeviceProfileEditor (488)
[2020.11.25-11.13.18:826][850]LogModuleManager: Shutting down and abandoning module UndoHistory (486)
[2020.11.25-11.13.18:826][850]LogModuleManager: Shutting down and abandoning module XmlParser (484)
[2020.11.25-11.13.18:826][850]LogModuleManager: Shutting down and abandoning module Blutility (482)
[2020.11.25-11.13.18:826][850]LogModuleManager: Shutting down and abandoning module ProjectSettingsViewer (480)
[2020.11.25-11.13.18:826][850]LogModuleManager: Shutting down and abandoning module ProjectTargetPlatformEditor (479)
[2020.11.25-11.13.18:826][850]LogModuleManager: Shutting down and abandoning module EditorSettingsViewer (476)
[2020.11.25-11.13.18:826][850]LogModuleManager: Shutting down and abandoning module SettingsEditor (474)
[2020.11.25-11.13.18:826][850]LogModuleManager: Shutting down and abandoning module ProjectLauncher (472)
[2020.11.25-11.13.18:826][850]LogModuleManager: Shutting down and abandoning module SessionFrontend (470)
[2020.11.25-11.13.18:826][850]LogModuleManager: Shutting down and abandoning module ProfilerClient (468)
[2020.11.25-11.13.18:827][850]LogModuleManager: Shutting down and abandoning module DeviceManager (466)
[2020.11.25-11.13.18:827][850]LogModuleManager: Shutting down and abandoning module TargetDeviceServices (465)
[2020.11.25-11.13.18:871][850]LogModuleManager: Shutting down and abandoning module AutomationController (462)
[2020.11.25-11.13.18:871][850]LogModuleManager: Shutting down and abandoning module AutomationWindow (460)
[2020.11.25-11.13.18:871][850]LogModuleManager: Shutting down and abandoning module Layers (458)
[2020.11.25-11.13.18:871][850]LogModuleManager: Shutting down and abandoning module ComponentVisualizers (456)
[2020.11.25-11.13.18:871][850]LogModuleManager: Shutting down and abandoning module DetailCustomizations (454)
[2020.11.25-11.13.18:871][850]LogModuleManager: Shutting down and abandoning module PackagesDialog (452)
[2020.11.25-11.13.18:871][850]LogModuleManager: Shutting down and abandoning module Persona (450)
[2020.11.25-11.13.18:871][850]LogModuleManager: Shutting down and abandoning module AdvancedPreviewScene (449)
[2020.11.25-11.13.18:871][850]LogModuleManager: Shutting down and abandoning module AnimGraph (447)
[2020.11.25-11.13.18:871][850]LogModuleManager: Shutting down and abandoning module Kismet (444)
[2020.11.25-11.13.18:876][850]LogModuleManager: Shutting down and abandoning module GraphEditor (442)
[2020.11.25-11.13.18:876][850]LogModuleManager: Shutting down and abandoning module ClassViewer (440)
[2020.11.25-11.13.18:877][850]LogModuleManager: Shutting down and abandoning module Toolbox (438)
[2020.11.25-11.13.18:877][850]LogModuleManager: Shutting down and abandoning module ModuleUI (436)
[2020.11.25-11.13.18:877][850]LogModuleManager: Shutting down and abandoning module MovieSceneTools (434)
[2020.11.25-11.13.18:877][850]LogModuleManager: Shutting down and abandoning module OutputLog (432)
[2020.11.25-11.13.18:877][850]LogModuleManager: Shutting down and abandoning module GammaUI (430)
[2020.11.25-11.13.18:877][850]LogModuleManager: Shutting down and abandoning module Documentation (428)
[2020.11.25-11.13.18:877][850]LogModuleManager: Shutting down and abandoning module MovieSceneTracks (426)
[2020.11.25-11.13.18:877][850]LogModuleManager: Shutting down and abandoning module MovieScene (424)
[2020.11.25-11.13.18:877][850]LogModuleManager: Shutting down and abandoning module StreamingPauseRendering (422)
[2020.11.25-11.13.18:877][850]LogModuleManager: Shutting down and abandoning module LauncherPlatform (420)
[2020.11.25-11.13.18:877][850]LogModuleManager: Shutting down and abandoning module AnalyticsET (418)
[2020.11.25-11.13.18:877][850]LogModuleManager: Shutting down and abandoning module PortalServices (416)
[2020.11.25-11.13.18:877][850]LogModuleManager: Shutting down and abandoning module PortalRpc (414)
[2020.11.25-11.13.18:877][850]LogModuleManager: Shutting down and abandoning module MessagingRpc (412)
[2020.11.25-11.13.18:877][850]LogModuleManager: Shutting down and abandoning module AIModule (410)
[2020.11.25-11.13.18:877][850]LogModuleManager: Shutting down and abandoning module GameplayDebugger (409)
[2020.11.25-11.13.18:877][850]LogModuleManager: Shutting down and abandoning module AITestSuite (407)
[2020.11.25-11.13.18:877][850]LogModuleManager: Shutting down and abandoning module NavigationSystem (405)
[2020.11.25-11.13.18:877][850]LogModuleManager: Shutting down and abandoning module DesktopPlatform (402)
[2020.11.25-11.13.18:877][850]LogModuleManager: Shutting down and abandoning module ProfilerService (400)
[2020.11.25-11.13.19:045][850]LogModuleManager: Shutting down and abandoning module TaskGraph (398)
[2020.11.25-11.13.19:045][850]LogModuleManager: Shutting down and abandoning module SteamVRController (396)
[2020.11.25-11.13.19:046][850]LogModuleManager: Shutting down and abandoning module ProceduralMeshComponentEditor (394)
[2020.11.25-11.13.19:046][850]LogModuleManager: Shutting down and abandoning module ProceduralMeshComponent (392)
[2020.11.25-11.13.19:046][850]LogModuleManager: Shutting down and abandoning module OculusInput (390)
[2020.11.25-11.13.19:046][850]LogModuleManager: Shutting down and abandoning module MobilePatchingUtils (388)
[2020.11.25-11.13.19:046][850]LogModuleManager: Shutting down and abandoning module EditableMesh (386)
[2020.11.25-11.13.19:046][850]LogModuleManager: Shutting down and abandoning module CustomMeshComponent (384)
[2020.11.25-11.13.19:046][850]LogModuleManager: Shutting down and abandoning module CableComponent (382)
[2020.11.25-11.13.19:046][850]LogModuleManager: Shutting down and abandoning module AudioCapture (380)
[2020.11.25-11.13.19:046][850]LogModuleManager: Shutting down and abandoning module ArchVisCharacter (378)
[2020.11.25-11.13.19:046][850]LogModuleManager: Shutting down and abandoning module AndroidPermission (376)
[2020.11.25-11.13.19:046][850]LogModuleManager: Shutting down and abandoning module NUTUnrealEngine4 (374)
[2020.11.25-11.13.19:046][850]LogModuleManager: Shutting down and abandoning module NetcodeUnitTest (372)
[2020.11.25-11.13.19:046][850]LogModuleManager: Shutting down and abandoning module MediaCompositingEditor (370)
[2020.11.25-11.13.19:046][850]LogModuleManager: Shutting down and abandoning module MediaCompositing (368)
[2020.11.25-11.13.19:046][850]LogModuleManager: Shutting down and abandoning module LinearTimecode (366)
[2020.11.25-11.13.19:046][850]LogModuleManager: Shutting down and abandoning module ImgMedia (364)
[2020.11.25-11.13.19:050][850]LogModuleManager: Shutting down and abandoning module HTML5Networking (362)
[2020.11.25-11.13.19:051][850]LogModuleManager: Shutting down and abandoning module GeometryCacheTracks (360)
[2020.11.25-11.13.19:051][850]LogModuleManager: Shutting down and abandoning module GeometryCacheSequencer (358)
[2020.11.25-11.13.19:051][850]LogModuleManager: Shutting down and abandoning module BackChannel (356)
[2020.11.25-11.13.19:051][850]LogModuleManager: Shutting down and abandoning module AppleVision (354)
[2020.11.25-11.13.19:051][850]LogModuleManager: Shutting down and abandoning module AppleImageUtils (352)
[2020.11.25-11.13.19:051][850]LogModuleManager: Shutting down and abandoning module AlembicImporter (350)
[2020.11.25-11.13.19:051][850]LogModuleManager: Shutting down and abandoning module AlembicLibrary (349)
[2020.11.25-11.13.19:051][850]LogModuleManager: Shutting down and abandoning module GeometryCache (348)
[2020.11.25-11.13.19:051][850]LogModuleManager: Shutting down and abandoning module GeometryCacheEd (347)
[2020.11.25-11.13.19:051][850]LogModuleManager: Shutting down and abandoning module DatasmithContentEditor (342)
[2020.11.25-11.13.19:051][850]LogModuleManager: Shutting down and abandoning module DatasmithContent (340)
[2020.11.25-11.13.19:052][850]LogModuleManager: Shutting down and abandoning module SpeedTreeImporter (338)
[2020.11.25-11.13.19:052][850]LogModuleManager: Shutting down and abandoning module PluginBrowser (336)
[2020.11.25-11.13.19:052][850]LogModuleManager: Shutting down and abandoning module MobileLauncherProfileWizard (334)
[2020.11.25-11.13.19:052][850]LogModuleManager: Shutting down and abandoning module PolygonModeling (332)
[2020.11.25-11.13.19:052][850]LogModuleManager: Shutting down and abandoning module MeshEditor (330)
[2020.11.25-11.13.19:052][850]LogModuleManager: Shutting down and abandoning module CryptoKeysOpenSSL (328)
[2020.11.25-11.13.19:052][850]LogModuleManager: Shutting down and abandoning module CryptoKeys (326)
[2020.11.25-11.13.19:052][850]LogModuleManager: Shutting down and abandoning module VisualStudioSourceCodeAccess (324)
[2020.11.25-11.13.19:052][850]LogModuleManager: Shutting down and abandoning module VisualStudioCodeSourceCodeAccess (322)
[2020.11.25-11.13.19:052][850]LogModuleManager: Shutting down and abandoning module UObjectPlugin (320)
[2020.11.25-11.13.19:052][850]LogModuleManager: Shutting down and abandoning module SubversionSourceControl (318)
[2020.11.25-11.13.19:052][850]LogModuleManager: Shutting down and abandoning module PerforceSourceControl (316)
[2020.11.25-11.13.19:052][850]LogModuleManager: Shutting down and abandoning module GitSourceControl (314)
[2020.11.25-11.13.19:052][850]LogModuleManager: Shutting down and abandoning module SourceControl (313)
[2020.11.25-11.13.19:052][850]LogModuleManager: Shutting down and abandoning module CLionSourceCodeAccess (310)
[2020.11.25-11.13.19:052][850]LogModuleManager: Shutting down and abandoning module LightPropagationVolumeEditor (308)
[2020.11.25-11.13.19:052][850]LogModuleManager: Shutting down and abandoning module PaperTiledImporter (306)
[2020.11.25-11.13.19:052][850]LogModuleManager: Shutting down and abandoning module PaperSpriteSheetImporter (304)
[2020.11.25-11.13.19:052][850]LogModuleManager: Shutting down and abandoning module Paper2DEditor (302)
[2020.11.25-11.13.19:053][850]LogModuleManager: Shutting down and abandoning module MeshPaint (301)
[2020.11.25-11.13.19:053][850]LogModuleManager: Shutting down and abandoning module RuntimePhysXCooking (298)
[2020.11.25-11.13.19:053][850]LogModuleManager: Shutting down and abandoning module PhysXVehiclesEditor (296)
[2020.11.25-11.13.19:053][850]LogModuleManager: Shutting down and abandoning module PhysXVehicles (294)
[2020.11.25-11.13.19:053][850]LogModuleManager: Shutting down and abandoning module OculusEditor (292)
[2020.11.25-11.13.19:053][850]LogModuleManager: Shutting down and abandoning module LocationServicesBPLibrary (290)
[2020.11.25-11.13.19:053][850]LogModuleManager: Shutting down and abandoning module ImmediatePhysicsEditor (288)
[2020.11.25-11.13.19:053][850]LogModuleManager: Shutting down and abandoning module ImmediatePhysics (286)
[2020.11.25-11.13.19:053][850]LogModuleManager: Shutting down and abandoning module ActorSequence (284)
[2020.11.25-11.13.19:053][850]LogModuleManager: Shutting down and abandoning module UdpMessaging (282)
[2020.11.25-11.13.19:154][850]LogModuleManager: Shutting down and abandoning module TcpMessaging (280)
[2020.11.25-11.13.19:254][850]LogModuleManager: Shutting down and abandoning module MagicLeapAudio (278)
[2020.11.25-11.13.19:254][850]LogModuleManager: Shutting down and abandoning module GameplayTagsEditor (276)
[2020.11.25-11.13.19:254][850]LogModuleManager: Shutting down and abandoning module FacialAnimationEditor (274)
[2020.11.25-11.13.19:254][850]LogModuleManager: Shutting down and abandoning module FacialAnimation (272)
[2020.11.25-11.13.19:254][850]LogModuleManager: Shutting down and abandoning module DataValidation (270)
[2020.11.25-11.13.19:254][850]LogModuleManager: Shutting down and abandoning module AssetManagerEditor (268)
[2020.11.25-11.13.19:254][850]LogModuleManager: Shutting down and abandoning module LevelEditor (267)
[2020.11.25-11.13.19:255][850]LogModuleManager: Shutting down and abandoning module PixelInspectorModule (266)
[2020.11.25-11.13.19:255][850]LogModuleManager: Shutting down and abandoning module CommonMenuExtensions (264)
[2020.11.25-11.13.19:255][850]LogModuleManager: Shutting down and abandoning module MainFrame (262)
[2020.11.25-11.13.19:255][850]LogModuleManager: Shutting down and abandoning module HotReload (261)
[2020.11.25-11.13.19:256][850]LogModuleManager: Shutting down and abandoning module ContentBrowser (257)
[2020.11.25-11.13.19:257][850]LogModuleManager: Shutting down and abandoning module TreeMap (255)
[2020.11.25-11.13.19:257][850]LogModuleManager: Shutting down and abandoning module LightPropagationVolumeRuntime (252)
[2020.11.25-11.13.19:257][850]LogModuleManager: Shutting down and abandoning module AISupportModule (250)
[2020.11.25-11.13.19:257][850]LogModuleManager: Shutting down and abandoning module Paper2D (248)
[2020.11.25-11.13.19:257][850]LogModuleManager: Shutting down and abandoning module WindowsMoviePlayer (246)
[2020.11.25-11.13.19:257][850]LogModuleManager: Shutting down and abandoning module WmfMedia (244)
[2020.11.25-11.13.19:259][850]LogModuleManager: Shutting down and abandoning module Media (243)
[2020.11.25-11.13.19:265][850]LogModuleManager: Shutting down and abandoning module PacketHandler (240)
[2020.11.25-11.13.19:265][850]LogModuleManager: Shutting down and abandoning module ClothingSystemEditor (238)
[2020.11.25-11.13.19:266][850]LogModuleManager: Shutting down and abandoning module ClothingSystemRuntime (236)
[2020.11.25-11.13.19:266][850]LogModuleManager: Shutting down and abandoning module MediaAssets (234)
[2020.11.25-11.13.19:266][850]LogModuleManager: Shutting down and abandoning module Overlay (232)
[2020.11.25-11.13.19:266][850]LogModuleManager: Shutting down and abandoning module OverlayEditor (231)
[2020.11.25-11.13.19:266][850]LogModuleManager: Shutting down and abandoning module VREditor (228)
[2020.11.25-11.13.19:266][850]LogModuleManager: Shutting down and abandoning module StringTableEditor (226)
[2020.11.25-11.13.19:266][850]LogModuleManager: Shutting down and abandoning module GameplayTasksEditor (224)
[2020.11.25-11.13.19:266][850]LogModuleManager: Shutting down and abandoning module BehaviorTreeEditor (222)
[2020.11.25-11.13.19:266][850]LogModuleManager: Shutting down and abandoning module FunctionalTesting (220)
[2020.11.25-11.13.19:266][850]LogModuleManager: Shutting down and abandoning module CollisionAnalyzer (218)
[2020.11.25-11.13.19:266][850]LogModuleManager: Shutting down and abandoning module WorkspaceMenuStructure (217)
[2020.11.25-11.13.19:266][850]LogModuleManager: Shutting down and abandoning module UMG (214)
[2020.11.25-11.13.19:266][850]LogModuleManager: Shutting down and abandoning module UMGEditor (213)
[2020.11.25-11.13.19:266][850]LogModuleManager: Shutting down and abandoning module Sequencer (212)
[2020.11.25-11.13.19:266][850]LogModuleManager: Shutting down and abandoning module MessageLog (209)
[2020.11.25-11.13.19:266][850]LogModuleManager: Shutting down and abandoning module SlateReflector (204)
[2020.11.25-11.13.19:266][850]LogModuleManager: Shutting down and abandoning module Slate (202)
[2020.11.25-11.13.19:266][850]LogModuleManager: Shutting down and abandoning module EditorStyle (200)
[2020.11.25-11.13.19:268][850]LogModuleManager: Shutting down and abandoning module MRMesh (198)
[2020.11.25-11.13.19:268][850]LogModuleManager: Shutting down and abandoning module SourceCodeAccess (196)
[2020.11.25-11.13.19:268][850]LogModuleManager: Shutting down and abandoning module HeadMountedDisplay (194)
[2020.11.25-11.13.19:269][850]LogModuleManager: Shutting down and abandoning module XAudio2 (192)
[2020.11.25-11.13.19:269][850]LogModuleManager: Shutting down and abandoning module Networking (190)
[2020.11.25-11.13.19:269][850]LogModuleManager: Shutting down and abandoning module Core (188)
[2020.11.25-11.13.19:269][850]LogModuleManager: Shutting down and abandoning module LevelSequence (186)
[2020.11.25-11.13.19:269][850]LogModuleManager: Shutting down and abandoning module KismetCompiler (184)
[2020.11.25-11.13.19:269][850]LogModuleManager: Shutting down and abandoning module MeshUtilities (182)
[2020.11.25-11.13.19:269][850]LogModuleManager: Shutting down and abandoning module MeshMergeUtilities (181)
[2020.11.25-11.13.19:269][850]LogModuleManager: Shutting down and abandoning module MeshReductionInterface (180)
[2020.11.25-11.13.19:269][850]LogModuleManager: Shutting down and abandoning module SimplygonSwarm (179)
[2020.11.25-11.13.19:269][850]LogModuleManager: Shutting down and abandoning module ProxyLODMeshReduction (177)
[2020.11.25-11.13.19:269][850]LogModuleManager: Shutting down and abandoning module SimplygonMeshReduction (175)
[2020.11.25-11.13.19:269][850]LogModuleManager: Shutting down and abandoning module QuadricMeshReduction (173)
[2020.11.25-11.13.19:269][850]LogModuleManager: Shutting down and abandoning module MaterialBaking (169)
[2020.11.25-11.13.19:269][850]LogModuleManager: Shutting down and abandoning module DirectoryWatcher (165)
[2020.11.25-11.13.19:269][850]LogModuleManager: Shutting down and abandoning module DerivedDataCache (162)
[2020.11.25-11.13.19:303][850]LogDerivedDataCache: Shutdown
[2020.11.25-11.13.19:303][850]LogModuleManager: Shutting down and abandoning module XGEController (160)
[2020.11.25-11.13.19:304][850]LogModuleManager: Shutting down and abandoning module TargetPlatform (158)
[2020.11.25-11.13.19:304][850]LogModuleManager: Shutting down and abandoning module VulkanShaderFormat (157)
[2020.11.25-11.13.19:304][850]LogModuleManager: Shutting down and abandoning module ShaderFormatVectorVM (155)
[2020.11.25-11.13.19:304][850]LogModuleManager: Shutting down and abandoning module ShaderFormatOpenGL (153)
[2020.11.25-11.13.19:304][850]LogModuleManager: Shutting down and abandoning module ShaderFormatD3D (151)
[2020.11.25-11.13.19:304][850]LogModuleManager: Shutting down and abandoning module MetalShaderFormat (149)
[2020.11.25-11.13.19:304][850]LogModuleManager: Shutting down and abandoning module TextureFormatUncompressed (147)
[2020.11.25-11.13.19:304][850]LogModuleManager: Shutting down and abandoning module TextureFormatPVR (145)
[2020.11.25-11.13.19:304][850]LogModuleManager: Shutting down and abandoning module TextureFormatDXT (143)
[2020.11.25-11.13.19:304][850]LogModuleManager: Shutting down and abandoning module TextureFormatIntelISPCTexComp (141)
[2020.11.25-11.13.19:304][850]LogModuleManager: Shutting down and abandoning module TextureFormatASTC (139)
[2020.11.25-11.13.19:304][850]LogModuleManager: Shutting down and abandoning module ImageWrapper (138)
[2020.11.25-11.13.19:304][850]LogModuleManager: Shutting down and abandoning module TextureFormatAndroid (135)
[2020.11.25-11.13.19:304][850]LogModuleManager: Shutting down and abandoning module AudioFormatOpus (133)
[2020.11.25-11.13.19:304][850]LogModuleManager: Shutting down and abandoning module AudioFormatOgg (131)
[2020.11.25-11.13.19:304][850]LogModuleManager: Shutting down and abandoning module AudioFormatADPCM (129)
[2020.11.25-11.13.19:304][850]LogModuleManager: Shutting down and abandoning module LuminTargetPlatform (127)
[2020.11.25-11.13.19:304][850]LogModuleManager: Shutting down and abandoning module LinuxTargetPlatform (125)
[2020.11.25-11.13.19:304][850]LogModuleManager: Shutting down and abandoning module LinuxServerTargetPlatform (123)
[2020.11.25-11.13.19:304][850]LogModuleManager: Shutting down and abandoning module LinuxNoEditorTargetPlatform (121)
[2020.11.25-11.13.19:304][850]LogModuleManager: Shutting down and abandoning module LinuxClientTargetPlatform (119)
[2020.11.25-11.13.19:305][850]LogModuleManager: Shutting down and abandoning module TVOSTargetPlatform (117)
[2020.11.25-11.13.19:305][850]LogModuleManager: Shutting down and abandoning module Messaging (115)
[2020.11.25-11.13.19:305][850]LogModuleManager: Shutting down and abandoning module IOSTargetPlatform (113)
[2020.11.25-11.13.19:306][850]LogModuleManager: Shutting down and abandoning module HTML5TargetPlatform (111)
[2020.11.25-11.13.19:306][850]LogModuleManager: Shutting down and abandoning module AndroidTargetPlatform (109)
[2020.11.25-11.13.19:313][850]LogModuleManager: Shutting down and abandoning module WindowsTargetPlatform (107)
[2020.11.25-11.13.19:313][850]LogModuleManager: Shutting down and abandoning module WindowsServerTargetPlatform (105)
[2020.11.25-11.13.19:313][850]LogModuleManager: Shutting down and abandoning module WindowsNoEditorTargetPlatform (103)
[2020.11.25-11.13.19:313][850]LogModuleManager: Shutting down and abandoning module WindowsClientTargetPlatform (101)
[2020.11.25-11.13.19:313][850]LogModuleManager: Shutting down and abandoning module MacTargetPlatform (99)
[2020.11.25-11.13.19:313][850]LogModuleManager: Shutting down and abandoning module MacServerTargetPlatform (97)
[2020.11.25-11.13.19:313][850]LogModuleManager: Shutting down and abandoning module MacNoEditorTargetPlatform (95)
[2020.11.25-11.13.19:313][850]LogModuleManager: Shutting down and abandoning module MacClientTargetPlatform (93)
[2020.11.25-11.13.19:313][850]LogModuleManager: Shutting down and abandoning module AllDesktopTargetPlatform (91)
[2020.11.25-11.13.19:313][850]LogModuleManager: Shutting down and abandoning module InputCore (88)
[2020.11.25-11.13.19:313][850]LogModuleManager: Shutting down and abandoning module Settings (86)
[2020.11.25-11.13.19:313][850]LogModuleManager: Shutting down and abandoning module PhysXCooking (84)
[2020.11.25-11.13.19:313][850]LogModuleManager: Shutting down and abandoning module SteamVR (82)
[2020.11.25-11.13.19:313][850]LogModuleManager: Shutting down and abandoning module OculusHMD (80)
[2020.11.25-11.13.19:314][850]LogModuleManager: Shutting down and abandoning module ExampleDeviceProfileSelector (78)
[2020.11.25-11.13.19:314][850]LogModuleManager: Shutting down and abandoning module LauncherChunkInstaller (76)
[2020.11.25-11.13.19:314][850]LogModuleManager: Shutting down and abandoning module OnlineBlueprintSupport (74)
[2020.11.25-11.13.19:314][850]LogModuleManager: Shutting down and abandoning module OnlineSubsystem (70)
[2020.11.25-11.13.19:315][850]LogModuleManager: Shutting down and abandoning module XMPP (65)
[2020.11.25-11.13.19:315][850]LogModuleManager: Shutting down and abandoning module WebSockets (64)
[2020.11.25-11.13.19:325][850]LogModuleManager: Shutting down and abandoning module HTTP (61)
[2020.11.25-11.13.19:325][850]LogHttp: Display: Http module shutting down, but needs to wait on 1 outstanding Http requests:
[2020.11.25-11.13.19:325][850]LogHttp: Display: 	verb=[POST] url=[https://datarouter.ol.epicgames.com/datarouter/api/v1/public/data?SessionID=%7B2A39B1D5-4281-F7A7-2AD0-AF9ACE80A1FA%7D&AppID=UEEditor.Rocket.Release&AppVersion=4.20.3-4369336%2B%2B%2BUE4%2BRelease-4.20&UserID=4a55da304b5a55eb6b8b118fb5fbf03c%7C323b72e8b67847799dafc345eb1072de%7C6f448ca3-c922-471a-b88d-eebc0e36d197&AppEnvironment=datacollector-binary&UploadType=eteventstream] status=Processing
[2020.11.25-11.13.19:336][850]LogModuleManager: Shutting down and abandoning module SSL (60)
[2020.11.25-11.13.19:338][850]LogModuleManager: Shutting down and abandoning module MagicLeapEmulator (56)
[2020.11.25-11.13.19:338][850]LogModuleManager: Shutting down and abandoning module MagicLeapPrivileges (54)
[2020.11.25-11.13.19:338][850]LogModuleManager: Shutting down and abandoning module MagicLeapIdentity (52)
[2020.11.25-11.13.19:338][850]LogModuleManager: Shutting down and abandoning module MagicLeapHelperVulkan (50)
[2020.11.25-11.13.19:338][850]LogModuleManager: Shutting down and abandoning module MagicLeapHelperOpenGL (48)
[2020.11.25-11.13.19:338][850]LogModuleManager: Shutting down and abandoning module MagicLeapSecureStorage (46)
[2020.11.25-11.13.19:338][850]LogModuleManager: Shutting down and abandoning module MagicLeapGestures (44)
[2020.11.25-11.13.19:338][850]LogModuleManager: Shutting down and abandoning module MagicLeapEyeTracker (42)
[2020.11.25-11.13.19:338][850]LogModuleManager: Shutting down and abandoning module MagicLeapController (40)
[2020.11.25-11.13.19:338][850]LogSlate: Slate User Destroyed.  User Index 0, Is Virtual User: 0
[2020.11.25-11.13.19:338][850]LogModuleManager: Shutting down and abandoning module MagicLeap (38)
[2020.11.25-11.13.19:338][850]LogModuleManager: Shutting down and abandoning module AnimationModifiers (36)
[2020.11.25-11.13.19:338][850]LogModuleManager: Shutting down and abandoning module PropertyEditor (35)
[2020.11.25-11.13.19:338][850]LogModuleManager: Shutting down and abandoning module AudioEditor (32)
[2020.11.25-11.13.19:338][850]LogModuleManager: Shutting down and abandoning module TextureCompressor (30)
[2020.11.25-11.13.19:339][850]LogModuleManager: Shutting down and abandoning module ShaderCore (28)
[2020.11.25-11.13.19:339][850]LogModuleManager: Shutting down and abandoning module Landscape (26)
[2020.11.25-11.13.19:339][850]LogModuleManager: Shutting down and abandoning module SlateRHIRenderer (24)
[2020.11.25-11.13.19:339][850]LogModuleManager: Shutting down and abandoning module OpenGLDrv (22)
[2020.11.25-11.13.19:339][850]LogModuleManager: Shutting down and abandoning module D3D11RHI (20)
[2020.11.25-11.13.19:339][850]LogModuleManager: Shutting down and abandoning module AnimGraphRuntime (18)
[2020.11.25-11.13.19:339][850]LogModuleManager: Shutting down and abandoning module Renderer (16)
[2020.11.25-11.13.19:340][850]LogModuleManager: Shutting down and abandoning module Engine (14)
[2020.11.25-11.13.19:340][850]LogModuleManager: Shutting down and abandoning module CoreUObject (12)
[2020.11.25-11.13.19:340][850]LogModuleManager: Shutting down and abandoning module NetworkFile (10)
[2020.11.25-11.13.19:340][850]LogModuleManager: Shutting down and abandoning module CookedIterativeFile (8)
[2020.11.25-11.13.19:340][850]LogModuleManager: Shutting down and abandoning module StreamingFile (6)
[2020.11.25-11.13.19:340][850]LogModuleManager: Shutting down and abandoning module SandboxFile (4)
[2020.11.25-11.13.19:340][850]LogModuleManager: Shutting down and abandoning module PakFile (2)
[2020.11.25-11.13.19:353][850]LogExit: Exiting.
[2020.11.25-11.13.19:358][850]Log file closed, 11/25/20 12:13:19
