Log file open, 11/14/20 11:56:57
LogWindows: Failed to load 'aqProf.dll' (GetLastError=126)
LogWindows: File 'aqProf.dll' does not exist
LogWindows: Failed to load 'VSPerf140.dll' (GetLastError=126)
LogWindows: File 'VSPerf140.dll' does not exist
LogWindows: Failed to load 'VtuneApi.dll' (GetLastError=126)
LogWindows: File 'VtuneApi.dll' does not exist
LogWindows: Failed to load 'VtuneApi32e.dll' (GetLastError=126)
LogWindows: File 'VtuneApi32e.dll' does not exist
LogInit: Display: Running engine for game: MazeGame_WG
LogPlatformFile: Not using cached read wrapper
LogTaskGraph: Started task graph with 5 named threads and 35 total threads with 3 sets of task threads.
LogStats: Stats thread started at 0.389665
LogD3D11RHI: Loaded GFSDK_Aftermath_Lib.x64.dll
LogICUInternationalization: Display: ICU TimeZone Detection - Raw Offset: +1:00, Platform Override: ''
LogPluginManager: Mounting plugin Paper2D
LogPluginManager: Mounting plugin AISupport
LogPluginManager: Mounting plugin LightPropagationVolume
LogPluginManager: Mounting plugin CLionSourceCodeAccess
LogPluginManager: Mounting plugin CodeLiteSourceCodeAccess
LogPluginManager: Mounting plugin GitSourceControl
LogPluginManager: Mounting plugin KDevelopSourceCodeAccess
LogPluginManager: Mounting plugin NullSourceCodeAccess
LogPluginManager: Mounting plugin PerforceSourceControl
LogPluginManager: Mounting plugin SubversionSourceControl
LogPluginManager: Mounting plugin UObjectPlugin
LogPluginManager: Mounting plugin VisualStudioCodeSourceCodeAccess
LogPluginManager: Mounting plugin VisualStudioSourceCodeAccess
LogPluginManager: Mounting plugin XCodeSourceCodeAccess
LogPluginManager: Mounting plugin AssetManagerEditor
LogPluginManager: Mounting plugin CryptoKeys
LogPluginManager: Mounting plugin DataValidation
LogPluginManager: Mounting plugin FacialAnimation
LogPluginManager: Mounting plugin GameplayTagsEditor
LogPluginManager: Mounting plugin MacGraphicsSwitching
LogPluginManager: Mounting plugin MeshEditor
LogPluginManager: Mounting plugin MobileLauncherProfileWizard
LogPluginManager: Mounting plugin PluginBrowser
LogPluginManager: Mounting plugin SpeedTreeImporter
LogPluginManager: Mounting plugin DatasmithContent
LogPluginManager: Mounting plugin AlembicImporter
LogPluginManager: Mounting plugin AppleImageUtils
LogPluginManager: Mounting plugin AppleVision
LogPluginManager: Mounting plugin BackChannel
LogPluginManager: Mounting plugin CharacterAI
LogPluginManager: Mounting plugin GeometryCache
LogPluginManager: Mounting plugin HTML5Networking
LogPluginManager: Mounting plugin ProxyLODPlugin
LogPluginManager: Mounting plugin MagicLeap
LogPluginManager: Mounting plugin MagicLeapEmulator
LogPluginManager: Mounting plugin MagicLeapMedia
LogPluginManager: Mounting plugin AndroidMedia
LogPluginManager: Mounting plugin AvfMedia
LogPluginManager: Mounting plugin ImgMedia
LogPluginManager: Mounting plugin LinearTimecode
LogPluginManager: Mounting plugin MediaCompositing
LogPluginManager: Mounting plugin MediaPlayerEditor
LogPluginManager: Mounting plugin WmfMedia
LogPluginManager: Mounting plugin TcpMessaging
LogPluginManager: Mounting plugin UdpMessaging
LogPluginManager: Mounting plugin ActorSequence
LogPluginManager: Mounting plugin LevelSequenceEditor
LogPluginManager: Mounting plugin MatineeToLevelSequence
LogPluginManager: Mounting plugin NetcodeUnitTest
LogPluginManager: Mounting plugin NUTUnrealEngine4
LogPluginManager: Mounting plugin OnlineSubsystemGooglePlay
LogPluginManager: Mounting plugin OnlineSubsystemIOS
LogPluginManager: Mounting plugin OnlineSubsystem
LogPluginManager: Mounting plugin OnlineSubsystemNull
LogPluginManager: Mounting plugin OnlineSubsystemUtils
LogPluginManager: Mounting plugin LauncherChunkInstaller
LogPluginManager: Mounting plugin AndroidDeviceProfileSelector
LogPluginManager: Mounting plugin AndroidMoviePlayer
LogPluginManager: Mounting plugin AndroidPermission
LogPluginManager: Mounting plugin AppleMoviePlayer
LogPluginManager: Mounting plugin ArchVisCharacter
LogPluginManager: Mounting plugin AudioCapture
LogPluginManager: Mounting plugin CableComponent
LogPluginManager: Mounting plugin CustomMeshComponent
LogPluginManager: Mounting plugin EditableMesh
LogPluginManager: Mounting plugin ExampleDeviceProfileSelector
LogPluginManager: Mounting plugin GoogleCloudMessaging
LogPluginManager: Mounting plugin ImmediatePhysics
LogPluginManager: Mounting plugin IOSDeviceProfileSelector
LogPluginManager: Mounting plugin LinuxDeviceProfileSelector
LogPluginManager: Mounting plugin LocationServicesBPLibrary
LogPluginManager: Mounting plugin MobilePatchingUtils
LogPluginManager: Mounting plugin OculusVR
LogPluginManager: Plugin shader directory ../../../Engine/Plugins/Runtime/Oculus/OculusVR/Shaders found
LogPluginManager: Mapping shader source directory ../../../Engine/Plugins/Runtime/Oculus/OculusVR/Shaders to virtual directory /Plugin/OculusVR
LogPluginManager: Mounting plugin PhysXVehicles
LogPluginManager: Mounting plugin ProceduralMeshComponent
LogPluginManager: Mounting plugin RuntimePhysXCooking
LogPluginManager: Mounting plugin SteamVR
LogPluginManager: Mounting plugin WindowsMoviePlayer
LogStreaming: Display: Took  0.079s to configure plugins.
LogInit: Using libcurl 7.55.1-DEV
LogInit:  - built for x86_64-pc-win32
LogInit:  - supports SSL with OpenSSL/1.0.2h
LogInit:  - supports HTTP deflate (compression) using libz 1.2.8
LogInit:  - other features:
LogInit:      CURL_VERSION_SSL
LogInit:      CURL_VERSION_LIBZ
LogInit:      CURL_VERSION_IPV6
LogInit:      CURL_VERSION_ASYNCHDNS
LogInit:      CURL_VERSION_LARGEFILE
LogInit:      CURL_VERSION_IDN
LogInit:  CurlRequestOptions (configurable via config and command line):
LogInit:  - bVerifyPeer = false  - Libcurl will NOT verify peer certificate
LogInit:  - bUseHttpProxy = false  - Libcurl will NOT use HTTP proxy
LogInit:  - bDontReuseConnections = false  - Libcurl will reuse connections
LogInit:  - CertBundlePath = nullptr  - Libcurl will use whatever was configured at build time.
LogInit:  - MaxHostConnections = 16  - Libcurl will limit the number of connections to a host
LogInit:  - LocalHostAddr = Default
LogInit:  - BufferSize = 65536
LogInit: WinSock: version 1.1 (2.2), MaxSocks=32767, MaxUdp=65467
LogInit: Build: ++UE4+Release-4.20-CL-4369336
LogInit: Engine Version: 4.20.3-4369336+++UE4+Release-4.20
LogInit: Compatible Engine Version: 4.20.0-4212847+++UE4+Release-4.20
LogInit: Net CL: 4212847
LogInit: OS: Windows 10 (), CPU: Intel(R) Core(TM) i7-9750H CPU @ 2.60GHz, GPU: Intel(R) UHD Graphics 630
LogInit: Compiled (64-bit): Sep 17 2018 12:26:19
LogInit: Compiled with Visual C++: 19.13.26129.00
LogInit: Build Configuration: Development
LogInit: Branch Name: ++UE4+Release-4.20
LogInit: Command Line: 
LogInit: Base Directory: P:/Unreal/UE_4.20/Engine/Binaries/Win64/
LogInit: Installed Engine Build: 1
LogDevObjectVersion: Number of dev versions registered: 20
LogDevObjectVersion:   Dev-Blueprints (B0D832E4-1F89-4F0D-ACCF-7EB736FD4AA2): 10
LogDevObjectVersion:   Dev-Build (E1C64328-A22C-4D53-A36C-8E866417BD8C): 0
LogDevObjectVersion:   Dev-Core (375EC13C-06E4-48FB-B500-84F0262A717E): 2
LogDevObjectVersion:   Dev-Editor (E4B068ED-F494-42E9-A231-DA0B2E46BB41): 24
LogDevObjectVersion:   Dev-Framework (CFFC743F-43B0-4480-9391-14DF171D2073): 34
LogDevObjectVersion:   Dev-Mobile (B02B49B5-BB20-44E9-A304-32B752E40360): 2
LogDevObjectVersion:   Dev-Networking (A4E4105C-59A1-49B5-A7C5-40C4547EDFEE): 0
LogDevObjectVersion:   Dev-Online (39C831C9-5AE6-47DC-9A44-9C173E1C8E7C): 0
LogDevObjectVersion:   Dev-Physics (78F01B33-EBEA-4F98-B9B4-84EACCB95AA2): 0
LogDevObjectVersion:   Dev-Platform (6631380F-2D4D-43E0-8009-CF276956A95A): 0
LogDevObjectVersion:   Dev-Rendering (12F88B9F-8875-4AFC-A67C-D90C383ABD29): 26
LogDevObjectVersion:   Dev-Sequencer (7B5AE74C-D270-4C10-A958-57980B212A5A): 9
LogDevObjectVersion:   Dev-VR (D7296918-1DD6-4BDD-9DE2-64A83CC13884): 2
LogDevObjectVersion:   Dev-LoadTimes (C2A15278-BFE7-4AFE-6C17-90FF531DF755): 1
LogDevObjectVersion:   Private-Geometry (6EACA3D4-40EC-4CC1-B786-8BED09428FC5): 3
LogDevObjectVersion:   Dev-AnimPhys (29E575DD-E0A3-4627-9D10-D276232CDCEA): 17
LogDevObjectVersion:   Dev-ReflectionCapture (6B266CEC-1EC7-4B8F-A30B-E4D90942FC07): 1
LogDevObjectVersion:   Dev-Automation (0DF73D61-A23F-47EA-B727-89E90C41499A): 1
LogDevObjectVersion:   FortniteMain (601D1886-AC64-4F84-AA16-D3DE0DEAC7D6): 12
LogDevObjectVersion:   Dev-Enterprise (9DFFBCD6-494F-0158-E221-12823C92A888): 1
LogStreaming: Display: Took  0.000s to delete old logs.
LogInit: Presizing for max 8388607 objects, including 0 objects not considered by GC, pre-allocating 0 bytes for permanent pool.
LogInit: Object subsystem initialized
[2020.11.14-10.56.57:832][  0]LogInit: Selected Device Profile: [Windows]
[2020.11.14-10.56.57:832][  0]LogInit: Applying CVar settings loaded from the selected device profile: [Windows]
[2020.11.14-10.56.57:838][  0]LogHAL: Display: Platform has ~ 16 GB [17023324160 / 17179869184 / 16], which maps to Larger [LargestMinGB=32, LargerMinGB=12, DefaultMinGB=8, SmallerMinGB=6, SmallestMinGB=0)
[2020.11.14-10.56.57:838][  0]LogInit: Setting Device Profile CVar: [[r.Vulkan.UseRealUBs:1]]
[2020.11.14-10.56.57:838][  0]LogInit: Going up to parent DeviceProfile []
[2020.11.14-10.56.57:838][  0]LogInit: Computer: LAPTOP-G3O3VCMT
[2020.11.14-10.56.57:838][  0]LogInit: User: Lotka
[2020.11.14-10.56.57:838][  0]LogInit: CPU Page size=4096, Cores=6
[2020.11.14-10.56.57:838][  0]LogInit: High frequency timer resolution =10.000000 MHz
[2020.11.14-10.56.57:838][  0]LogMemory: Memory total: Physical=15.9GB (16GB approx)
[2020.11.14-10.56.57:838][  0]LogMemory: Platform Memory Stats for Windows
[2020.11.14-10.56.57:838][  0]LogMemory: Process Physical Memory: 104.46 MB used, 104.46 MB peak
[2020.11.14-10.56.57:838][  0]LogMemory: Process Virtual Memory: 86.03 MB used, 86.03 MB peak
[2020.11.14-10.56.57:838][  0]LogMemory: Physical Memory: 7187.80 MB used,  9046.90 MB free, 16234.71 MB total
[2020.11.14-10.56.57:838][  0]LogMemory: Virtual Memory: 4641.36 MB used,  9046.90 MB free, 134217728.00 MB total
[2020.11.14-10.56.57:877][  0]LogInit: Using OS detected language (pl-PL).
[2020.11.14-10.56.57:877][  0]LogInit: Using OS detected locale (pl-PL).
[2020.11.14-10.56.57:878][  0]LogTextLocalizationManager: No specific localization for 'pl-PL' exists, so the 'pl' localization will be used.
[2020.11.14-10.56.57:879][  0]LogStreaming: Display: Took  0.002s to InitEngineTextLocalization.
[2020.11.14-10.56.57:879][  0]LogInit: Setting process to per monitor DPI aware
[2020.11.14-10.56.57:905][  0]LogSlate: New Slate User Created.  User Index 0, Is Virtual User: 0
[2020.11.14-10.56.57:905][  0]LogSlate: Slate User Registered.  User Index 0, Is Virtual User: 0
[2020.11.14-10.56.58:061][  0]LogHMD: Failed to initialize OpenVR with code 110
[2020.11.14-10.56.58:061][  0]LogD3D11RHI: D3D11 adapters:
[2020.11.14-10.56.58:134][  0]LogD3D11RHI:    0. 'NVIDIA GeForce RTX 2070' (Feature Level 11_0)
[2020.11.14-10.56.58:134][  0]LogD3D11RHI:       8031/0/8117 MB DedicatedVideo/DedicatedSystem/SharedSystem, Outputs:1, VendorId:0x10de
[2020.11.14-10.56.58:147][  0]LogD3D11RHI:    1. 'Intel(R) UHD Graphics 630' (Feature Level 11_0)
[2020.11.14-10.56.58:147][  0]LogD3D11RHI:       128/0/8117 MB DedicatedVideo/DedicatedSystem/SharedSystem, Outputs:0, VendorId:0x8086
[2020.11.14-10.56.58:149][  0]LogD3D11RHI:    2. 'Microsoft Basic Render Driver' (Feature Level 11_0)
[2020.11.14-10.56.58:149][  0]LogD3D11RHI:       0/0/8117 MB DedicatedVideo/DedicatedSystem/SharedSystem, Outputs:0, VendorId:0x1414
[2020.11.14-10.56.58:149][  0]LogD3D11RHI: Chosen D3D11 Adapter: 0
[2020.11.14-10.56.58:162][  0]LogD3D11RHI: Creating new Direct3DDevice
[2020.11.14-10.56.58:162][  0]LogD3D11RHI:     GPU DeviceId: 0x1f10 (for the marketing name, search the web for "GPU Device Id")
[2020.11.14-10.56.58:162][  0]LogWindows: EnumDisplayDevices:
[2020.11.14-10.56.58:162][  0]LogWindows:    0. 'Intel(R) UHD Graphics 630' (P:1 D:1)
[2020.11.14-10.56.58:162][  0]LogWindows:    1. 'Intel(R) UHD Graphics 630' (P:0 D:0)
[2020.11.14-10.56.58:162][  0]LogWindows:    2. 'Intel(R) UHD Graphics 630' (P:0 D:0)
[2020.11.14-10.56.58:163][  0]LogWindows:    3. 'NVIDIA GeForce RTX 2070' (P:0 D:0)
[2020.11.14-10.56.58:163][  0]LogWindows:    4. 'NVIDIA GeForce RTX 2070' (P:0 D:0)
[2020.11.14-10.56.58:163][  0]LogWindows:    5. 'NVIDIA GeForce RTX 2070' (P:0 D:0)
[2020.11.14-10.56.58:163][  0]LogWindows:    6. 'NVIDIA GeForce RTX 2070' (P:0 D:0)
[2020.11.14-10.56.58:163][  0]LogWindows: DebugString: PrimaryIsNotTheChoosenAdapter PrimaryIsNotTheChoosenAdapter PrimaryIsNotTheChoosenAdapter FoundDriverCount:4 
[2020.11.14-10.56.58:163][  0]LogD3D11RHI:     Adapter Name: NVIDIA GeForce RTX 2070
[2020.11.14-10.56.58:163][  0]LogD3D11RHI:   Driver Version: 441.12 (internal:26.21.14.4112, unified:441.12)
[2020.11.14-10.56.58:163][  0]LogD3D11RHI:      Driver Date: 10-24-2019
[2020.11.14-10.56.58:163][  0]LogRHI: Texture pool is 5621 MB (70% of 8031 MB)
[2020.11.14-10.56.58:206][  0]LogD3D11RHI: Async texture creation enabled
[2020.11.14-10.56.58:216][  0]LogD3D11RHI: GPU Timing Frequency: 1000.000000 (Debug: 2 1)
[2020.11.14-10.56.58:217][  0]LogShaderCompilers: Guid format shader working directory is 4 characters bigger than the processId version (../../../../Projekty/MazeGame/MazeGame_WG/Intermediate/Shaders/WorkingDirectory/12244/).
[2020.11.14-10.56.58:217][  0]LogShaderCompilers: Cleaned the shader compiler working directory 'C:/Users/Lotka/AppData/Local/Temp/UnrealShaderWorkingDir/BF05C8D04B80E2F75DC663B2CC698D23/'.
[2020.11.14-10.56.58:430][  0]LogTemp: Display: Loaded TP AllDesktopTargetPlatform
[2020.11.14-10.56.58:440][  0]LogTemp: Display: Loaded TP MacClientTargetPlatform
[2020.11.14-10.56.58:449][  0]LogTemp: Display: Loaded TP MacNoEditorTargetPlatform
[2020.11.14-10.56.58:459][  0]LogTemp: Display: Loaded TP MacServerTargetPlatform
[2020.11.14-10.56.58:468][  0]LogTemp: Display: Loaded TP MacTargetPlatform
[2020.11.14-10.56.58:478][  0]LogTemp: Display: Loaded TP WindowsClientTargetPlatform
[2020.11.14-10.56.58:488][  0]LogTemp: Display: Loaded TP WindowsNoEditorTargetPlatform
[2020.11.14-10.56.58:497][  0]LogTemp: Display: Loaded TP WindowsServerTargetPlatform
[2020.11.14-10.56.58:501][  0]LogTemp: Display: Loaded TP WindowsTargetPlatform
[2020.11.14-10.56.58:562][  0]LogTemp: Display: Loaded TP AndroidTargetPlatform
[2020.11.14-10.56.58:562][  0]LogTemp: Display: Loaded TP AndroidTargetPlatform
[2020.11.14-10.56.58:562][  0]LogTemp: Display: Loaded TP AndroidTargetPlatform
[2020.11.14-10.56.58:562][  0]LogTemp: Display: Loaded TP AndroidTargetPlatform
[2020.11.14-10.56.58:562][  0]LogTemp: Display: Loaded TP AndroidTargetPlatform
[2020.11.14-10.56.58:562][  0]LogTemp: Display: Loaded TP AndroidTargetPlatform
[2020.11.14-10.56.58:562][  0]LogTemp: Display: Loaded TP AndroidTargetPlatform
[2020.11.14-10.56.58:562][  0]LogTemp: Display: Loaded TP AndroidTargetPlatform
[2020.11.14-10.56.58:562][  0]LogTemp: Display: Loaded TP AndroidTargetPlatform
[2020.11.14-10.56.58:562][  0]LogTemp: Display: Loaded TP AndroidTargetPlatform
[2020.11.14-10.56.58:562][  0]LogTemp: Display: Loaded TP AndroidTargetPlatform
[2020.11.14-10.56.58:562][  0]LogTemp: Display: Loaded TP AndroidTargetPlatform
[2020.11.14-10.56.58:562][  0]LogTemp: Display: Loaded TP AndroidTargetPlatform
[2020.11.14-10.56.58:562][  0]LogTemp: Display: Loaded TP AndroidTargetPlatform
[2020.11.14-10.56.58:562][  0]LogTemp: Display: Loaded TP AndroidTargetPlatform
[2020.11.14-10.56.58:562][  0]LogTemp: Display: Loaded TP AndroidTargetPlatform
[2020.11.14-10.56.58:562][  0]LogTemp: Display: Loaded TP AndroidTargetPlatform
[2020.11.14-10.56.58:562][  0]LogTemp: Display: Loaded TP AndroidTargetPlatform
[2020.11.14-10.56.58:563][  0]LogTemp: Display: Loaded TP HTML5TargetPlatform
[2020.11.14-10.56.58:615][  0]LogTemp: Display: Loaded TP IOSTargetPlatform
[2020.11.14-10.56.58:615][  0]LogTemp: Display: Loaded TP IOSTargetPlatform
[2020.11.14-10.56.58:633][  0]LogTemp: Display: Loaded TP TVOSTargetPlatform
[2020.11.14-10.56.58:633][  0]LogTemp: Display: Loaded TP TVOSTargetPlatform
[2020.11.14-10.56.58:642][  0]LogTemp: Display: Loaded TP LinuxClientTargetPlatform
[2020.11.14-10.56.58:651][  0]LogTemp: Display: Loaded TP LinuxNoEditorTargetPlatform
[2020.11.14-10.56.58:660][  0]LogTemp: Display: Loaded TP LinuxServerTargetPlatform
[2020.11.14-10.56.58:669][  0]LogTemp: Display: Loaded TP LinuxTargetPlatform
[2020.11.14-10.56.58:676][  0]LogTemp: Display: Loaded TP LuminTargetPlatform
[2020.11.14-10.56.58:676][  0]LogTargetPlatformManager: Display: Building Assets For Windows
[2020.11.14-10.56.58:708][  0]LogXGEController: Cannot use XGE Controller as Incredibuild is not installed on this machine.
[2020.11.14-10.56.58:708][  0]LogShaderCompilers: Cannot use XGE Shader Compiler as Incredibuild is not installed on this machine.
[2020.11.14-10.56.58:708][  0]LogShaderCompilers: Display: Using Local Shader Compiler.
[2020.11.14-10.56.59:301][  0]LogDerivedDataCache: Display: Max Cache Size: 512 MB
[2020.11.14-10.56.59:350][  0]LogDerivedDataCache: Loaded boot cache 0.05s 87MB C:/Users/Lotka/AppData/Local/UnrealEngine/4.20/DerivedDataCache/Boot.ddc.
[2020.11.14-10.56.59:351][  0]LogDerivedDataCache: Display: Loaded Boot cache: C:/Users/Lotka/AppData/Local/UnrealEngine/4.20/DerivedDataCache/Boot.ddc
[2020.11.14-10.56.59:351][  0]LogDerivedDataCache: FDerivedDataBackendGraph:  Pak pak cache file ../../../../Projekty/MazeGame/MazeGame_WG/DerivedDataCache/DDC.ddp not found, will not use a pak cache.
[2020.11.14-10.56.59:351][  0]LogDerivedDataCache: Unable to find inner node Pak for hierarchical cache Hierarchy.
[2020.11.14-10.56.59:351][  0]LogDerivedDataCache: FDerivedDataBackendGraph:  CompressedPak pak cache file ../../../../Projekty/MazeGame/MazeGame_WG/DerivedDataCache/Compressed.ddp not found, will not use a pak cache.
[2020.11.14-10.56.59:351][  0]LogDerivedDataCache: Unable to find inner node CompressedPak for hierarchical cache Hierarchy.
[2020.11.14-10.56.59:363][  0]LogDerivedDataCache: Display: Pak cache opened for reading ../../../Engine/DerivedDataCache/Compressed.ddp.
[2020.11.14-10.56.59:375][  0]LogDerivedDataCache: Using Local data cache path C:/Users/Lotka/AppData/Local/UnrealEngine/Common/DerivedDataCache: Writable
[2020.11.14-10.56.59:375][  0]LogDerivedDataCache: Shared data cache path not found in *engine.ini, will not use an Shared cache.
[2020.11.14-10.56.59:375][  0]LogDerivedDataCache: Unable to find inner node Shared for hierarchical cache Hierarchy.
[2020.11.14-10.56.59:389][  0]LogMaterial: Verifying Global Shaders for PCD3D_SM5
[2020.11.14-10.56.59:391][  0]LogSlate: Using FreeType 2.6.0
[2020.11.14-10.56.59:391][  0]LogSlate: SlateFontServices - WITH_FREETYPE: 1, WITH_HARFBUZZ: 1
[2020.11.14-10.56.59:452][  0]LogAssetRegistry: FAssetRegistry took 0.0254 seconds to start up
[2020.11.14-10.56.59:706][  0]LogInit: Selected Device Profile: [Windows]
[2020.11.14-10.56.59:806][  0]LogSimplygon: Simplygon DLL not present - disabling.
[2020.11.14-10.56.59:808][  0]LogMeshReduction: Using SimplygonSwarm for distributed automatic mesh merging
[2020.11.14-10.56.59:808][  0]LogMeshReduction: Using ProxyLODMeshReduction for automatic mesh merging
[2020.11.14-10.56.59:808][  0]LogMeshReduction: Using QuadricMeshReduction for automatic static mesh reduction
[2020.11.14-10.56.59:808][  0]LogMeshReduction: No automatic skeletal mesh reduction module available
[2020.11.14-10.56.59:819][  0]LogNetVersion: MazeGame_WG 1.0.0, NetCL: 4212847, EngineNetVer: 5, GameNetVer: 0 (Checksum: 2275694692)
[2020.11.14-10.57.00:187][  0]LogPackageLocalizationCache: Processed 11 localized package path(s) for 2 prioritized culture(s) in 0.059988 seconds
[2020.11.14-10.57.00:192][  0]LogUObjectArray: 38425 objects as part of root set at end of initial load.
[2020.11.14-10.57.00:192][  0]LogUObjectAllocator: 6690864 out of 0 bytes used by permanent object pool.
[2020.11.14-10.57.00:192][  0]LogUObjectArray: CloseDisregardForGC: 0/0 objects in disregard for GC pool
[2020.11.14-10.57.00:818][  0]LogTcpMessaging: Initializing TcpMessaging bridge
[2020.11.14-10.57.00:836][  0]LogUdpMessaging: Initializing bridge on interface 0.0.0.0:0 to multicast group 230.0.0.1:6666.
[2020.11.14-10.57.00:961][  0]SourceControl: Source control is disabled
[2020.11.14-10.57.00:961][  0]SourceControl: Source control is disabled
[2020.11.14-10.57.00:962][  0]SourceControl: Source control is disabled
[2020.11.14-10.57.00:962][  0]SourceControl: Source control is disabled
[2020.11.14-10.57.01:111][  0]LogAndroidPermission: UAndroidPermissionCallbackProxy::GetInstance
[2020.11.14-10.57.01:463][  0]LogOcInput: OculusInput pre-init called
[2020.11.14-10.57.01:512][  0]LogEngine: Initializing Engine...
[2020.11.14-10.57.01:512][  0]LogHMD: Failed to initialize OpenVR with code 110
[2020.11.14-10.57.01:513][  0]LogStats: UGameplayTagsManager::ConstructGameplayTagTree: ImportINI prefixes -  0.000 s
[2020.11.14-10.57.01:513][  0]LogStats: UGameplayTagsManager::ConstructGameplayTagTree: Construct from data asset -  0.000 s
[2020.11.14-10.57.01:513][  0]LogStats: UGameplayTagsManager::ConstructGameplayTagTree: ImportINI -  0.000 s
[2020.11.14-10.57.01:513][  0]LogStats: UGameplayTagsManager::ConstructGameplayTagTree: GameplayTagTreeChangedEvent.Broadcast -  0.000 s
[2020.11.14-10.57.01:679][  0]LogInit: Initializing FReadOnlyCVARCache
[2020.11.14-10.57.01:686][  0]LogAIModule: Creating AISystem for world Untitled
[2020.11.14-10.57.01:698][  0]LogInit: XAudio2 using 'Speakers (3 — Realtek(R) Audio)' : 6 channels at 48 kHz using 32 bits per sample (channel mask 0x3f)
[2020.11.14-10.57.01:735][  0]LogInit: FAudioDevice initialized.
[2020.11.14-10.57.01:735][  0]LogNetVersion: Set ProjectVersion to 1.0.0.0. Version Checksum will be recalculated on next use.
[2020.11.14-10.57.01:781][  0]LogDerivedDataCache: Saved boot cache 0.05s 87MB C:/Users/Lotka/AppData/Local/UnrealEngine/4.20/DerivedDataCache/Boot.ddc.
[2020.11.14-10.57.01:785][  0]LogInit: Texture streaming: Enabled
[2020.11.14-10.57.01:793][  0]LogEngineSessionManager: EngineSessionManager initialized
[2020.11.14-10.57.01:802][  0]LogInit: Transaction tracking system initialized
[2020.11.14-10.57.01:813][  0]BlueprintLog: New page: Editor Load
[2020.11.14-10.57.01:883][  0]LocalizationService: Localization service is disabled
[2020.11.14-10.57.02:071][  0]LogFileCache: Scanning file cache for directory 'P:/Unreal/Projekty/MazeGame/MazeGame_WG/Content/' took 0.01s
[2020.11.14-10.57.02:071][  0]LogCook: Display: Max memory allowance for cook 16384mb min free memory 0mb
[2020.11.14-10.57.02:071][  0]LogCook: Display: Mobile HDR setting 1
[2020.11.14-10.57.02:071][  0]LogGameplayTags: Display: UGameplayTagsManager::DoneAddingNativeTags. DelegateIsBound: 0
[2020.11.14-10.57.02:071][  0]LogStats: UGameplayTagsManager::ConstructGameplayTagTree: ImportINI prefixes -  0.000 s
[2020.11.14-10.57.02:071][  0]LogStats: UGameplayTagsManager::ConstructGameplayTagTree: Construct from data asset -  0.000 s
[2020.11.14-10.57.02:071][  0]LogStats: UGameplayTagsManager::ConstructGameplayTagTree: ImportINI -  0.000 s
[2020.11.14-10.57.02:071][  0]LogStats: UGameplayTagsManager::ConstructGameplayTagTree: GameplayTagTreeChangedEvent.Broadcast -  0.000 s
[2020.11.14-10.57.02:151][  0]SourceControl: Source control is disabled
[2020.11.14-10.57.02:153][  0]LogFactory: FactoryCreateFile: PackFactory with PackFactory (0 0 P:/Unreal/UE_4.20/FeaturePacks/StarterContent.upack)
[2020.11.14-10.57.02:158][  0]LogPackFactory: Finished extracting 8 files (including 0 errors).
[2020.11.14-10.57.02:160][  0]LogPackFactory: Copied "../../../Samples/StarterContent/Content/StarterContent/Architecture/Floor_400x400.uasset" to "../../../../Projekty/MazeGame/MazeGame_WG/Content/StarterContent/Architecture/Floor_400x400.uasset"
[2020.11.14-10.57.02:161][  0]LogPackFactory: Copied "../../../Samples/StarterContent/Content/StarterContent/Architecture/Pillar_50x500.uasset" to "../../../../Projekty/MazeGame/MazeGame_WG/Content/StarterContent/Architecture/Pillar_50x500.uasset"
[2020.11.14-10.57.02:166][  0]LogPackFactory: Copied "../../../Samples/StarterContent/Content/StarterContent/Architecture/SM_AssetPlatform.uasset" to "../../../../Projekty/MazeGame/MazeGame_WG/Content/StarterContent/Architecture/SM_AssetPlatform.uasset"
[2020.11.14-10.57.02:167][  0]LogPackFactory: Copied "../../../Samples/StarterContent/Content/StarterContent/Architecture/Wall_400x200.uasset" to "../../../../Projekty/MazeGame/MazeGame_WG/Content/StarterContent/Architecture/Wall_400x200.uasset"
[2020.11.14-10.57.02:168][  0]LogPackFactory: Copied "../../../Samples/StarterContent/Content/StarterContent/Architecture/Wall_400x300.uasset" to "../../../../Projekty/MazeGame/MazeGame_WG/Content/StarterContent/Architecture/Wall_400x300.uasset"
[2020.11.14-10.57.02:169][  0]LogPackFactory: Copied "../../../Samples/StarterContent/Content/StarterContent/Architecture/Wall_400x400.uasset" to "../../../../Projekty/MazeGame/MazeGame_WG/Content/StarterContent/Architecture/Wall_400x400.uasset"
[2020.11.14-10.57.02:170][  0]LogPackFactory: Copied "../../../Samples/StarterContent/Content/StarterContent/Architecture/Wall_500x500.uasset" to "../../../../Projekty/MazeGame/MazeGame_WG/Content/StarterContent/Architecture/Wall_500x500.uasset"
[2020.11.14-10.57.02:171][  0]LogPackFactory: Copied "../../../Samples/StarterContent/Content/StarterContent/Architecture/Wall_Door_400x300.uasset" to "../../../../Projekty/MazeGame/MazeGame_WG/Content/StarterContent/Architecture/Wall_Door_400x300.uasset"
[2020.11.14-10.57.02:172][  0]LogPackFactory: Copied "../../../Samples/StarterContent/Content/StarterContent/Architecture/Wall_Door_400x400.uasset" to "../../../../Projekty/MazeGame/MazeGame_WG/Content/StarterContent/Architecture/Wall_Door_400x400.uasset"
[2020.11.14-10.57.02:173][  0]LogPackFactory: Copied "../../../Samples/StarterContent/Content/StarterContent/Architecture/Wall_Window_400x300.uasset" to "../../../../Projekty/MazeGame/MazeGame_WG/Content/StarterContent/Architecture/Wall_Window_400x300.uasset"
[2020.11.14-10.57.02:174][  0]LogPackFactory: Copied "../../../Samples/StarterContent/Content/StarterContent/Architecture/Wall_Window_400x400.uasset" to "../../../../Projekty/MazeGame/MazeGame_WG/Content/StarterContent/Architecture/Wall_Window_400x400.uasset"
[2020.11.14-10.57.02:177][  0]LogPackFactory: Copied "../../../Samples/StarterContent/Content/StarterContent/Audio/Collapse01.uasset" to "../../../../Projekty/MazeGame/MazeGame_WG/Content/StarterContent/Audio/Collapse01.uasset"
[2020.11.14-10.57.02:180][  0]LogPackFactory: Copied "../../../Samples/StarterContent/Content/StarterContent/Audio/Collapse02.uasset" to "../../../../Projekty/MazeGame/MazeGame_WG/Content/StarterContent/Audio/Collapse02.uasset"
[2020.11.14-10.57.02:181][  0]LogPackFactory: Copied "../../../Samples/StarterContent/Content/StarterContent/Audio/Collapse_Cue.uasset" to "../../../../Projekty/MazeGame/MazeGame_WG/Content/StarterContent/Audio/Collapse_Cue.uasset"
[2020.11.14-10.57.02:183][  0]LogPackFactory: Copied "../../../Samples/StarterContent/Content/StarterContent/Audio/Explosion01.uasset" to "../../../../Projekty/MazeGame/MazeGame_WG/Content/StarterContent/Audio/Explosion01.uasset"
[2020.11.14-10.57.02:186][  0]LogPackFactory: Copied "../../../Samples/StarterContent/Content/StarterContent/Audio/Explosion02.uasset" to "../../../../Projekty/MazeGame/MazeGame_WG/Content/StarterContent/Audio/Explosion02.uasset"
[2020.11.14-10.57.02:187][  0]LogPackFactory: Copied "../../../Samples/StarterContent/Content/StarterContent/Audio/Explosion_Cue.uasset" to "../../../../Projekty/MazeGame/MazeGame_WG/Content/StarterContent/Audio/Explosion_Cue.uasset"
[2020.11.14-10.57.02:192][  0]LogPackFactory: Copied "../../../Samples/StarterContent/Content/StarterContent/Audio/Fire01.uasset" to "../../../../Projekty/MazeGame/MazeGame_WG/Content/StarterContent/Audio/Fire01.uasset"
[2020.11.14-10.57.02:192][  0]LogPackFactory: Copied "../../../Samples/StarterContent/Content/StarterContent/Audio/Fire01_Cue.uasset" to "../../../../Projekty/MazeGame/MazeGame_WG/Content/StarterContent/Audio/Fire01_Cue.uasset"
[2020.11.14-10.57.02:196][  0]LogPackFactory: Copied "../../../Samples/StarterContent/Content/StarterContent/Audio/Fire_Sparks01.uasset" to "../../../../Projekty/MazeGame/MazeGame_WG/Content/StarterContent/Audio/Fire_Sparks01.uasset"
[2020.11.14-10.57.02:197][  0]LogPackFactory: Copied "../../../Samples/StarterContent/Content/StarterContent/Audio/Fire_Sparks01_Cue.uasset" to "../../../../Projekty/MazeGame/MazeGame_WG/Content/StarterContent/Audio/Fire_Sparks01_Cue.uasset"
[2020.11.14-10.57.02:200][  0]LogPackFactory: Copied "../../../Samples/StarterContent/Content/StarterContent/Audio/Light01.uasset" to "../../../../Projekty/MazeGame/MazeGame_WG/Content/StarterContent/Audio/Light01.uasset"
[2020.11.14-10.57.02:201][  0]LogPackFactory: Copied "../../../Samples/StarterContent/Content/StarterContent/Audio/Light01_Cue.uasset" to "../../../../Projekty/MazeGame/MazeGame_WG/Content/StarterContent/Audio/Light01_Cue.uasset"
[2020.11.14-10.57.02:204][  0]LogPackFactory: Copied "../../../Samples/StarterContent/Content/StarterContent/Audio/Light02.uasset" to "../../../../Projekty/MazeGame/MazeGame_WG/Content/StarterContent/Audio/Light02.uasset"
[2020.11.14-10.57.02:205][  0]LogPackFactory: Copied "../../../Samples/StarterContent/Content/StarterContent/Audio/Light02_Cue.uasset" to "../../../../Projekty/MazeGame/MazeGame_WG/Content/StarterContent/Audio/Light02_Cue.uasset"
[2020.11.14-10.57.02:209][  0]LogPackFactory: Copied "../../../Samples/StarterContent/Content/StarterContent/Audio/Smoke01.uasset" to "../../../../Projekty/MazeGame/MazeGame_WG/Content/StarterContent/Audio/Smoke01.uasset"
[2020.11.14-10.57.02:210][  0]LogPackFactory: Copied "../../../Samples/StarterContent/Content/StarterContent/Audio/Smoke01_Cue.uasset" to "../../../../Projekty/MazeGame/MazeGame_WG/Content/StarterContent/Audio/Smoke01_Cue.uasset"
[2020.11.14-10.57.02:211][  0]LogPackFactory: Copied "../../../Samples/StarterContent/Content/StarterContent/Audio/Starter_Background_Cue.uasset" to "../../../../Projekty/MazeGame/MazeGame_WG/Content/StarterContent/Audio/Starter_Background_Cue.uasset"
[2020.11.14-10.57.02:219][  0]LogPackFactory: Copied "../../../Samples/StarterContent/Content/StarterContent/Audio/Starter_Birds01.uasset" to "../../../../Projekty/MazeGame/MazeGame_WG/Content/StarterContent/Audio/Starter_Birds01.uasset"
[2020.11.14-10.57.02:238][  0]LogPackFactory: Copied "../../../Samples/StarterContent/Content/StarterContent/Audio/Starter_Music01.uasset" to "../../../../Projekty/MazeGame/MazeGame_WG/Content/StarterContent/Audio/Starter_Music01.uasset"
[2020.11.14-10.57.02:239][  0]LogPackFactory: Copied "../../../Samples/StarterContent/Content/StarterContent/Audio/Starter_Music_Cue.uasset" to "../../../../Projekty/MazeGame/MazeGame_WG/Content/StarterContent/Audio/Starter_Music_Cue.uasset"
[2020.11.14-10.57.02:245][  0]LogPackFactory: Copied "../../../Samples/StarterContent/Content/StarterContent/Audio/Starter_Wind05.uasset" to "../../../../Projekty/MazeGame/MazeGame_WG/Content/StarterContent/Audio/Starter_Wind05.uasset"
[2020.11.14-10.57.02:252][  0]LogPackFactory: Copied "../../../Samples/StarterContent/Content/StarterContent/Audio/Starter_Wind06.uasset" to "../../../../Projekty/MazeGame/MazeGame_WG/Content/StarterContent/Audio/Starter_Wind06.uasset"
[2020.11.14-10.57.02:256][  0]LogPackFactory: Copied "../../../Samples/StarterContent/Content/StarterContent/Audio/Steam01.uasset" to "../../../../Projekty/MazeGame/MazeGame_WG/Content/StarterContent/Audio/Steam01.uasset"
[2020.11.14-10.57.02:257][  0]LogPackFactory: Copied "../../../Samples/StarterContent/Content/StarterContent/Audio/Steam01_Cue.uasset" to "../../../../Projekty/MazeGame/MazeGame_WG/Content/StarterContent/Audio/Steam01_Cue.uasset"
[2020.11.14-10.57.02:258][  0]LogPackFactory: Copied "../../../Samples/StarterContent/Content/StarterContent/Blueprints/Blueprint_CeilingLight.uasset" to "../../../../Projekty/MazeGame/MazeGame_WG/Content/StarterContent/Blueprints/Blueprint_CeilingLight.uasset"
[2020.11.14-10.57.02:259][  0]LogPackFactory: Copied "../../../Samples/StarterContent/Content/StarterContent/Blueprints/Blueprint_Effect_Explosion.uasset" to "../../../../Projekty/MazeGame/MazeGame_WG/Content/StarterContent/Blueprints/Blueprint_Effect_Explosion.uasset"
[2020.11.14-10.57.02:260][  0]LogPackFactory: Copied "../../../Samples/StarterContent/Content/StarterContent/Blueprints/Blueprint_Effect_Fire.uasset" to "../../../../Projekty/MazeGame/MazeGame_WG/Content/StarterContent/Blueprints/Blueprint_Effect_Fire.uasset"
[2020.11.14-10.57.02:261][  0]LogPackFactory: Copied "../../../Samples/StarterContent/Content/StarterContent/Blueprints/Blueprint_Effect_Smoke.uasset" to "../../../../Projekty/MazeGame/MazeGame_WG/Content/StarterContent/Blueprints/Blueprint_Effect_Smoke.uasset"
[2020.11.14-10.57.02:262][  0]LogPackFactory: Copied "../../../Samples/StarterContent/Content/StarterContent/Blueprints/Blueprint_Effect_Sparks.uasset" to "../../../../Projekty/MazeGame/MazeGame_WG/Content/StarterContent/Blueprints/Blueprint_Effect_Sparks.uasset"
[2020.11.14-10.57.02:263][  0]LogPackFactory: Copied "../../../Samples/StarterContent/Content/StarterContent/Blueprints/Blueprint_Effect_Steam.uasset" to "../../../../Projekty/MazeGame/MazeGame_WG/Content/StarterContent/Blueprints/Blueprint_Effect_Steam.uasset"
[2020.11.14-10.57.02:265][  0]LogPackFactory: Copied "../../../Samples/StarterContent/Content/StarterContent/Blueprints/Blueprint_WallSconce.uasset" to "../../../../Projekty/MazeGame/MazeGame_WG/Content/StarterContent/Blueprints/Blueprint_WallSconce.uasset"
[2020.11.14-10.57.02:269][  0]LogPackFactory: Copied "../../../Samples/StarterContent/Content/StarterContent/Blueprints/BP_LightStudio.uasset" to "../../../../Projekty/MazeGame/MazeGame_WG/Content/StarterContent/Blueprints/BP_LightStudio.uasset"
[2020.11.14-10.57.02:270][  0]LogPackFactory: Copied "../../../Samples/StarterContent/Content/StarterContent/Blueprints/Assets/FogBrightnessLUT.uasset" to "../../../../Projekty/MazeGame/MazeGame_WG/Content/StarterContent/Blueprints/Assets/FogBrightnessLUT.uasset"
[2020.11.14-10.57.02:271][  0]LogPackFactory: Copied "../../../Samples/StarterContent/Content/StarterContent/Blueprints/Assets/M_LightStage_Arrows.uasset" to "../../../../Projekty/MazeGame/MazeGame_WG/Content/StarterContent/Blueprints/Assets/M_LightStage_Arrows.uasset"
[2020.11.14-10.57.02:272][  0]LogPackFactory: Copied "../../../Samples/StarterContent/Content/StarterContent/Blueprints/Assets/M_LightStage_Skybox_Black.uasset" to "../../../../Projekty/MazeGame/MazeGame_WG/Content/StarterContent/Blueprints/Assets/M_LightStage_Skybox_Black.uasset"
[2020.11.14-10.57.02:274][  0]LogPackFactory: Copied "../../../Samples/StarterContent/Content/StarterContent/Blueprints/Assets/M_LightStage_Skybox_HDRI.uasset" to "../../../../Projekty/MazeGame/MazeGame_WG/Content/StarterContent/Blueprints/Assets/M_LightStage_Skybox_HDRI.uasset"
[2020.11.14-10.57.02:275][  0]LogPackFactory: Copied "../../../Samples/StarterContent/Content/StarterContent/Blueprints/Assets/M_LightStage_Skybox_Master.uasset" to "../../../../Projekty/MazeGame/MazeGame_WG/Content/StarterContent/Blueprints/Assets/M_LightStage_Skybox_Master.uasset"
[2020.11.14-10.57.02:279][  0]LogPackFactory: Copied "../../../Samples/StarterContent/Content/StarterContent/Blueprints/Assets/Skybox.uasset" to "../../../../Projekty/MazeGame/MazeGame_WG/Content/StarterContent/Blueprints/Assets/Skybox.uasset"
[2020.11.14-10.57.02:282][  0]LogPackFactory: Copied "../../../Samples/StarterContent/Content/StarterContent/Blueprints/Assets/SM_Arrows.uasset" to "../../../../Projekty/MazeGame/MazeGame_WG/Content/StarterContent/Blueprints/Assets/SM_Arrows.uasset"
[2020.11.14-10.57.02:283][  0]LogPackFactory: Copied "../../../Samples/StarterContent/Content/StarterContent/Blueprints/Assets/SunlightColorLUT.uasset" to "../../../../Projekty/MazeGame/MazeGame_WG/Content/StarterContent/Blueprints/Assets/SunlightColorLUT.uasset"
[2020.11.14-10.57.02:437][  0]LogPackFactory: Copied "../../../Samples/StarterContent/Content/StarterContent/HDRI/HDRI_Epic_Courtyard_Daylight.uasset" to "../../../../Projekty/MazeGame/MazeGame_WG/Content/StarterContent/HDRI/HDRI_Epic_Courtyard_Daylight.uasset"
[2020.11.14-10.57.02:438][  0]LogPackFactory: Copied "../../../Samples/StarterContent/Content/StarterContent/Maps/Advanced_Lighting.umap" to "../../../../Projekty/MazeGame/MazeGame_WG/Content/StarterContent/Maps/Advanced_Lighting.umap"
[2020.11.14-10.57.02:444][  0]LogPackFactory: Copied "../../../Samples/StarterContent/Content/StarterContent/Maps/Advanced_Lighting_BuiltData.uasset" to "../../../../Projekty/MazeGame/MazeGame_WG/Content/StarterContent/Maps/Advanced_Lighting_BuiltData.uasset"
[2020.11.14-10.57.02:447][  0]LogPackFactory: Copied "../../../Samples/StarterContent/Content/StarterContent/Maps/Minimal_Default.umap" to "../../../../Projekty/MazeGame/MazeGame_WG/Content/StarterContent/Maps/Minimal_Default.umap"
[2020.11.14-10.57.02:458][  0]LogPackFactory: Copied "../../../Samples/StarterContent/Content/StarterContent/Maps/Minimal_Default_BuiltData.uasset" to "../../../../Projekty/MazeGame/MazeGame_WG/Content/StarterContent/Maps/Minimal_Default_BuiltData.uasset"
[2020.11.14-10.57.02:463][  0]LogPackFactory: Copied "../../../Samples/StarterContent/Content/StarterContent/Maps/StarterMap.umap" to "../../../../Projekty/MazeGame/MazeGame_WG/Content/StarterContent/Maps/StarterMap.umap"
[2020.11.14-10.57.02:515][  0]LogPackFactory: Copied "../../../Samples/StarterContent/Content/StarterContent/Maps/StarterMap_BuiltData.uasset" to "../../../../Projekty/MazeGame/MazeGame_WG/Content/StarterContent/Maps/StarterMap_BuiltData.uasset"
[2020.11.14-10.57.02:517][  0]LogPackFactory: Copied "../../../Samples/StarterContent/Content/StarterContent/Materials/M_AssetPlatform.uasset" to "../../../../Projekty/MazeGame/MazeGame_WG/Content/StarterContent/Materials/M_AssetPlatform.uasset"
[2020.11.14-10.57.02:518][  0]LogPackFactory: Copied "../../../Samples/StarterContent/Content/StarterContent/Materials/M_Basic_Floor.uasset" to "../../../../Projekty/MazeGame/MazeGame_WG/Content/StarterContent/Materials/M_Basic_Floor.uasset"
[2020.11.14-10.57.02:519][  0]LogPackFactory: Copied "../../../Samples/StarterContent/Content/StarterContent/Materials/M_Basic_Wall.uasset" to "../../../../Projekty/MazeGame/MazeGame_WG/Content/StarterContent/Materials/M_Basic_Wall.uasset"
[2020.11.14-10.57.02:521][  0]LogPackFactory: Copied "../../../Samples/StarterContent/Content/StarterContent/Materials/M_Brick_Clay_Beveled.uasset" to "../../../../Projekty/MazeGame/MazeGame_WG/Content/StarterContent/Materials/M_Brick_Clay_Beveled.uasset"
[2020.11.14-10.57.02:522][  0]LogPackFactory: Copied "../../../Samples/StarterContent/Content/StarterContent/Materials/M_Brick_Clay_New.uasset" to "../../../../Projekty/MazeGame/MazeGame_WG/Content/StarterContent/Materials/M_Brick_Clay_New.uasset"
[2020.11.14-10.57.02:524][  0]LogPackFactory: Copied "../../../Samples/StarterContent/Content/StarterContent/Materials/M_Brick_Clay_Old.uasset" to "../../../../Projekty/MazeGame/MazeGame_WG/Content/StarterContent/Materials/M_Brick_Clay_Old.uasset"
[2020.11.14-10.57.02:526][  0]LogPackFactory: Copied "../../../Samples/StarterContent/Content/StarterContent/Materials/M_Brick_Cut_Stone.uasset" to "../../../../Projekty/MazeGame/MazeGame_WG/Content/StarterContent/Materials/M_Brick_Cut_Stone.uasset"
[2020.11.14-10.57.02:528][  0]LogPackFactory: Copied "../../../Samples/StarterContent/Content/StarterContent/Materials/M_Brick_Hewn_Stone.uasset" to "../../../../Projekty/MazeGame/MazeGame_WG/Content/StarterContent/Materials/M_Brick_Hewn_Stone.uasset"
[2020.11.14-10.57.02:530][  0]LogPackFactory: Copied "../../../Samples/StarterContent/Content/StarterContent/Materials/M_Ceramic_Tile_Checker.uasset" to "../../../../Projekty/MazeGame/MazeGame_WG/Content/StarterContent/Materials/M_Ceramic_Tile_Checker.uasset"
[2020.11.14-10.57.02:532][  0]LogPackFactory: Copied "../../../Samples/StarterContent/Content/StarterContent/Materials/M_CobbleStone_Pebble.uasset" to "../../../../Projekty/MazeGame/MazeGame_WG/Content/StarterContent/Materials/M_CobbleStone_Pebble.uasset"
[2020.11.14-10.57.02:533][  0]LogPackFactory: Copied "../../../Samples/StarterContent/Content/StarterContent/Materials/M_CobbleStone_Rough.uasset" to "../../../../Projekty/MazeGame/MazeGame_WG/Content/StarterContent/Materials/M_CobbleStone_Rough.uasset"
[2020.11.14-10.57.02:535][  0]LogPackFactory: Copied "../../../Samples/StarterContent/Content/StarterContent/Materials/M_CobbleStone_Smooth.uasset" to "../../../../Projekty/MazeGame/MazeGame_WG/Content/StarterContent/Materials/M_CobbleStone_Smooth.uasset"
[2020.11.14-10.57.02:536][  0]LogPackFactory: Copied "../../../Samples/StarterContent/Content/StarterContent/Materials/M_ColorGrid_LowSpec.uasset" to "../../../../Projekty/MazeGame/MazeGame_WG/Content/StarterContent/Materials/M_ColorGrid_LowSpec.uasset"
[2020.11.14-10.57.02:538][  0]LogPackFactory: Copied "../../../Samples/StarterContent/Content/StarterContent/Materials/M_Concrete_Grime.uasset" to "../../../../Projekty/MazeGame/MazeGame_WG/Content/StarterContent/Materials/M_Concrete_Grime.uasset"
[2020.11.14-10.57.02:539][  0]LogPackFactory: Copied "../../../Samples/StarterContent/Content/StarterContent/Materials/M_Concrete_Panels.uasset" to "../../../../Projekty/MazeGame/MazeGame_WG/Content/StarterContent/Materials/M_Concrete_Panels.uasset"
[2020.11.14-10.57.02:541][  0]LogPackFactory: Copied "../../../Samples/StarterContent/Content/StarterContent/Materials/M_Concrete_Poured.uasset" to "../../../../Projekty/MazeGame/MazeGame_WG/Content/StarterContent/Materials/M_Concrete_Poured.uasset"
[2020.11.14-10.57.02:543][  0]LogPackFactory: Copied "../../../Samples/StarterContent/Content/StarterContent/Materials/M_Concrete_Tiles.uasset" to "../../../../Projekty/MazeGame/MazeGame_WG/Content/StarterContent/Materials/M_Concrete_Tiles.uasset"
[2020.11.14-10.57.02:544][  0]LogPackFactory: Copied "../../../Samples/StarterContent/Content/StarterContent/Materials/M_Glass.uasset" to "../../../../Projekty/MazeGame/MazeGame_WG/Content/StarterContent/Materials/M_Glass.uasset"
[2020.11.14-10.57.02:546][  0]LogPackFactory: Copied "../../../Samples/StarterContent/Content/StarterContent/Materials/M_Ground_Grass.uasset" to "../../../../Projekty/MazeGame/MazeGame_WG/Content/StarterContent/Materials/M_Ground_Grass.uasset"
[2020.11.14-10.57.02:548][  0]LogPackFactory: Copied "../../../Samples/StarterContent/Content/StarterContent/Materials/M_Ground_Gravel.uasset" to "../../../../Projekty/MazeGame/MazeGame_WG/Content/StarterContent/Materials/M_Ground_Gravel.uasset"
[2020.11.14-10.57.02:550][  0]LogPackFactory: Copied "../../../Samples/StarterContent/Content/StarterContent/Materials/M_Ground_Moss.uasset" to "../../../../Projekty/MazeGame/MazeGame_WG/Content/StarterContent/Materials/M_Ground_Moss.uasset"
[2020.11.14-10.57.02:552][  0]LogPackFactory: Copied "../../../Samples/StarterContent/Content/StarterContent/Materials/M_Metal_Brushed_Nickel.uasset" to "../../../../Projekty/MazeGame/MazeGame_WG/Content/StarterContent/Materials/M_Metal_Brushed_Nickel.uasset"
[2020.11.14-10.57.02:553][  0]LogPackFactory: Copied "../../../Samples/StarterContent/Content/StarterContent/Materials/M_Metal_Burnished_Steel.uasset" to "../../../../Projekty/MazeGame/MazeGame_WG/Content/StarterContent/Materials/M_Metal_Burnished_Steel.uasset"
[2020.11.14-10.57.02:555][  0]LogPackFactory: Copied "../../../Samples/StarterContent/Content/StarterContent/Materials/M_Metal_Chrome.uasset" to "../../../../Projekty/MazeGame/MazeGame_WG/Content/StarterContent/Materials/M_Metal_Chrome.uasset"
[2020.11.14-10.57.02:556][  0]LogPackFactory: Copied "../../../Samples/StarterContent/Content/StarterContent/Materials/M_Metal_Copper.uasset" to "../../../../Projekty/MazeGame/MazeGame_WG/Content/StarterContent/Materials/M_Metal_Copper.uasset"
[2020.11.14-10.57.02:557][  0]LogPackFactory: Copied "../../../Samples/StarterContent/Content/StarterContent/Materials/M_Metal_Gold.uasset" to "../../../../Projekty/MazeGame/MazeGame_WG/Content/StarterContent/Materials/M_Metal_Gold.uasset"
[2020.11.14-10.57.02:559][  0]LogPackFactory: Copied "../../../Samples/StarterContent/Content/StarterContent/Materials/M_Metal_Rust.uasset" to "../../../../Projekty/MazeGame/MazeGame_WG/Content/StarterContent/Materials/M_Metal_Rust.uasset"
[2020.11.14-10.57.02:560][  0]LogPackFactory: Copied "../../../Samples/StarterContent/Content/StarterContent/Materials/M_Metal_Steel.uasset" to "../../../../Projekty/MazeGame/MazeGame_WG/Content/StarterContent/Materials/M_Metal_Steel.uasset"
[2020.11.14-10.57.02:562][  0]LogPackFactory: Copied "../../../Samples/StarterContent/Content/StarterContent/Materials/M_Rock_Basalt.uasset" to "../../../../Projekty/MazeGame/MazeGame_WG/Content/StarterContent/Materials/M_Rock_Basalt.uasset"
[2020.11.14-10.57.02:564][  0]LogPackFactory: Copied "../../../Samples/StarterContent/Content/StarterContent/Materials/M_Rock_Marble_Polished.uasset" to "../../../../Projekty/MazeGame/MazeGame_WG/Content/StarterContent/Materials/M_Rock_Marble_Polished.uasset"
[2020.11.14-10.57.02:566][  0]LogPackFactory: Copied "../../../Samples/StarterContent/Content/StarterContent/Materials/M_Rock_Sandstone.uasset" to "../../../../Projekty/MazeGame/MazeGame_WG/Content/StarterContent/Materials/M_Rock_Sandstone.uasset"
[2020.11.14-10.57.02:568][  0]LogPackFactory: Copied "../../../Samples/StarterContent/Content/StarterContent/Materials/M_Rock_Slate.uasset" to "../../../../Projekty/MazeGame/MazeGame_WG/Content/StarterContent/Materials/M_Rock_Slate.uasset"
[2020.11.14-10.57.02:570][  0]LogPackFactory: Copied "../../../Samples/StarterContent/Content/StarterContent/Materials/M_Tech_Checker_Dot.uasset" to "../../../../Projekty/MazeGame/MazeGame_WG/Content/StarterContent/Materials/M_Tech_Checker_Dot.uasset"
[2020.11.14-10.57.02:572][  0]LogPackFactory: Copied "../../../Samples/StarterContent/Content/StarterContent/Materials/M_Tech_Hex_Tile.uasset" to "../../../../Projekty/MazeGame/MazeGame_WG/Content/StarterContent/Materials/M_Tech_Hex_Tile.uasset"
[2020.11.14-10.57.02:574][  0]LogPackFactory: Copied "../../../Samples/StarterContent/Content/StarterContent/Materials/M_Tech_Hex_Tile_Pulse.uasset" to "../../../../Projekty/MazeGame/MazeGame_WG/Content/StarterContent/Materials/M_Tech_Hex_Tile_Pulse.uasset"
[2020.11.14-10.57.02:575][  0]LogPackFactory: Copied "../../../Samples/StarterContent/Content/StarterContent/Materials/M_Tech_Panel.uasset" to "../../../../Projekty/MazeGame/MazeGame_WG/Content/StarterContent/Materials/M_Tech_Panel.uasset"
[2020.11.14-10.57.02:576][  0]LogPackFactory: Copied "../../../Samples/StarterContent/Content/StarterContent/Materials/M_Water_Lake.uasset" to "../../../../Projekty/MazeGame/MazeGame_WG/Content/StarterContent/Materials/M_Water_Lake.uasset"
[2020.11.14-10.57.02:578][  0]LogPackFactory: Copied "../../../Samples/StarterContent/Content/StarterContent/Materials/M_Water_Ocean.uasset" to "../../../../Projekty/MazeGame/MazeGame_WG/Content/StarterContent/Materials/M_Water_Ocean.uasset"
[2020.11.14-10.57.02:579][  0]LogPackFactory: Copied "../../../Samples/StarterContent/Content/StarterContent/Materials/M_Wood_Floor_Walnut_Polished.uasset" to "../../../../Projekty/MazeGame/MazeGame_WG/Content/StarterContent/Materials/M_Wood_Floor_Walnut_Polished.uasset"
[2020.11.14-10.57.02:580][  0]LogPackFactory: Copied "../../../Samples/StarterContent/Content/StarterContent/Materials/M_Wood_Floor_Walnut_Worn.uasset" to "../../../../Projekty/MazeGame/MazeGame_WG/Content/StarterContent/Materials/M_Wood_Floor_Walnut_Worn.uasset"
[2020.11.14-10.57.02:582][  0]LogPackFactory: Copied "../../../Samples/StarterContent/Content/StarterContent/Materials/M_Wood_Oak.uasset" to "../../../../Projekty/MazeGame/MazeGame_WG/Content/StarterContent/Materials/M_Wood_Oak.uasset"
[2020.11.14-10.57.02:583][  0]LogPackFactory: Copied "../../../Samples/StarterContent/Content/StarterContent/Materials/M_Wood_Pine.uasset" to "../../../../Projekty/MazeGame/MazeGame_WG/Content/StarterContent/Materials/M_Wood_Pine.uasset"
[2020.11.14-10.57.02:585][  0]LogPackFactory: Copied "../../../Samples/StarterContent/Content/StarterContent/Materials/M_Wood_Walnut.uasset" to "../../../../Projekty/MazeGame/MazeGame_WG/Content/StarterContent/Materials/M_Wood_Walnut.uasset"
[2020.11.14-10.57.02:586][  0]LogPackFactory: Copied "../../../Samples/StarterContent/Content/StarterContent/Particles/P_Ambient_Dust.uasset" to "../../../../Projekty/MazeGame/MazeGame_WG/Content/StarterContent/Particles/P_Ambient_Dust.uasset"
[2020.11.14-10.57.02:589][  0]LogPackFactory: Copied "../../../Samples/StarterContent/Content/StarterContent/Particles/P_Explosion.uasset" to "../../../../Projekty/MazeGame/MazeGame_WG/Content/StarterContent/Particles/P_Explosion.uasset"
[2020.11.14-10.57.02:591][  0]LogPackFactory: Copied "../../../Samples/StarterContent/Content/StarterContent/Particles/P_Fire.uasset" to "../../../../Projekty/MazeGame/MazeGame_WG/Content/StarterContent/Particles/P_Fire.uasset"
[2020.11.14-10.57.02:592][  0]LogPackFactory: Copied "../../../Samples/StarterContent/Content/StarterContent/Particles/P_Smoke.uasset" to "../../../../Projekty/MazeGame/MazeGame_WG/Content/StarterContent/Particles/P_Smoke.uasset"
[2020.11.14-10.57.02:593][  0]LogPackFactory: Copied "../../../Samples/StarterContent/Content/StarterContent/Particles/P_Sparks.uasset" to "../../../../Projekty/MazeGame/MazeGame_WG/Content/StarterContent/Particles/P_Sparks.uasset"
[2020.11.14-10.57.02:595][  0]LogPackFactory: Copied "../../../Samples/StarterContent/Content/StarterContent/Particles/P_Steam_Lit.uasset" to "../../../../Projekty/MazeGame/MazeGame_WG/Content/StarterContent/Particles/P_Steam_Lit.uasset"
[2020.11.14-10.57.02:596][  0]LogPackFactory: Copied "../../../Samples/StarterContent/Content/StarterContent/Particles/Materials/M_Burst.uasset" to "../../../../Projekty/MazeGame/MazeGame_WG/Content/StarterContent/Particles/Materials/M_Burst.uasset"
[2020.11.14-10.57.02:597][  0]LogPackFactory: Copied "../../../Samples/StarterContent/Content/StarterContent/Particles/Materials/M_Dust_Particle.uasset" to "../../../../Projekty/MazeGame/MazeGame_WG/Content/StarterContent/Particles/Materials/M_Dust_Particle.uasset"
[2020.11.14-10.57.02:598][  0]LogPackFactory: Copied "../../../Samples/StarterContent/Content/StarterContent/Particles/Materials/M_explosion_subUV.uasset" to "../../../../Projekty/MazeGame/MazeGame_WG/Content/StarterContent/Particles/Materials/M_explosion_subUV.uasset"
[2020.11.14-10.57.02:600][  0]LogPackFactory: Copied "../../../Samples/StarterContent/Content/StarterContent/Particles/Materials/M_Fire_SubUV.uasset" to "../../../../Projekty/MazeGame/MazeGame_WG/Content/StarterContent/Particles/Materials/M_Fire_SubUV.uasset"
[2020.11.14-10.57.02:601][  0]LogPackFactory: Copied "../../../Samples/StarterContent/Content/StarterContent/Particles/Materials/m_flare_01.uasset" to "../../../../Projekty/MazeGame/MazeGame_WG/Content/StarterContent/Particles/Materials/m_flare_01.uasset"
[2020.11.14-10.57.02:602][  0]LogPackFactory: Copied "../../../Samples/StarterContent/Content/StarterContent/Particles/Materials/M_Heat_Distortion.uasset" to "../../../../Projekty/MazeGame/MazeGame_WG/Content/StarterContent/Particles/Materials/M_Heat_Distortion.uasset"
[2020.11.14-10.57.02:603][  0]LogPackFactory: Copied "../../../Samples/StarterContent/Content/StarterContent/Particles/Materials/M_Radial_Gradient.uasset" to "../../../../Projekty/MazeGame/MazeGame_WG/Content/StarterContent/Particles/Materials/M_Radial_Gradient.uasset"
[2020.11.14-10.57.02:604][  0]LogPackFactory: Copied "../../../Samples/StarterContent/Content/StarterContent/Particles/Materials/M_radial_ramp.uasset" to "../../../../Projekty/MazeGame/MazeGame_WG/Content/StarterContent/Particles/Materials/M_radial_ramp.uasset"
[2020.11.14-10.57.02:606][  0]LogPackFactory: Copied "../../../Samples/StarterContent/Content/StarterContent/Particles/Materials/M_smoke_subUV.uasset" to "../../../../Projekty/MazeGame/MazeGame_WG/Content/StarterContent/Particles/Materials/M_smoke_subUV.uasset"
[2020.11.14-10.57.02:608][  0]LogPackFactory: Copied "../../../Samples/StarterContent/Content/StarterContent/Particles/Materials/M_Spark.uasset" to "../../../../Projekty/MazeGame/MazeGame_WG/Content/StarterContent/Particles/Materials/M_Spark.uasset"
[2020.11.14-10.57.02:610][  0]LogPackFactory: Copied "../../../Samples/StarterContent/Content/StarterContent/Props/MaterialSphere.uasset" to "../../../../Projekty/MazeGame/MazeGame_WG/Content/StarterContent/Props/MaterialSphere.uasset"
[2020.11.14-10.57.02:611][  0]LogPackFactory: Copied "../../../Samples/StarterContent/Content/StarterContent/Props/SM_Bush.uasset" to "../../../../Projekty/MazeGame/MazeGame_WG/Content/StarterContent/Props/SM_Bush.uasset"
[2020.11.14-10.57.02:613][  0]LogPackFactory: Copied "../../../Samples/StarterContent/Content/StarterContent/Props/SM_Chair.uasset" to "../../../../Projekty/MazeGame/MazeGame_WG/Content/StarterContent/Props/SM_Chair.uasset"
[2020.11.14-10.57.02:614][  0]LogPackFactory: Copied "../../../Samples/StarterContent/Content/StarterContent/Props/SM_CornerFrame.uasset" to "../../../../Projekty/MazeGame/MazeGame_WG/Content/StarterContent/Props/SM_CornerFrame.uasset"
[2020.11.14-10.57.02:616][  0]LogPackFactory: Copied "../../../Samples/StarterContent/Content/StarterContent/Props/SM_Couch.uasset" to "../../../../Projekty/MazeGame/MazeGame_WG/Content/StarterContent/Props/SM_Couch.uasset"
[2020.11.14-10.57.02:618][  0]LogPackFactory: Copied "../../../Samples/StarterContent/Content/StarterContent/Props/SM_Door.uasset" to "../../../../Projekty/MazeGame/MazeGame_WG/Content/StarterContent/Props/SM_Door.uasset"
[2020.11.14-10.57.02:619][  0]LogPackFactory: Copied "../../../Samples/StarterContent/Content/StarterContent/Props/SM_DoorFrame.uasset" to "../../../../Projekty/MazeGame/MazeGame_WG/Content/StarterContent/Props/SM_DoorFrame.uasset"
[2020.11.14-10.57.02:620][  0]LogPackFactory: Copied "../../../Samples/StarterContent/Content/StarterContent/Props/SM_GlassWindow.uasset" to "../../../../Projekty/MazeGame/MazeGame_WG/Content/StarterContent/Props/SM_GlassWindow.uasset"
[2020.11.14-10.57.02:622][  0]LogPackFactory: Copied "../../../Samples/StarterContent/Content/StarterContent/Props/SM_Lamp_Ceiling.uasset" to "../../../../Projekty/MazeGame/MazeGame_WG/Content/StarterContent/Props/SM_Lamp_Ceiling.uasset"
[2020.11.14-10.57.02:624][  0]LogPackFactory: Copied "../../../Samples/StarterContent/Content/StarterContent/Props/SM_Lamp_Wall.uasset" to "../../../../Projekty/MazeGame/MazeGame_WG/Content/StarterContent/Props/SM_Lamp_Wall.uasset"
[2020.11.14-10.57.02:633][  0]LogPackFactory: Copied "../../../Samples/StarterContent/Content/StarterContent/Props/SM_MatPreviewMesh_02.uasset" to "../../../../Projekty/MazeGame/MazeGame_WG/Content/StarterContent/Props/SM_MatPreviewMesh_02.uasset"
[2020.11.14-10.57.02:635][  0]LogPackFactory: Copied "../../../Samples/StarterContent/Content/StarterContent/Props/SM_PillarFrame.uasset" to "../../../../Projekty/MazeGame/MazeGame_WG/Content/StarterContent/Props/SM_PillarFrame.uasset"
[2020.11.14-10.57.02:636][  0]LogPackFactory: Copied "../../../Samples/StarterContent/Content/StarterContent/Props/SM_PillarFrame300.uasset" to "../../../../Projekty/MazeGame/MazeGame_WG/Content/StarterContent/Props/SM_PillarFrame300.uasset"
[2020.11.14-10.57.02:637][  0]LogPackFactory: Copied "../../../Samples/StarterContent/Content/StarterContent/Props/SM_Rock.uasset" to "../../../../Projekty/MazeGame/MazeGame_WG/Content/StarterContent/Props/SM_Rock.uasset"
[2020.11.14-10.57.02:638][  0]LogPackFactory: Copied "../../../Samples/StarterContent/Content/StarterContent/Props/SM_Shelf.uasset" to "../../../../Projekty/MazeGame/MazeGame_WG/Content/StarterContent/Props/SM_Shelf.uasset"
[2020.11.14-10.57.02:639][  0]LogPackFactory: Copied "../../../Samples/StarterContent/Content/StarterContent/Props/SM_Stairs.uasset" to "../../../../Projekty/MazeGame/MazeGame_WG/Content/StarterContent/Props/SM_Stairs.uasset"
[2020.11.14-10.57.02:643][  0]LogPackFactory: Copied "../../../Samples/StarterContent/Content/StarterContent/Props/SM_Statue.uasset" to "../../../../Projekty/MazeGame/MazeGame_WG/Content/StarterContent/Props/SM_Statue.uasset"
[2020.11.14-10.57.02:646][  0]LogPackFactory: Copied "../../../Samples/StarterContent/Content/StarterContent/Props/SM_TableRound.uasset" to "../../../../Projekty/MazeGame/MazeGame_WG/Content/StarterContent/Props/SM_TableRound.uasset"
[2020.11.14-10.57.02:648][  0]LogPackFactory: Copied "../../../Samples/StarterContent/Content/StarterContent/Props/SM_WindowFrame.uasset" to "../../../../Projekty/MazeGame/MazeGame_WG/Content/StarterContent/Props/SM_WindowFrame.uasset"
[2020.11.14-10.57.02:649][  0]LogPackFactory: Copied "../../../Samples/StarterContent/Content/StarterContent/Props/Materials/M_Bush.uasset" to "../../../../Projekty/MazeGame/MazeGame_WG/Content/StarterContent/Props/Materials/M_Bush.uasset"
[2020.11.14-10.57.02:650][  0]LogPackFactory: Copied "../../../Samples/StarterContent/Content/StarterContent/Props/Materials/M_Chair.uasset" to "../../../../Projekty/MazeGame/MazeGame_WG/Content/StarterContent/Props/Materials/M_Chair.uasset"
[2020.11.14-10.57.02:651][  0]LogPackFactory: Copied "../../../Samples/StarterContent/Content/StarterContent/Props/Materials/M_Door.uasset" to "../../../../Projekty/MazeGame/MazeGame_WG/Content/StarterContent/Props/Materials/M_Door.uasset"
[2020.11.14-10.57.02:652][  0]LogPackFactory: Copied "../../../Samples/StarterContent/Content/StarterContent/Props/Materials/M_Frame.uasset" to "../../../../Projekty/MazeGame/MazeGame_WG/Content/StarterContent/Props/Materials/M_Frame.uasset"
[2020.11.14-10.57.02:654][  0]LogPackFactory: Copied "../../../Samples/StarterContent/Content/StarterContent/Props/Materials/M_Lamp.uasset" to "../../../../Projekty/MazeGame/MazeGame_WG/Content/StarterContent/Props/Materials/M_Lamp.uasset"
[2020.11.14-10.57.02:655][  0]LogPackFactory: Copied "../../../Samples/StarterContent/Content/StarterContent/Props/Materials/M_MaterialSphere.uasset" to "../../../../Projekty/MazeGame/MazeGame_WG/Content/StarterContent/Props/Materials/M_MaterialSphere.uasset"
[2020.11.14-10.57.02:656][  0]LogPackFactory: Copied "../../../Samples/StarterContent/Content/StarterContent/Props/Materials/M_MaterialSphere_Plain.uasset" to "../../../../Projekty/MazeGame/MazeGame_WG/Content/StarterContent/Props/Materials/M_MaterialSphere_Plain.uasset"
[2020.11.14-10.57.02:657][  0]LogPackFactory: Copied "../../../Samples/StarterContent/Content/StarterContent/Props/Materials/M_Rock.uasset" to "../../../../Projekty/MazeGame/MazeGame_WG/Content/StarterContent/Props/Materials/M_Rock.uasset"
[2020.11.14-10.57.02:659][  0]LogPackFactory: Copied "../../../Samples/StarterContent/Content/StarterContent/Props/Materials/M_Shelf.uasset" to "../../../../Projekty/MazeGame/MazeGame_WG/Content/StarterContent/Props/Materials/M_Shelf.uasset"
[2020.11.14-10.57.02:661][  0]LogPackFactory: Copied "../../../Samples/StarterContent/Content/StarterContent/Props/Materials/M_Statue.uasset" to "../../../../Projekty/MazeGame/MazeGame_WG/Content/StarterContent/Props/Materials/M_Statue.uasset"
[2020.11.14-10.57.02:662][  0]LogPackFactory: Copied "../../../Samples/StarterContent/Content/StarterContent/Props/Materials/M_StatueGlass.uasset" to "../../../../Projekty/MazeGame/MazeGame_WG/Content/StarterContent/Props/Materials/M_StatueGlass.uasset"
[2020.11.14-10.57.02:664][  0]LogPackFactory: Copied "../../../Samples/StarterContent/Content/StarterContent/Props/Materials/M_TableRound.uasset" to "../../../../Projekty/MazeGame/MazeGame_WG/Content/StarterContent/Props/Materials/M_TableRound.uasset"
[2020.11.14-10.57.02:665][  0]LogPackFactory: Copied "../../../Samples/StarterContent/Content/StarterContent/Shapes/Shape_Cone.uasset" to "../../../../Projekty/MazeGame/MazeGame_WG/Content/StarterContent/Shapes/Shape_Cone.uasset"
[2020.11.14-10.57.02:667][  0]LogPackFactory: Copied "../../../Samples/StarterContent/Content/StarterContent/Shapes/Shape_Cube.uasset" to "../../../../Projekty/MazeGame/MazeGame_WG/Content/StarterContent/Shapes/Shape_Cube.uasset"
[2020.11.14-10.57.02:668][  0]LogPackFactory: Copied "../../../Samples/StarterContent/Content/StarterContent/Shapes/Shape_Cylinder.uasset" to "../../../../Projekty/MazeGame/MazeGame_WG/Content/StarterContent/Shapes/Shape_Cylinder.uasset"
[2020.11.14-10.57.02:670][  0]LogPackFactory: Copied "../../../Samples/StarterContent/Content/StarterContent/Shapes/Shape_NarrowCapsule.uasset" to "../../../../Projekty/MazeGame/MazeGame_WG/Content/StarterContent/Shapes/Shape_NarrowCapsule.uasset"
[2020.11.14-10.57.02:671][  0]LogPackFactory: Copied "../../../Samples/StarterContent/Content/StarterContent/Shapes/Shape_Pipe.uasset" to "../../../../Projekty/MazeGame/MazeGame_WG/Content/StarterContent/Shapes/Shape_Pipe.uasset"
[2020.11.14-10.57.02:673][  0]LogPackFactory: Copied "../../../Samples/StarterContent/Content/StarterContent/Shapes/Shape_Pipe_180.uasset" to "../../../../Projekty/MazeGame/MazeGame_WG/Content/StarterContent/Shapes/Shape_Pipe_180.uasset"
[2020.11.14-10.57.02:674][  0]LogPackFactory: Copied "../../../Samples/StarterContent/Content/StarterContent/Shapes/Shape_Pipe_90.uasset" to "../../../../Projekty/MazeGame/MazeGame_WG/Content/StarterContent/Shapes/Shape_Pipe_90.uasset"
[2020.11.14-10.57.02:675][  0]LogPackFactory: Copied "../../../Samples/StarterContent/Content/StarterContent/Shapes/Shape_Plane.uasset" to "../../../../Projekty/MazeGame/MazeGame_WG/Content/StarterContent/Shapes/Shape_Plane.uasset"
[2020.11.14-10.57.02:676][  0]LogPackFactory: Copied "../../../Samples/StarterContent/Content/StarterContent/Shapes/Shape_QuadPyramid.uasset" to "../../../../Projekty/MazeGame/MazeGame_WG/Content/StarterContent/Shapes/Shape_QuadPyramid.uasset"
[2020.11.14-10.57.02:678][  0]LogPackFactory: Copied "../../../Samples/StarterContent/Content/StarterContent/Shapes/Shape_Sphere.uasset" to "../../../../Projekty/MazeGame/MazeGame_WG/Content/StarterContent/Shapes/Shape_Sphere.uasset"
[2020.11.14-10.57.02:680][  0]LogPackFactory: Copied "../../../Samples/StarterContent/Content/StarterContent/Shapes/Shape_Torus.uasset" to "../../../../Projekty/MazeGame/MazeGame_WG/Content/StarterContent/Shapes/Shape_Torus.uasset"
[2020.11.14-10.57.02:681][  0]LogPackFactory: Copied "../../../Samples/StarterContent/Content/StarterContent/Shapes/Shape_Trim.uasset" to "../../../../Projekty/MazeGame/MazeGame_WG/Content/StarterContent/Shapes/Shape_Trim.uasset"
[2020.11.14-10.57.02:682][  0]LogPackFactory: Copied "../../../Samples/StarterContent/Content/StarterContent/Shapes/Shape_Trim_90_In.uasset" to "../../../../Projekty/MazeGame/MazeGame_WG/Content/StarterContent/Shapes/Shape_Trim_90_In.uasset"
[2020.11.14-10.57.02:683][  0]LogPackFactory: Copied "../../../Samples/StarterContent/Content/StarterContent/Shapes/Shape_Trim_90_Out.uasset" to "../../../../Projekty/MazeGame/MazeGame_WG/Content/StarterContent/Shapes/Shape_Trim_90_Out.uasset"
[2020.11.14-10.57.02:683][  0]LogPackFactory: Copied "../../../Samples/StarterContent/Content/StarterContent/Shapes/Shape_TriPyramid.uasset" to "../../../../Projekty/MazeGame/MazeGame_WG/Content/StarterContent/Shapes/Shape_TriPyramid.uasset"
[2020.11.14-10.57.02:685][  0]LogPackFactory: Copied "../../../Samples/StarterContent/Content/StarterContent/Shapes/Shape_Tube.uasset" to "../../../../Projekty/MazeGame/MazeGame_WG/Content/StarterContent/Shapes/Shape_Tube.uasset"
[2020.11.14-10.57.02:686][  0]LogPackFactory: Copied "../../../Samples/StarterContent/Content/StarterContent/Shapes/Shape_Wedge_A.uasset" to "../../../../Projekty/MazeGame/MazeGame_WG/Content/StarterContent/Shapes/Shape_Wedge_A.uasset"
[2020.11.14-10.57.02:687][  0]LogPackFactory: Copied "../../../Samples/StarterContent/Content/StarterContent/Shapes/Shape_Wedge_B.uasset" to "../../../../Projekty/MazeGame/MazeGame_WG/Content/StarterContent/Shapes/Shape_Wedge_B.uasset"
[2020.11.14-10.57.02:689][  0]LogPackFactory: Copied "../../../Samples/StarterContent/Content/StarterContent/Shapes/Shape_WideCapsule.uasset" to "../../../../Projekty/MazeGame/MazeGame_WG/Content/StarterContent/Shapes/Shape_WideCapsule.uasset"
[2020.11.14-10.57.02:711][  0]LogPackFactory: Copied "../../../Samples/StarterContent/Content/StarterContent/Textures/T_Brick_Clay_Beveled_D.uasset" to "../../../../Projekty/MazeGame/MazeGame_WG/Content/StarterContent/Textures/T_Brick_Clay_Beveled_D.uasset"
[2020.11.14-10.57.02:732][  0]LogPackFactory: Copied "../../../Samples/StarterContent/Content/StarterContent/Textures/T_Brick_Clay_Beveled_M.uasset" to "../../../../Projekty/MazeGame/MazeGame_WG/Content/StarterContent/Textures/T_Brick_Clay_Beveled_M.uasset"
[2020.11.14-10.57.02:750][  0]LogPackFactory: Copied "../../../Samples/StarterContent/Content/StarterContent/Textures/T_Brick_Clay_Beveled_N.uasset" to "../../../../Projekty/MazeGame/MazeGame_WG/Content/StarterContent/Textures/T_Brick_Clay_Beveled_N.uasset"
[2020.11.14-10.57.02:767][  0]LogPackFactory: Copied "../../../Samples/StarterContent/Content/StarterContent/Textures/T_Brick_Clay_New_D.uasset" to "../../../../Projekty/MazeGame/MazeGame_WG/Content/StarterContent/Textures/T_Brick_Clay_New_D.uasset"
[2020.11.14-10.57.02:791][  0]LogPackFactory: Copied "../../../Samples/StarterContent/Content/StarterContent/Textures/T_Brick_Clay_New_M.uasset" to "../../../../Projekty/MazeGame/MazeGame_WG/Content/StarterContent/Textures/T_Brick_Clay_New_M.uasset"
[2020.11.14-10.57.02:811][  0]LogPackFactory: Copied "../../../Samples/StarterContent/Content/StarterContent/Textures/T_Brick_Clay_New_N.uasset" to "../../../../Projekty/MazeGame/MazeGame_WG/Content/StarterContent/Textures/T_Brick_Clay_New_N.uasset"
[2020.11.14-10.57.02:839][  0]LogPackFactory: Copied "../../../Samples/StarterContent/Content/StarterContent/Textures/T_Brick_Clay_Old_D.uasset" to "../../../../Projekty/MazeGame/MazeGame_WG/Content/StarterContent/Textures/T_Brick_Clay_Old_D.uasset"
[2020.11.14-10.57.02:859][  0]LogPackFactory: Copied "../../../Samples/StarterContent/Content/StarterContent/Textures/T_Brick_Clay_Old_N.uasset" to "../../../../Projekty/MazeGame/MazeGame_WG/Content/StarterContent/Textures/T_Brick_Clay_Old_N.uasset"
[2020.11.14-10.57.02:890][  0]LogPackFactory: Copied "../../../Samples/StarterContent/Content/StarterContent/Textures/T_Brick_Cut_Stone_D.uasset" to "../../../../Projekty/MazeGame/MazeGame_WG/Content/StarterContent/Textures/T_Brick_Cut_Stone_D.uasset"
[2020.11.14-10.57.02:909][  0]LogPackFactory: Copied "../../../Samples/StarterContent/Content/StarterContent/Textures/T_Brick_Cut_Stone_N.uasset" to "../../../../Projekty/MazeGame/MazeGame_WG/Content/StarterContent/Textures/T_Brick_Cut_Stone_N.uasset"
[2020.11.14-10.57.02:927][  0]LogPackFactory: Copied "../../../Samples/StarterContent/Content/StarterContent/Textures/T_Brick_Hewn_Stone_D.uasset" to "../../../../Projekty/MazeGame/MazeGame_WG/Content/StarterContent/Textures/T_Brick_Hewn_Stone_D.uasset"
[2020.11.14-10.57.02:946][  0]LogPackFactory: Copied "../../../Samples/StarterContent/Content/StarterContent/Textures/T_Brick_Hewn_Stone_M.uasset" to "../../../../Projekty/MazeGame/MazeGame_WG/Content/StarterContent/Textures/T_Brick_Hewn_Stone_M.uasset"
[2020.11.14-10.57.02:966][  0]LogPackFactory: Copied "../../../Samples/StarterContent/Content/StarterContent/Textures/T_Brick_Hewn_Stone_N.uasset" to "../../../../Projekty/MazeGame/MazeGame_WG/Content/StarterContent/Textures/T_Brick_Hewn_Stone_N.uasset"
[2020.11.14-10.57.02:968][  0]LogPackFactory: Copied "../../../Samples/StarterContent/Content/StarterContent/Textures/T_Burst_M.uasset" to "../../../../Projekty/MazeGame/MazeGame_WG/Content/StarterContent/Textures/T_Burst_M.uasset"
[2020.11.14-10.57.02:971][  0]LogPackFactory: Copied "../../../Samples/StarterContent/Content/StarterContent/Textures/T_Bush_D.uasset" to "../../../../Projekty/MazeGame/MazeGame_WG/Content/StarterContent/Textures/T_Bush_D.uasset"
[2020.11.14-10.57.02:974][  0]LogPackFactory: Copied "../../../Samples/StarterContent/Content/StarterContent/Textures/T_Bush_N.uasset" to "../../../../Projekty/MazeGame/MazeGame_WG/Content/StarterContent/Textures/T_Bush_N.uasset"
[2020.11.14-10.57.02:977][  0]LogPackFactory: Copied "../../../Samples/StarterContent/Content/StarterContent/Textures/T_Ceramic_Tile_M.uasset" to "../../../../Projekty/MazeGame/MazeGame_WG/Content/StarterContent/Textures/T_Ceramic_Tile_M.uasset"
[2020.11.14-10.57.02:979][  0]LogPackFactory: Copied "../../../Samples/StarterContent/Content/StarterContent/Textures/T_Ceramic_Tile_N.uasset" to "../../../../Projekty/MazeGame/MazeGame_WG/Content/StarterContent/Textures/T_Ceramic_Tile_N.uasset"
[2020.11.14-10.57.02:982][  0]LogPackFactory: Copied "../../../Samples/StarterContent/Content/StarterContent/Textures/T_Chair_M.uasset" to "../../../../Projekty/MazeGame/MazeGame_WG/Content/StarterContent/Textures/T_Chair_M.uasset"
[2020.11.14-10.57.02:988][  0]LogPackFactory: Copied "../../../Samples/StarterContent/Content/StarterContent/Textures/T_Chair_N.uasset" to "../../../../Projekty/MazeGame/MazeGame_WG/Content/StarterContent/Textures/T_Chair_N.uasset"
[2020.11.14-10.57.02:989][  0]LogPackFactory: Copied "../../../Samples/StarterContent/Content/StarterContent/Textures/T_Checker_Noise_M.uasset" to "../../../../Projekty/MazeGame/MazeGame_WG/Content/StarterContent/Textures/T_Checker_Noise_M.uasset"
[2020.11.14-10.57.03:016][  0]LogPackFactory: Copied "../../../Samples/StarterContent/Content/StarterContent/Textures/T_CobbleStone_Pebble_D.uasset" to "../../../../Projekty/MazeGame/MazeGame_WG/Content/StarterContent/Textures/T_CobbleStone_Pebble_D.uasset"
[2020.11.14-10.57.03:021][  0]LogPackFactory: Copied "../../../Samples/StarterContent/Content/StarterContent/Textures/T_CobbleStone_Pebble_M.uasset" to "../../../../Projekty/MazeGame/MazeGame_WG/Content/StarterContent/Textures/T_CobbleStone_Pebble_M.uasset"
[2020.11.14-10.57.03:049][  0]LogPackFactory: Copied "../../../Samples/StarterContent/Content/StarterContent/Textures/T_CobbleStone_Pebble_N.uasset" to "../../../../Projekty/MazeGame/MazeGame_WG/Content/StarterContent/Textures/T_CobbleStone_Pebble_N.uasset"
[2020.11.14-10.57.03:057][  0]LogPackFactory: Copied "../../../Samples/StarterContent/Content/StarterContent/Textures/T_CobbleStone_Rough_D.uasset" to "../../../../Projekty/MazeGame/MazeGame_WG/Content/StarterContent/Textures/T_CobbleStone_Rough_D.uasset"
[2020.11.14-10.57.03:068][  0]LogPackFactory: Copied "../../../Samples/StarterContent/Content/StarterContent/Textures/T_CobbleStone_Rough_N.uasset" to "../../../../Projekty/MazeGame/MazeGame_WG/Content/StarterContent/Textures/T_CobbleStone_Rough_N.uasset"
[2020.11.14-10.57.03:085][  0]LogPackFactory: Copied "../../../Samples/StarterContent/Content/StarterContent/Textures/T_CobbleStone_Smooth_D.uasset" to "../../../../Projekty/MazeGame/MazeGame_WG/Content/StarterContent/Textures/T_CobbleStone_Smooth_D.uasset"
[2020.11.14-10.57.03:101][  0]LogPackFactory: Copied "../../../Samples/StarterContent/Content/StarterContent/Textures/T_CobbleStone_Smooth_M.uasset" to "../../../../Projekty/MazeGame/MazeGame_WG/Content/StarterContent/Textures/T_CobbleStone_Smooth_M.uasset"
[2020.11.14-10.57.03:124][  0]LogPackFactory: Copied "../../../Samples/StarterContent/Content/StarterContent/Textures/T_CobbleStone_Smooth_N.uasset" to "../../../../Projekty/MazeGame/MazeGame_WG/Content/StarterContent/Textures/T_CobbleStone_Smooth_N.uasset"
[2020.11.14-10.57.03:150][  0]LogPackFactory: Copied "../../../Samples/StarterContent/Content/StarterContent/Textures/T_Concrete_Grime_D.uasset" to "../../../../Projekty/MazeGame/MazeGame_WG/Content/StarterContent/Textures/T_Concrete_Grime_D.uasset"
[2020.11.14-10.57.03:172][  0]LogPackFactory: Copied "../../../Samples/StarterContent/Content/StarterContent/Textures/T_Concrete_Panels_D.uasset" to "../../../../Projekty/MazeGame/MazeGame_WG/Content/StarterContent/Textures/T_Concrete_Panels_D.uasset"
[2020.11.14-10.57.03:186][  0]LogPackFactory: Copied "../../../Samples/StarterContent/Content/StarterContent/Textures/T_Concrete_Panels_N.uasset" to "../../../../Projekty/MazeGame/MazeGame_WG/Content/StarterContent/Textures/T_Concrete_Panels_N.uasset"
[2020.11.14-10.57.03:212][  0]LogPackFactory: Copied "../../../Samples/StarterContent/Content/StarterContent/Textures/T_Concrete_Poured_D.uasset" to "../../../../Projekty/MazeGame/MazeGame_WG/Content/StarterContent/Textures/T_Concrete_Poured_D.uasset"
[2020.11.14-10.57.03:231][  0]LogPackFactory: Copied "../../../Samples/StarterContent/Content/StarterContent/Textures/T_Concrete_Poured_N.uasset" to "../../../../Projekty/MazeGame/MazeGame_WG/Content/StarterContent/Textures/T_Concrete_Poured_N.uasset"
[2020.11.14-10.57.03:242][  0]LogPackFactory: Copied "../../../Samples/StarterContent/Content/StarterContent/Textures/T_Concrete_Tiles_D.uasset" to "../../../../Projekty/MazeGame/MazeGame_WG/Content/StarterContent/Textures/T_Concrete_Tiles_D.uasset"
[2020.11.14-10.57.03:255][  0]LogPackFactory: Copied "../../../Samples/StarterContent/Content/StarterContent/Textures/T_Concrete_Tiles_M.uasset" to "../../../../Projekty/MazeGame/MazeGame_WG/Content/StarterContent/Textures/T_Concrete_Tiles_M.uasset"
[2020.11.14-10.57.03:271][  0]LogPackFactory: Copied "../../../Samples/StarterContent/Content/StarterContent/Textures/T_Concrete_Tiles_N.uasset" to "../../../../Projekty/MazeGame/MazeGame_WG/Content/StarterContent/Textures/T_Concrete_Tiles_N.uasset"
[2020.11.14-10.57.03:272][  0]LogPackFactory: Copied "../../../Samples/StarterContent/Content/StarterContent/Textures/T_Concrete_Tiles_Variation_M.uasset" to "../../../../Projekty/MazeGame/MazeGame_WG/Content/StarterContent/Textures/T_Concrete_Tiles_Variation_M.uasset"
[2020.11.14-10.57.03:282][  0]LogPackFactory: Copied "../../../Samples/StarterContent/Content/StarterContent/Textures/T_Detail_Rocky_N.uasset" to "../../../../Projekty/MazeGame/MazeGame_WG/Content/StarterContent/Textures/T_Detail_Rocky_N.uasset"
[2020.11.14-10.57.03:285][  0]LogPackFactory: Copied "../../../Samples/StarterContent/Content/StarterContent/Textures/T_Door_M.uasset" to "../../../../Projekty/MazeGame/MazeGame_WG/Content/StarterContent/Textures/T_Door_M.uasset"
[2020.11.14-10.57.03:289][  0]LogPackFactory: Copied "../../../Samples/StarterContent/Content/StarterContent/Textures/T_Door_N.uasset" to "../../../../Projekty/MazeGame/MazeGame_WG/Content/StarterContent/Textures/T_Door_N.uasset"
[2020.11.14-10.57.03:290][  0]LogPackFactory: Copied "../../../Samples/StarterContent/Content/StarterContent/Textures/T_Dust_Particle_D.uasset" to "../../../../Projekty/MazeGame/MazeGame_WG/Content/StarterContent/Textures/T_Dust_Particle_D.uasset"
[2020.11.14-10.57.03:298][  0]LogPackFactory: Copied "../../../Samples/StarterContent/Content/StarterContent/Textures/T_Explosion_SubUV.uasset" to "../../../../Projekty/MazeGame/MazeGame_WG/Content/StarterContent/Textures/T_Explosion_SubUV.uasset"
[2020.11.14-10.57.03:301][  0]LogPackFactory: Copied "../../../Samples/StarterContent/Content/StarterContent/Textures/T_Fire_SubUV.uasset" to "../../../../Projekty/MazeGame/MazeGame_WG/Content/StarterContent/Textures/T_Fire_SubUV.uasset"
[2020.11.14-10.57.03:304][  0]LogPackFactory: Copied "../../../Samples/StarterContent/Content/StarterContent/Textures/T_Fire_Tiled_D.uasset" to "../../../../Projekty/MazeGame/MazeGame_WG/Content/StarterContent/Textures/T_Fire_Tiled_D.uasset"
[2020.11.14-10.57.03:308][  0]LogPackFactory: Copied "../../../Samples/StarterContent/Content/StarterContent/Textures/T_Frame_M.uasset" to "../../../../Projekty/MazeGame/MazeGame_WG/Content/StarterContent/Textures/T_Frame_M.uasset"
[2020.11.14-10.57.03:313][  0]LogPackFactory: Copied "../../../Samples/StarterContent/Content/StarterContent/Textures/T_Frame_N.uasset" to "../../../../Projekty/MazeGame/MazeGame_WG/Content/StarterContent/Textures/T_Frame_N.uasset"
[2020.11.14-10.57.03:314][  0]LogPackFactory: Copied "../../../Samples/StarterContent/Content/StarterContent/Textures/T_Gradinet_01.uasset" to "../../../../Projekty/MazeGame/MazeGame_WG/Content/StarterContent/Textures/T_Gradinet_01.uasset"
[2020.11.14-10.57.03:340][  0]LogPackFactory: Copied "../../../Samples/StarterContent/Content/StarterContent/Textures/T_Ground_Grass_D.uasset" to "../../../../Projekty/MazeGame/MazeGame_WG/Content/StarterContent/Textures/T_Ground_Grass_D.uasset"
[2020.11.14-10.57.03:363][  0]LogPackFactory: Copied "../../../Samples/StarterContent/Content/StarterContent/Textures/T_Ground_Grass_N.uasset" to "../../../../Projekty/MazeGame/MazeGame_WG/Content/StarterContent/Textures/T_Ground_Grass_N.uasset"
[2020.11.14-10.57.03:388][  0]LogPackFactory: Copied "../../../Samples/StarterContent/Content/StarterContent/Textures/T_Ground_Gravel_D.uasset" to "../../../../Projekty/MazeGame/MazeGame_WG/Content/StarterContent/Textures/T_Ground_Gravel_D.uasset"
[2020.11.14-10.57.03:407][  0]LogPackFactory: Copied "../../../Samples/StarterContent/Content/StarterContent/Textures/T_Ground_Gravel_N.uasset" to "../../../../Projekty/MazeGame/MazeGame_WG/Content/StarterContent/Textures/T_Ground_Gravel_N.uasset"
[2020.11.14-10.57.03:439][  0]LogPackFactory: Copied "../../../Samples/StarterContent/Content/StarterContent/Textures/T_ground_Moss_D.uasset" to "../../../../Projekty/MazeGame/MazeGame_WG/Content/StarterContent/Textures/T_ground_Moss_D.uasset"
[2020.11.14-10.57.03:459][  0]LogPackFactory: Copied "../../../Samples/StarterContent/Content/StarterContent/Textures/T_Ground_Moss_N.uasset" to "../../../../Projekty/MazeGame/MazeGame_WG/Content/StarterContent/Textures/T_Ground_Moss_N.uasset"
[2020.11.14-10.57.03:463][  0]LogPackFactory: Copied "../../../Samples/StarterContent/Content/StarterContent/Textures/T_Lamp_M.uasset" to "../../../../Projekty/MazeGame/MazeGame_WG/Content/StarterContent/Textures/T_Lamp_M.uasset"
[2020.11.14-10.57.03:469][  0]LogPackFactory: Copied "../../../Samples/StarterContent/Content/StarterContent/Textures/T_Lamp_N.uasset" to "../../../../Projekty/MazeGame/MazeGame_WG/Content/StarterContent/Textures/T_Lamp_N.uasset"
[2020.11.14-10.57.03:495][  0]LogPackFactory: Copied "../../../Samples/StarterContent/Content/StarterContent/Textures/T_MacroVariation.uasset" to "../../../../Projekty/MazeGame/MazeGame_WG/Content/StarterContent/Textures/T_MacroVariation.uasset"
[2020.11.14-10.57.03:518][  0]LogPackFactory: Copied "../../../Samples/StarterContent/Content/StarterContent/Textures/T_Metal_Aluminum_D.uasset" to "../../../../Projekty/MazeGame/MazeGame_WG/Content/StarterContent/Textures/T_Metal_Aluminum_D.uasset"
[2020.11.14-10.57.03:539][  0]LogPackFactory: Copied "../../../Samples/StarterContent/Content/StarterContent/Textures/T_Metal_Copper_D.uasset" to "../../../../Projekty/MazeGame/MazeGame_WG/Content/StarterContent/Textures/T_Metal_Copper_D.uasset"
[2020.11.14-10.57.03:560][  0]LogPackFactory: Copied "../../../Samples/StarterContent/Content/StarterContent/Textures/T_Metal_Gold_D.uasset" to "../../../../Projekty/MazeGame/MazeGame_WG/Content/StarterContent/Textures/T_Metal_Gold_D.uasset"
[2020.11.14-10.57.03:570][  0]LogPackFactory: Copied "../../../Samples/StarterContent/Content/StarterContent/Textures/T_Metal_Gold_N.uasset" to "../../../../Projekty/MazeGame/MazeGame_WG/Content/StarterContent/Textures/T_Metal_Gold_N.uasset"
[2020.11.14-10.57.03:592][  0]LogPackFactory: Copied "../../../Samples/StarterContent/Content/StarterContent/Textures/T_Metal_Rust_D.uasset" to "../../../../Projekty/MazeGame/MazeGame_WG/Content/StarterContent/Textures/T_Metal_Rust_D.uasset"
[2020.11.14-10.57.03:611][  0]LogPackFactory: Copied "../../../Samples/StarterContent/Content/StarterContent/Textures/T_Metal_Rust_N.uasset" to "../../../../Projekty/MazeGame/MazeGame_WG/Content/StarterContent/Textures/T_Metal_Rust_N.uasset"
[2020.11.14-10.57.03:624][  0]LogPackFactory: Copied "../../../Samples/StarterContent/Content/StarterContent/Textures/T_Metal_Steel_D.uasset" to "../../../../Projekty/MazeGame/MazeGame_WG/Content/StarterContent/Textures/T_Metal_Steel_D.uasset"
[2020.11.14-10.57.03:638][  0]LogPackFactory: Copied "../../../Samples/StarterContent/Content/StarterContent/Textures/T_Metal_Steel_N.uasset" to "../../../../Projekty/MazeGame/MazeGame_WG/Content/StarterContent/Textures/T_Metal_Steel_N.uasset"
[2020.11.14-10.57.03:656][  0]LogPackFactory: Copied "../../../Samples/StarterContent/Content/StarterContent/Textures/T_Perlin_Noise_M.uasset" to "../../../../Projekty/MazeGame/MazeGame_WG/Content/StarterContent/Textures/T_Perlin_Noise_M.uasset"
[2020.11.14-10.57.03:665][  0]LogPackFactory: Copied "../../../Samples/StarterContent/Content/StarterContent/Textures/T_RockMesh_M.uasset" to "../../../../Projekty/MazeGame/MazeGame_WG/Content/StarterContent/Textures/T_RockMesh_M.uasset"
[2020.11.14-10.57.03:680][  0]LogPackFactory: Copied "../../../Samples/StarterContent/Content/StarterContent/Textures/T_RockMesh_N.uasset" to "../../../../Projekty/MazeGame/MazeGame_WG/Content/StarterContent/Textures/T_RockMesh_N.uasset"
[2020.11.14-10.57.03:701][  0]LogPackFactory: Copied "../../../Samples/StarterContent/Content/StarterContent/Textures/T_Rock_Basalt_D.uasset" to "../../../../Projekty/MazeGame/MazeGame_WG/Content/StarterContent/Textures/T_Rock_Basalt_D.uasset"
[2020.11.14-10.57.03:718][  0]LogPackFactory: Copied "../../../Samples/StarterContent/Content/StarterContent/Textures/T_Rock_Basalt_N.uasset" to "../../../../Projekty/MazeGame/MazeGame_WG/Content/StarterContent/Textures/T_Rock_Basalt_N.uasset"
[2020.11.14-10.57.03:731][  0]LogPackFactory: Copied "../../../Samples/StarterContent/Content/StarterContent/Textures/T_Rock_Marble_Polished_D.uasset" to "../../../../Projekty/MazeGame/MazeGame_WG/Content/StarterContent/Textures/T_Rock_Marble_Polished_D.uasset"
[2020.11.14-10.57.03:752][  0]LogPackFactory: Copied "../../../Samples/StarterContent/Content/StarterContent/Textures/T_Rock_Sandstone_D.uasset" to "../../../../Projekty/MazeGame/MazeGame_WG/Content/StarterContent/Textures/T_Rock_Sandstone_D.uasset"
[2020.11.14-10.57.03:774][  0]LogPackFactory: Copied "../../../Samples/StarterContent/Content/StarterContent/Textures/T_Rock_Sandstone_N.uasset" to "../../../../Projekty/MazeGame/MazeGame_WG/Content/StarterContent/Textures/T_Rock_Sandstone_N.uasset"
[2020.11.14-10.57.03:803][  0]LogPackFactory: Copied "../../../Samples/StarterContent/Content/StarterContent/Textures/T_Rock_Slate_D.uasset" to "../../../../Projekty/MazeGame/MazeGame_WG/Content/StarterContent/Textures/T_Rock_Slate_D.uasset"
[2020.11.14-10.57.03:828][  0]LogPackFactory: Copied "../../../Samples/StarterContent/Content/StarterContent/Textures/T_Rock_Slate_N.uasset" to "../../../../Projekty/MazeGame/MazeGame_WG/Content/StarterContent/Textures/T_Rock_Slate_N.uasset"
[2020.11.14-10.57.03:848][  0]LogPackFactory: Copied "../../../Samples/StarterContent/Content/StarterContent/Textures/T_Rock_Smooth_Granite_D.uasset" to "../../../../Projekty/MazeGame/MazeGame_WG/Content/StarterContent/Textures/T_Rock_Smooth_Granite_D.uasset"
[2020.11.14-10.57.03:851][  0]LogPackFactory: Copied "../../../Samples/StarterContent/Content/StarterContent/Textures/T_Shelf_M.uasset" to "../../../../Projekty/MazeGame/MazeGame_WG/Content/StarterContent/Textures/T_Shelf_M.uasset"
[2020.11.14-10.57.03:857][  0]LogPackFactory: Copied "../../../Samples/StarterContent/Content/StarterContent/Textures/T_Shelf_N.uasset" to "../../../../Projekty/MazeGame/MazeGame_WG/Content/StarterContent/Textures/T_Shelf_N.uasset"
[2020.11.14-10.57.03:858][  0]LogPackFactory: Copied "../../../Samples/StarterContent/Content/StarterContent/Textures/T_Single_Tile_N.uasset" to "../../../../Projekty/MazeGame/MazeGame_WG/Content/StarterContent/Textures/T_Single_Tile_N.uasset"
[2020.11.14-10.57.03:867][  0]LogPackFactory: Copied "../../../Samples/StarterContent/Content/StarterContent/Textures/T_Smoke_SubUV.uasset" to "../../../../Projekty/MazeGame/MazeGame_WG/Content/StarterContent/Textures/T_Smoke_SubUV.uasset"
[2020.11.14-10.57.03:868][  0]LogPackFactory: Copied "../../../Samples/StarterContent/Content/StarterContent/Textures/T_Smoke_Tiled_D.uasset" to "../../../../Projekty/MazeGame/MazeGame_WG/Content/StarterContent/Textures/T_Smoke_Tiled_D.uasset"
[2020.11.14-10.57.03:869][  0]LogPackFactory: Copied "../../../Samples/StarterContent/Content/StarterContent/Textures/T_Spark_Core.uasset" to "../../../../Projekty/MazeGame/MazeGame_WG/Content/StarterContent/Textures/T_Spark_Core.uasset"
[2020.11.14-10.57.03:872][  0]LogPackFactory: Copied "../../../Samples/StarterContent/Content/StarterContent/Textures/T_Statue_M.uasset" to "../../../../Projekty/MazeGame/MazeGame_WG/Content/StarterContent/Textures/T_Statue_M.uasset"
[2020.11.14-10.57.03:874][  0]LogPackFactory: Copied "../../../Samples/StarterContent/Content/StarterContent/Textures/T_Statue_N.uasset" to "../../../../Projekty/MazeGame/MazeGame_WG/Content/StarterContent/Textures/T_Statue_N.uasset"
[2020.11.14-10.57.03:878][  0]LogPackFactory: Copied "../../../Samples/StarterContent/Content/StarterContent/Textures/T_TableRound_M.uasset" to "../../../../Projekty/MazeGame/MazeGame_WG/Content/StarterContent/Textures/T_TableRound_M.uasset"
[2020.11.14-10.57.03:883][  0]LogPackFactory: Copied "../../../Samples/StarterContent/Content/StarterContent/Textures/T_TableRound_N.uasset" to "../../../../Projekty/MazeGame/MazeGame_WG/Content/StarterContent/Textures/T_TableRound_N.uasset"
[2020.11.14-10.57.03:884][  0]LogPackFactory: Copied "../../../Samples/StarterContent/Content/StarterContent/Textures/T_Tech_Dot_M.uasset" to "../../../../Projekty/MazeGame/MazeGame_WG/Content/StarterContent/Textures/T_Tech_Dot_M.uasset"
[2020.11.14-10.57.03:886][  0]LogPackFactory: Copied "../../../Samples/StarterContent/Content/StarterContent/Textures/T_Tech_Dot_N.uasset" to "../../../../Projekty/MazeGame/MazeGame_WG/Content/StarterContent/Textures/T_Tech_Dot_N.uasset"
[2020.11.14-10.57.03:890][  0]LogPackFactory: Copied "../../../Samples/StarterContent/Content/StarterContent/Textures/T_Tech_Hex_Tile_M.uasset" to "../../../../Projekty/MazeGame/MazeGame_WG/Content/StarterContent/Textures/T_Tech_Hex_Tile_M.uasset"
[2020.11.14-10.57.03:893][  0]LogPackFactory: Copied "../../../Samples/StarterContent/Content/StarterContent/Textures/T_Tech_Hex_Tile_N.uasset" to "../../../../Projekty/MazeGame/MazeGame_WG/Content/StarterContent/Textures/T_Tech_Hex_Tile_N.uasset"
[2020.11.14-10.57.03:896][  0]LogPackFactory: Copied "../../../Samples/StarterContent/Content/StarterContent/Textures/T_Tech_Panel_M.uasset" to "../../../../Projekty/MazeGame/MazeGame_WG/Content/StarterContent/Textures/T_Tech_Panel_M.uasset"
[2020.11.14-10.57.03:903][  0]LogPackFactory: Copied "../../../Samples/StarterContent/Content/StarterContent/Textures/T_Tech_Panel_N.uasset" to "../../../../Projekty/MazeGame/MazeGame_WG/Content/StarterContent/Textures/T_Tech_Panel_N.uasset"
[2020.11.14-10.57.03:909][  0]LogPackFactory: Copied "../../../Samples/StarterContent/Content/StarterContent/Textures/T_Water_M.uasset" to "../../../../Projekty/MazeGame/MazeGame_WG/Content/StarterContent/Textures/T_Water_M.uasset"
[2020.11.14-10.57.03:914][  0]LogPackFactory: Copied "../../../Samples/StarterContent/Content/StarterContent/Textures/T_Water_N.uasset" to "../../../../Projekty/MazeGame/MazeGame_WG/Content/StarterContent/Textures/T_Water_N.uasset"
[2020.11.14-10.57.03:928][  0]LogPackFactory: Copied "../../../Samples/StarterContent/Content/StarterContent/Textures/T_Wood_Floor_Walnut_D.uasset" to "../../../../Projekty/MazeGame/MazeGame_WG/Content/StarterContent/Textures/T_Wood_Floor_Walnut_D.uasset"
[2020.11.14-10.57.03:939][  0]LogPackFactory: Copied "../../../Samples/StarterContent/Content/StarterContent/Textures/T_Wood_Floor_Walnut_M.uasset" to "../../../../Projekty/MazeGame/MazeGame_WG/Content/StarterContent/Textures/T_Wood_Floor_Walnut_M.uasset"
[2020.11.14-10.57.03:950][  0]LogPackFactory: Copied "../../../Samples/StarterContent/Content/StarterContent/Textures/T_Wood_Floor_Walnut_N.uasset" to "../../../../Projekty/MazeGame/MazeGame_WG/Content/StarterContent/Textures/T_Wood_Floor_Walnut_N.uasset"
[2020.11.14-10.57.03:966][  0]LogPackFactory: Copied "../../../Samples/StarterContent/Content/StarterContent/Textures/T_Wood_Oak_D.uasset" to "../../../../Projekty/MazeGame/MazeGame_WG/Content/StarterContent/Textures/T_Wood_Oak_D.uasset"
[2020.11.14-10.57.03:981][  0]LogPackFactory: Copied "../../../Samples/StarterContent/Content/StarterContent/Textures/T_Wood_Oak_N.uasset" to "../../../../Projekty/MazeGame/MazeGame_WG/Content/StarterContent/Textures/T_Wood_Oak_N.uasset"
[2020.11.14-10.57.04:003][  0]LogPackFactory: Copied "../../../Samples/StarterContent/Content/StarterContent/Textures/T_Wood_Pine_D.uasset" to "../../../../Projekty/MazeGame/MazeGame_WG/Content/StarterContent/Textures/T_Wood_Pine_D.uasset"
[2020.11.14-10.57.04:013][  0]LogPackFactory: Copied "../../../Samples/StarterContent/Content/StarterContent/Textures/T_Wood_Pine_N.uasset" to "../../../../Projekty/MazeGame/MazeGame_WG/Content/StarterContent/Textures/T_Wood_Pine_N.uasset"
[2020.11.14-10.57.04:030][  0]LogPackFactory: Copied "../../../Samples/StarterContent/Content/StarterContent/Textures/T_Wood_Walnut_D.uasset" to "../../../../Projekty/MazeGame/MazeGame_WG/Content/StarterContent/Textures/T_Wood_Walnut_D.uasset"
[2020.11.14-10.57.04:041][  0]LogPackFactory: Copied "../../../Samples/StarterContent/Content/StarterContent/Textures/T_Wood_Walnut_N.uasset" to "../../../../Projekty/MazeGame/MazeGame_WG/Content/StarterContent/Textures/T_Wood_Walnut_N.uasset"
[2020.11.14-10.57.04:051][  0]LogStaticMesh: Building static mesh Floor_400x400...
[2020.11.14-10.57.04:052][  0]LogStaticMesh: Built static mesh [0.00s] /Game/StarterContent/Architecture/Floor_400x400.Floor_400x400
[2020.11.14-10.57.04:080][  0]LogRenderer: Reallocating scene render targets to support 256x256 Format 10 NumSamples 1 (Frame:1).
[2020.11.14-10.57.04:149][  0]Cmd: OBJ SAVEPACKAGE PACKAGE="/Game/StarterContent/Architecture/Floor_400x400" FILE="../../../../Projekty/MazeGame/MazeGame_WG/Content/StarterContent/Architecture/Floor_400x400.uasset" SILENT=true
[2020.11.14-10.57.04:159][  0]LogSavePackage: Moving '../../../../Projekty/MazeGame/MazeGame_WG/Saved/Floor_400x400720BE30048D97718A3F12C9B648B324F.tmp' to '../../../../Projekty/MazeGame/MazeGame_WG/Content/StarterContent/Architecture/Floor_400x400.uasset'
[2020.11.14-10.57.04:161][  0]LogFeaturePack: Warning: Inserted 1 feature packs
[2020.11.14-10.57.04:162][  0]Cmd: MAP LOAD FILE="../../../../Projekty/MazeGame/MazeGame_WG/Content/StarterContent/Maps/Minimal_Default.umap" TEMPLATE=0 SHOWPROGRESS=1 FEATURELEVEL=3
[2020.11.14-10.57.04:162][  0]LightingResults: New page: Lighting Build
[2020.11.14-10.57.04:164][  0]MapCheck: New page: Map Check
[2020.11.14-10.57.04:164][  0]LightingResults: New page: Lighting Build
[2020.11.14-10.57.04:499][  0]LogAIModule: Creating AISystem for world Minimal_Default
[2020.11.14-10.57.04:504][  0]LogEditorServer: Finished looking for orphan Actors (0.000 secs)
[2020.11.14-10.57.04:529][  0]Cmd: MAP CHECKDEP NOCLEARLOG
[2020.11.14-10.57.04:562][  0]MapCheck: Map check complete: 0 Error(s), 0 Warning(s), took 33,252ms to complete.
[2020.11.14-10.57.04:562][  0]LogFileHelpers: Loading map 'Minimal_Default' took 0.400
[2020.11.14-10.57.04:660][  0]LogSlate: Updating window title bar state: overlay mode, drag disabled, window buttons hidden, title bar hidden
[2020.11.14-10.57.04:668][  0]LogSlate: Updating window title bar state: overlay mode, drag disabled, window buttons hidden, title bar hidden
[2020.11.14-10.57.04:675][  0]LogSlate: Updating window title bar state: overlay mode, drag disabled, window buttons hidden, title bar hidden
[2020.11.14-10.57.04:680][  0]LogSlate: Updating window title bar state: overlay mode, drag disabled, window buttons hidden, title bar hidden
[2020.11.14-10.57.04:684][  0]LogCollectionManager: Loaded 0 collections in 0.000558 seconds
[2020.11.14-10.57.04:723][  0]LogFileCache: Scanning file cache for directory 'P:/Unreal/Projekty/MazeGame/MazeGame_WG/Saved/Collections/' took 0.01s
[2020.11.14-10.57.04:723][  0]LogFileCache: Scanning file cache for directory 'P:/Unreal/Projekty/MazeGame/MazeGame_WG/Content/Developers/Lotka/Collections/' took 0.01s
[2020.11.14-10.57.04:723][  0]LogFileCache: Scanning file cache for directory 'P:/Unreal/Projekty/MazeGame/MazeGame_WG/Content/Collections/' took 0.01s
[2020.11.14-10.57.04:723][  0]LogCollectionManager: Rebuilt the GUID cache for 0 collections in 0.000000 seconds
[2020.11.14-10.57.04:731][  0]LogContentBrowser: Native class hierarchy populated in 0.0071 seconds. Added 2572 classes and 603 folders.
[2020.11.14-10.57.04:734][  0]LogContentBrowser: Native class hierarchy updated for 'WidgetCarousel' in 0.0002 seconds. Added 0 classes and 0 folders.
[2020.11.14-10.57.04:828][  0]LogContentBrowser: Native class hierarchy updated for 'AddContentDialog' in 0.0002 seconds. Added 0 classes and 0 folders.
[2020.11.14-10.57.04:861][  0]LogContentBrowser: Native class hierarchy updated for 'SceneOutliner' in 0.0002 seconds. Added 1 classes and 2 folders.
[2020.11.14-10.57.04:874][  0]LogSlate: Took 0.000128 seconds to synchronously load lazily loaded font '../../../Engine/Content/Slate/Fonts/Roboto-Regular.ttf' (155K)
[2020.11.14-10.57.04:876][  0]LogSlate: Took 0.000117 seconds to synchronously load lazily loaded font '../../../Engine/Content/Slate/Fonts/Roboto-Bold.ttf' (160K)
[2020.11.14-10.57.04:881][  0]LogSlate: Took 0.001894 seconds to synchronously load lazily loaded font '../../../Engine/Content/Editor/Slate/Fonts/FontAwesome.ttf' (139K)
[2020.11.14-10.57.04:925][  0]LogRenderer: Reallocating scene render targets to support 964x436 Format 10 NumSamples 1 (Frame:1).
[2020.11.14-10.57.04:960][  0]LogSlate: Took 0.000151 seconds to synchronously load lazily loaded font '../../../Engine/Content/Slate/Fonts/Roboto-Light.ttf' (167K)
[2020.11.14-10.57.05:038][  0]LogSlate: FSceneViewport::OnFocusLost() reason 2
[2020.11.14-10.57.05:060][  0]LogSlate: Window 'Tutorials' being destroyed
[2020.11.14-10.57.05:093][  0]LogContentBrowser: Native class hierarchy updated for 'HierarchicalLODOutliner' in 0.0002 seconds. Added 0 classes and 0 folders.
[2020.11.14-10.57.05:093][  0]LogLoad: (Engine Initialization) Total time: 8.52 seconds
[2020.11.14-10.57.05:093][  0]LogLoad: (Engine Initialization) Total Blueprint compile time: 0.00 seconds
[2020.11.14-10.57.05:184][  0]LogContentStreaming: Texture pool size now 1000 MB
[2020.11.14-10.57.05:290][  3]LogAssetRegistry: Asset discovery search completed in 5.8608 seconds
[2020.11.14-10.57.05:292][  3]LogCollectionManager: Rebuilt the object cache for 0 collections in 0.000000 seconds (found 0 objects)
[2020.11.14-10.57.05:292][  3]LogCollectionManager: Fixed up redirectors for 0 collections in 0.000052 seconds (updated 0 objects)
